{"contracts/governance/aragon/AragonGovernancePortal.sol":{"l":{"42":0,"70":0,"71":0,"82":0,"83":0},"path":"/home/alex/projects/stability-labs/mstable/mstable-contracts/contracts/governance/aragon/AragonGovernancePortal.sol","s":{"1":0,"2":0,"3":0,"4":0,"5":0},"b":{},"f":{"1":0,"2":0,"3":0},"fnMap":{"1":{"name":"constructor","line":35,"loc":{"start":{"line":35,"column":4},"end":{"line":41,"column":5}}},"2":{"name":"proposeVote","line":51,"loc":{"start":{"line":51,"column":4},"end":{"line":53,"column":30}}},"3":{"name":"castVote","line":80,"loc":{"start":{"line":80,"column":4},"end":{"line":81,"column":12}}}},"statementMap":{"1":{"start":{"line":42,"column":8},"end":{"line":42,"column":53}},"2":{"start":{"line":70,"column":8},"end":{"line":70,"column":45}},"3":{"start":{"line":71,"column":8},"end":{"line":71,"column":41}},"4":{"start":{"line":82,"column":8},"end":{"line":82,"column":49}},"5":{"start":{"line":83,"column":8},"end":{"line":83,"column":53}}},"branchMap":{}},"contracts/governance/GovernancePortal.sol":{"l":{},"path":"/home/alex/projects/stability-labs/mstable/mstable-contracts/contracts/governance/GovernancePortal.sol","s":{},"b":{},"f":{"1":6},"fnMap":{"1":{"name":"constructor","line":16,"loc":{"start":{"line":16,"column":4},"end":{"line":24,"column":5}}}},"statementMap":{},"branchMap":{}},"contracts/governance/GovernancePortalModule.sol":{"l":{"28":0,"29":0,"39":24,"40":4,"42":24},"path":"/home/alex/projects/stability-labs/mstable/mstable-contracts/contracts/governance/GovernancePortalModule.sol","s":{"1":0,"2":24,"3":4,"4":24},"b":{"1":[0,0],"2":[4,20]},"f":{"1":6,"2":0,"3":24},"fnMap":{"1":{"name":"constructor","line":24,"loc":{"start":{"line":24,"column":4},"end":{"line":24,"column":50}}},"2":{"name":"onlyManager","line":27,"loc":{"start":{"line":27,"column":4},"end":{"line":27,"column":24}}},"3":{"name":"_internalUpdateModule","line":37,"loc":{"start":{"line":37,"column":4},"end":{"line":38,"column":14}}}},"statementMap":{"1":{"start":{"line":28,"column":8},"end":{"line":28,"column":86}},"2":{"start":{"line":39,"column":8},"end":{"line":39,"column":1146}},"3":{"start":{"line":40,"column":12},"end":{"line":40,"column":42}},"4":{"start":{"line":42,"column":8},"end":{"line":42,"column":47}}},"branchMap":{"1":{"line":28,"type":"if","locations":[{"start":{"line":28,"column":8},"end":{"line":28,"column":8}},{"start":{"line":28,"column":8},"end":{"line":28,"column":8}}]},"2":{"line":39,"type":"if","locations":[{"start":{"line":39,"column":8},"end":{"line":39,"column":8}},{"start":{"line":39,"column":8},"end":{"line":39,"column":8}}]}}},"contracts/governance/MultiSigWallet.sol":{"l":{"50":0,"51":0,"55":0,"56":0,"60":28,"61":28,"65":14,"66":14,"70":14,"71":14,"75":14,"76":14,"80":14,"81":14,"85":14,"86":14,"90":6,"94":6,"102":0,"103":0,"116":6,"117":30,"118":30,"120":6,"121":6,"133":0,"134":0,"135":0,"145":0,"146":0,"147":0,"148":0,"149":0,"151":0,"152":0,"153":0,"154":0,"166":0,"167":0,"168":0,"169":0,"171":0,"172":0,"173":0,"174":0,"184":0,"185":0,"197":14,"198":14,"209":14,"210":14,"211":14,"222":0,"223":0,"234":14,"235":14,"236":14,"237":14,"238":14,"240":0,"241":0,"249":14,"251":14,"266":14,"277":14,"278":14,"279":28,"280":14,"281":28,"282":14,"299":14,"300":14,"306":14,"307":14,"321":0,"322":0,"323":0,"336":0,"337":0,"339":0,"349":0,"360":0,"361":0,"362":0,"363":0,"364":0,"365":0,"366":0,"368":0,"369":0,"370":0,"384":0,"385":0,"386":0,"387":0,"388":0,"391":0,"392":0,"394":0,"395":0,"396":0},"path":"/home/alex/projects/stability-labs/mstable/mstable-contracts/contracts/governance/MultiSigWallet.sol","s":{"1":0,"2":0,"3":28,"4":14,"5":14,"6":14,"7":14,"8":14,"9":6,"10":0,"11":0,"12":6,"13":30,"14":30,"15":6,"16":6,"17":0,"18":0,"19":0,"20":0,"21":0,"22":0,"23":0,"24":0,"25":0,"26":0,"27":0,"28":0,"29":0,"30":0,"31":0,"32":0,"33":0,"34":0,"35":0,"36":0,"37":14,"38":14,"39":14,"40":14,"41":14,"42":0,"43":0,"44":14,"45":14,"46":14,"47":14,"48":14,"49":0,"50":0,"51":14,"52":14,"53":14,"54":14,"55":28,"56":14,"57":28,"58":14,"59":14,"60":14,"61":14,"62":14,"63":0,"64":0,"65":0,"66":0,"67":0,"68":0,"69":0,"70":0,"71":0,"72":0,"73":0,"74":0,"75":0,"76":0,"77":0,"78":0,"79":0,"80":0,"81":0,"82":0,"83":0,"84":0,"85":0,"86":0,"87":0,"88":0,"89":0},"b":{"1":[0,0],"2":[0,0],"3":[28,0],"4":[14,0],"5":[14,0],"6":[14,0],"7":[14,0],"8":[14,0],"9":[6,0],"10":[0,0],"11":[30,0],"12":[0,0],"13":[0,0],"14":[0,0],"15":[14,0],"16":[14,0],"17":[14,14],"18":[14,14],"19":[0,0],"20":[0,0],"21":[0,0],"22":[0,0]},"f":{"1":0,"2":0,"3":28,"4":14,"5":14,"6":14,"7":14,"8":14,"9":6,"10":0,"11":6,"12":0,"13":0,"14":0,"15":0,"16":14,"17":14,"18":0,"19":14,"20":14,"21":14,"22":14,"23":0,"24":0,"25":0,"26":0,"27":0},"fnMap":{"1":{"name":"onlyWallet","line":49,"loc":{"start":{"line":49,"column":4},"end":{"line":49,"column":23}}},"2":{"name":"ownerDoesNotExist","line":54,"loc":{"start":{"line":54,"column":4},"end":{"line":54,"column":43}}},"3":{"name":"ownerExists","line":59,"loc":{"start":{"line":59,"column":4},"end":{"line":59,"column":37}}},"4":{"name":"transactionExists","line":64,"loc":{"start":{"line":64,"column":4},"end":{"line":64,"column":48}}},"5":{"name":"confirmed","line":69,"loc":{"start":{"line":69,"column":4},"end":{"line":69,"column":55}}},"6":{"name":"notConfirmed","line":74,"loc":{"start":{"line":74,"column":4},"end":{"line":74,"column":58}}},"7":{"name":"notExecuted","line":79,"loc":{"start":{"line":79,"column":4},"end":{"line":79,"column":42}}},"8":{"name":"notNull","line":84,"loc":{"start":{"line":84,"column":4},"end":{"line":84,"column":36}}},"9":{"name":"validRequirement","line":89,"loc":{"start":{"line":89,"column":4},"end":{"line":89,"column":60}}},"10":{"name":"","line":98,"loc":{"start":{"line":98,"column":4},"end":{"line":101,"column":5}}},"11":{"name":"constructor","line":112,"loc":{"start":{"line":112,"column":4},"end":{"line":115,"column":5}}},"12":{"name":"addOwner","line":126,"loc":{"start":{"line":126,"column":4},"end":{"line":132,"column":5}}},"13":{"name":"removeOwner","line":140,"loc":{"start":{"line":140,"column":4},"end":{"line":144,"column":5}}},"14":{"name":"replaceOwner","line":160,"loc":{"start":{"line":160,"column":4},"end":{"line":165,"column":5}}},"15":{"name":"changeRequirement","line":179,"loc":{"start":{"line":179,"column":4},"end":{"line":183,"column":5}}},"16":{"name":"submitTransaction","line":193,"loc":{"start":{"line":193,"column":4},"end":{"line":196,"column":5}}},"17":{"name":"confirmTransaction","line":203,"loc":{"start":{"line":203,"column":4},"end":{"line":208,"column":5}}},"18":{"name":"revokeConfirmation","line":216,"loc":{"start":{"line":216,"column":4},"end":{"line":221,"column":5}}},"19":{"name":"executeTransaction","line":228,"loc":{"start":{"line":228,"column":4},"end":{"line":233,"column":5}}},"20":{"name":"external_call","line":248,"loc":{"start":{"line":248,"column":4},"end":{"line":248,"column":117}}},"21":{"name":"isConfirmed","line":272,"loc":{"start":{"line":272,"column":4},"end":{"line":276,"column":5}}},"22":{"name":"addTransaction","line":294,"loc":{"start":{"line":294,"column":4},"end":{"line":298,"column":5}}},"23":{"name":"getConfirmationCount","line":316,"loc":{"start":{"line":316,"column":4},"end":{"line":320,"column":5}}},"24":{"name":"getTransactionCount","line":331,"loc":{"start":{"line":331,"column":4},"end":{"line":335,"column":5}}},"25":{"name":"getOwners","line":344,"loc":{"start":{"line":344,"column":4},"end":{"line":348,"column":5}}},"26":{"name":"getConfirmations","line":355,"loc":{"start":{"line":355,"column":4},"end":{"line":359,"column":5}}},"27":{"name":"getTransactionIds","line":379,"loc":{"start":{"line":379,"column":4},"end":{"line":383,"column":5}}}},"statementMap":{"1":{"start":{"line":50,"column":8},"end":{"line":50,"column":67}},"2":{"start":{"line":55,"column":8},"end":{"line":55,"column":55}},"3":{"start":{"line":60,"column":8},"end":{"line":60,"column":50}},"4":{"start":{"line":65,"column":8},"end":{"line":65,"column":86}},"5":{"start":{"line":70,"column":8},"end":{"line":70,"column":72}},"6":{"start":{"line":75,"column":8},"end":{"line":75,"column":77}},"7":{"start":{"line":80,"column":8},"end":{"line":80,"column":77}},"8":{"start":{"line":85,"column":8},"end":{"line":85,"column":63}},"9":{"start":{"line":90,"column":8},"end":{"line":90,"column":2651}},"10":{"start":{"line":102,"column":8},"end":{"line":102,"column":2944}},"11":{"start":{"line":103,"column":12},"end":{"line":103,"column":47}},"12":{"start":{"line":116,"column":8},"end":{"line":116,"column":3356}},"13":{"start":{"line":117,"column":12},"end":{"line":117,"column":91}},"14":{"start":{"line":118,"column":12},"end":{"line":118,"column":37}},"15":{"start":{"line":120,"column":8},"end":{"line":120,"column":23}},"16":{"start":{"line":121,"column":8},"end":{"line":121,"column":27}},"17":{"start":{"line":133,"column":8},"end":{"line":133,"column":28}},"18":{"start":{"line":134,"column":8},"end":{"line":134,"column":25}},"19":{"start":{"line":135,"column":8},"end":{"line":135,"column":33}},"20":{"start":{"line":145,"column":8},"end":{"line":145,"column":29}},"21":{"start":{"line":146,"column":8},"end":{"line":146,"column":4284}},"22":{"start":{"line":147,"column":12},"end":{"line":147,"column":4337}},"23":{"start":{"line":148,"column":16},"end":{"line":148,"column":52}},"24":{"start":{"line":151,"column":8},"end":{"line":151,"column":25}},"25":{"start":{"line":152,"column":8},"end":{"line":152,"column":4523}},"26":{"start":{"line":153,"column":12},"end":{"line":153,"column":43}},"27":{"start":{"line":154,"column":8},"end":{"line":154,"column":32}},"28":{"start":{"line":166,"column":8},"end":{"line":166,"column":4974}},"29":{"start":{"line":167,"column":12},"end":{"line":167,"column":5027}},"30":{"start":{"line":168,"column":16},"end":{"line":168,"column":35}},"31":{"start":{"line":171,"column":8},"end":{"line":171,"column":29}},"32":{"start":{"line":172,"column":8},"end":{"line":172,"column":31}},"33":{"start":{"line":173,"column":8},"end":{"line":173,"column":32}},"34":{"start":{"line":174,"column":8},"end":{"line":174,"column":36}},"35":{"start":{"line":184,"column":8},"end":{"line":184,"column":27}},"36":{"start":{"line":185,"column":8},"end":{"line":185,"column":41}},"37":{"start":{"line":197,"column":8},"end":{"line":197,"column":63}},"38":{"start":{"line":198,"column":8},"end":{"line":198,"column":40}},"39":{"start":{"line":209,"column":8},"end":{"line":209,"column":54}},"40":{"start":{"line":210,"column":8},"end":{"line":210,"column":52}},"41":{"start":{"line":211,"column":8},"end":{"line":211,"column":40}},"42":{"start":{"line":222,"column":8},"end":{"line":222,"column":55}},"43":{"start":{"line":223,"column":8},"end":{"line":223,"column":50}},"44":{"start":{"line":234,"column":8},"end":{"line":234,"column":7338}},"45":{"start":{"line":235,"column":12},"end":{"line":235,"column":65}},"46":{"start":{"line":236,"column":12},"end":{"line":236,"column":30}},"47":{"start":{"line":237,"column":12},"end":{"line":237,"column":7488}},"48":{"start":{"line":238,"column":16},"end":{"line":238,"column":45}},"49":{"start":{"line":240,"column":16},"end":{"line":240,"column":52}},"50":{"start":{"line":241,"column":16},"end":{"line":241,"column":35}},"51":{"start":{"line":249,"column":8},"end":{"line":249,"column":19}},"52":{"start":{"line":266,"column":8},"end":{"line":266,"column":21}},"53":{"start":{"line":277,"column":8},"end":{"line":277,"column":22}},"54":{"start":{"line":278,"column":8},"end":{"line":278,"column":9380}},"55":{"start":{"line":279,"column":12},"end":{"line":279,"column":9453}},"56":{"start":{"line":280,"column":16},"end":{"line":280,"column":25}},"57":{"start":{"line":281,"column":12},"end":{"line":281,"column":9539}},"58":{"start":{"line":282,"column":16},"end":{"line":282,"column":27}},"59":{"start":{"line":299,"column":8},"end":{"line":299,"column":39}},"60":{"start":{"line":300,"column":8},"end":{"line":300,"column":10136}},"61":{"start":{"line":306,"column":8},"end":{"line":306,"column":28}},"62":{"start":{"line":307,"column":8},"end":{"line":307,"column":38}},"63":{"start":{"line":321,"column":8},"end":{"line":321,"column":10705}},"64":{"start":{"line":322,"column":12},"end":{"line":322,"column":10758}},"65":{"start":{"line":323,"column":16},"end":{"line":323,"column":25}},"66":{"start":{"line":336,"column":8},"end":{"line":336,"column":11257}},"67":{"start":{"line":337,"column":12},"end":{"line":337,"column":11313}},"68":{"start":{"line":339,"column":16},"end":{"line":339,"column":25}},"69":{"start":{"line":349,"column":8},"end":{"line":349,"column":21}},"70":{"start":{"line":360,"column":8},"end":{"line":360,"column":73}},"71":{"start":{"line":361,"column":8},"end":{"line":361,"column":22}},"72":{"start":{"line":362,"column":8},"end":{"line":362,"column":14}},"73":{"start":{"line":363,"column":8},"end":{"line":363,"column":12067}},"74":{"start":{"line":364,"column":12},"end":{"line":364,"column":12115}},"75":{"start":{"line":365,"column":16},"end":{"line":365,"column":51}},"76":{"start":{"line":366,"column":16},"end":{"line":366,"column":25}},"77":{"start":{"line":368,"column":8},"end":{"line":368,"column":44}},"78":{"start":{"line":369,"column":8},"end":{"line":369,"column":12353}},"79":{"start":{"line":370,"column":12},"end":{"line":370,"column":51}},"80":{"start":{"line":384,"column":8},"end":{"line":384,"column":71}},"81":{"start":{"line":385,"column":8},"end":{"line":385,"column":22}},"82":{"start":{"line":386,"column":8},"end":{"line":386,"column":14}},"83":{"start":{"line":387,"column":8},"end":{"line":387,"column":13028}},"84":{"start":{"line":388,"column":12},"end":{"line":388,"column":13079}},"85":{"start":{"line":391,"column":16},"end":{"line":391,"column":44}},"86":{"start":{"line":392,"column":16},"end":{"line":392,"column":25}},"87":{"start":{"line":394,"column":8},"end":{"line":394,"column":46}},"88":{"start":{"line":395,"column":8},"end":{"line":395,"column":13389}},"89":{"start":{"line":396,"column":12},"end":{"line":396,"column":60}}},"branchMap":{"1":{"line":50,"type":"if","locations":[{"start":{"line":50,"column":8},"end":{"line":50,"column":8}},{"start":{"line":50,"column":8},"end":{"line":50,"column":8}}]},"2":{"line":55,"type":"if","locations":[{"start":{"line":55,"column":8},"end":{"line":55,"column":8}},{"start":{"line":55,"column":8},"end":{"line":55,"column":8}}]},"3":{"line":60,"type":"if","locations":[{"start":{"line":60,"column":8},"end":{"line":60,"column":8}},{"start":{"line":60,"column":8},"end":{"line":60,"column":8}}]},"4":{"line":65,"type":"if","locations":[{"start":{"line":65,"column":8},"end":{"line":65,"column":8}},{"start":{"line":65,"column":8},"end":{"line":65,"column":8}}]},"5":{"line":70,"type":"if","locations":[{"start":{"line":70,"column":8},"end":{"line":70,"column":8}},{"start":{"line":70,"column":8},"end":{"line":70,"column":8}}]},"6":{"line":75,"type":"if","locations":[{"start":{"line":75,"column":8},"end":{"line":75,"column":8}},{"start":{"line":75,"column":8},"end":{"line":75,"column":8}}]},"7":{"line":80,"type":"if","locations":[{"start":{"line":80,"column":8},"end":{"line":80,"column":8}},{"start":{"line":80,"column":8},"end":{"line":80,"column":8}}]},"8":{"line":85,"type":"if","locations":[{"start":{"line":85,"column":8},"end":{"line":85,"column":8}},{"start":{"line":85,"column":8},"end":{"line":85,"column":8}}]},"9":{"line":90,"type":"if","locations":[{"start":{"line":90,"column":8},"end":{"line":90,"column":8}},{"start":{"line":90,"column":8},"end":{"line":90,"column":8}}]},"10":{"line":102,"type":"if","locations":[{"start":{"line":102,"column":8},"end":{"line":102,"column":8}},{"start":{"line":102,"column":8},"end":{"line":102,"column":8}}]},"11":{"line":117,"type":"if","locations":[{"start":{"line":117,"column":12},"end":{"line":117,"column":12}},{"start":{"line":117,"column":12},"end":{"line":117,"column":12}}]},"12":{"line":147,"type":"if","locations":[{"start":{"line":147,"column":12},"end":{"line":147,"column":12}},{"start":{"line":147,"column":12},"end":{"line":147,"column":12}}]},"13":{"line":152,"type":"if","locations":[{"start":{"line":152,"column":8},"end":{"line":152,"column":8}},{"start":{"line":152,"column":8},"end":{"line":152,"column":8}}]},"14":{"line":167,"type":"if","locations":[{"start":{"line":167,"column":12},"end":{"line":167,"column":12}},{"start":{"line":167,"column":12},"end":{"line":167,"column":12}}]},"15":{"line":234,"type":"if","locations":[{"start":{"line":234,"column":8},"end":{"line":234,"column":8}},{"start":{"line":234,"column":8},"end":{"line":234,"column":8}}]},"16":{"line":237,"type":"if","locations":[{"start":{"line":237,"column":12},"end":{"line":237,"column":12}},{"start":{"line":237,"column":12},"end":{"line":237,"column":12}}]},"17":{"line":279,"type":"if","locations":[{"start":{"line":279,"column":12},"end":{"line":279,"column":12}},{"start":{"line":279,"column":12},"end":{"line":279,"column":12}}]},"18":{"line":281,"type":"if","locations":[{"start":{"line":281,"column":12},"end":{"line":281,"column":12}},{"start":{"line":281,"column":12},"end":{"line":281,"column":12}}]},"19":{"line":322,"type":"if","locations":[{"start":{"line":322,"column":12},"end":{"line":322,"column":12}},{"start":{"line":322,"column":12},"end":{"line":322,"column":12}}]},"20":{"line":337,"type":"if","locations":[{"start":{"line":337,"column":12},"end":{"line":337,"column":12}},{"start":{"line":337,"column":12},"end":{"line":337,"column":12}}]},"21":{"line":364,"type":"if","locations":[{"start":{"line":364,"column":12},"end":{"line":364,"column":12}},{"start":{"line":364,"column":12},"end":{"line":364,"column":12}}]},"22":{"line":388,"type":"if","locations":[{"start":{"line":388,"column":12},"end":{"line":388,"column":12}},{"start":{"line":388,"column":12},"end":{"line":388,"column":12}}]}}},"contracts/manager/Manager.sol":{"l":{"49":6,"50":6,"51":6,"52":6,"67":0,"68":0,"69":0,"70":0},"path":"/home/alex/projects/stability-labs/mstable/mstable-contracts/contracts/manager/Manager.sol","s":{"1":6,"2":6,"3":6,"4":6,"5":0,"6":0,"7":0,"8":0},"b":{},"f":{"1":6,"2":0},"fnMap":{"1":{"name":"constructor","line":39,"loc":{"start":{"line":39,"column":4},"end":{"line":48,"column":5}}},"2":{"name":"upgradeForgeLib","line":64,"loc":{"start":{"line":64,"column":4},"end":{"line":66,"column":20}}}},"statementMap":{"1":{"start":{"line":49,"column":8},"end":{"line":49,"column":31}},"2":{"start":{"line":50,"column":8},"end":{"line":50,"column":23}},"3":{"start":{"line":51,"column":8},"end":{"line":51,"column":29}},"4":{"start":{"line":52,"column":8},"end":{"line":52,"column":27}},"5":{"start":{"line":67,"column":8},"end":{"line":67,"column":48}},"6":{"start":{"line":68,"column":8},"end":{"line":68,"column":2014}},"7":{"start":{"line":69,"column":12},"end":{"line":69,"column":53}},"8":{"start":{"line":70,"column":12},"end":{"line":70,"column":51}}},"branchMap":{}},"contracts/manager/ManagerModule.sol":{"l":{"39":24,"41":24,"42":6,"44":6,"45":6,"46":0,"47":0,"51":24,"52":0,"53":0,"54":0,"55":0,"59":24,"60":6},"path":"/home/alex/projects/stability-labs/mstable/mstable-contracts/contracts/manager/ManagerModule.sol","s":{"1":24,"2":24,"3":6,"4":6,"5":6,"6":0,"7":0,"8":24,"9":0,"10":0,"11":0,"12":0,"13":24,"14":6},"b":{"1":[6,18],"2":[0,24],"3":[6,18]},"f":{"1":6,"2":24},"fnMap":{"1":{"name":"constructor","line":29,"loc":{"start":{"line":29,"column":4},"end":{"line":29,"column":50}}},"2":{"name":"_internalUpdateModule","line":37,"loc":{"start":{"line":37,"column":4},"end":{"line":38,"column":14}}}},"statementMap":{"1":{"start":{"line":39,"column":8},"end":{"line":39,"column":45}},"2":{"start":{"line":41,"column":8},"end":{"line":41,"column":1168}},"3":{"start":{"line":42,"column":12},"end":{"line":42,"column":54}},"4":{"start":{"line":44,"column":12},"end":{"line":44,"column":51}},"5":{"start":{"line":45,"column":12},"end":{"line":45,"column":1325}},"6":{"start":{"line":46,"column":16},"end":{"line":46,"column":56}},"7":{"start":{"line":47,"column":16},"end":{"line":47,"column":52}},"8":{"start":{"line":51,"column":8},"end":{"line":51,"column":1513}},"9":{"start":{"line":52,"column":12},"end":{"line":52,"column":51}},"10":{"start":{"line":53,"column":12},"end":{"line":53,"column":1609}},"11":{"start":{"line":54,"column":16},"end":{"line":54,"column":56}},"12":{"start":{"line":55,"column":16},"end":{"line":55,"column":59}},"13":{"start":{"line":59,"column":8},"end":{"line":59,"column":1804}},"14":{"start":{"line":60,"column":12},"end":{"line":60,"column":46}}},"branchMap":{"1":{"line":41,"type":"if","locations":[{"start":{"line":41,"column":8},"end":{"line":41,"column":8}},{"start":{"line":41,"column":8},"end":{"line":41,"column":8}}]},"2":{"line":51,"type":"if","locations":[{"start":{"line":51,"column":8},"end":{"line":51,"column":8}},{"start":{"line":51,"column":8},"end":{"line":51,"column":8}}]},"3":{"line":59,"type":"if","locations":[{"start":{"line":59,"column":8},"end":{"line":59,"column":8}},{"start":{"line":59,"column":8},"end":{"line":59,"column":8}}]}}},"contracts/manager/ManagerPortal.sol":{"l":{"23":8,"38":0,"41":0,"44":0,"45":0,"46":0,"50":0,"62":0,"74":0,"75":0,"76":0,"77":0,"91":0,"93":0},"path":"/home/alex/projects/stability-labs/mstable/mstable-contracts/contracts/manager/ManagerPortal.sol","s":{"1":8,"2":0,"3":0,"4":0,"5":0,"6":0,"7":0,"8":0,"9":0,"10":0,"11":0,"12":0,"13":0,"14":0},"b":{"1":[0,0],"2":[0,0],"3":[0,0],"4":[0,0]},"f":{"1":8,"2":0,"3":0,"4":0,"5":0},"fnMap":{"1":{"name":"getModuleAddresses","line":19,"loc":{"start":{"line":19,"column":4},"end":{"line":22,"column":40}}},"2":{"name":"getMassetPrice","line":33,"loc":{"start":{"line":33,"column":4},"end":{"line":36,"column":55}}},"3":{"name":"getSystokPrice","line":58,"loc":{"start":{"line":58,"column":4},"end":{"line":61,"column":22}}},"4":{"name":"_mustGetPriceFromOracle","line":70,"loc":{"start":{"line":70,"column":4},"end":{"line":73,"column":22}}},"5":{"name":"_getPriceFromOracle","line":86,"loc":{"start":{"line":86,"column":4},"end":{"line":89,"column":28}}}},"statementMap":{"1":{"start":{"line":23,"column":8},"end":{"line":23,"column":72}},"2":{"start":{"line":38,"column":8},"end":{"line":38,"column":40}},"3":{"start":{"line":41,"column":8},"end":{"line":41,"column":109}},"4":{"start":{"line":44,"column":8},"end":{"line":44,"column":60}},"5":{"start":{"line":45,"column":8},"end":{"line":45,"column":1475}},"6":{"start":{"line":46,"column":10},"end":{"line":46,"column":79}},"7":{"start":{"line":50,"column":8},"end":{"line":50,"column":51}},"8":{"start":{"line":62,"column":8},"end":{"line":62,"column":57}},"9":{"start":{"line":74,"column":8},"end":{"line":74,"column":65}},"10":{"start":{"line":75,"column":8},"end":{"line":75,"column":55}},"11":{"start":{"line":76,"column":8},"end":{"line":76,"column":56}},"12":{"start":{"line":77,"column":8},"end":{"line":77,"column":20}},"13":{"start":{"line":91,"column":8},"end":{"line":91,"column":64}},"14":{"start":{"line":93,"column":8},"end":{"line":93,"column":38}}},"branchMap":{"1":{"line":44,"type":"if","locations":[{"start":{"line":44,"column":8},"end":{"line":44,"column":8}},{"start":{"line":44,"column":8},"end":{"line":44,"column":8}}]},"2":{"line":46,"type":"if","locations":[{"start":{"line":46,"column":10},"end":{"line":46,"column":10}},{"start":{"line":46,"column":10},"end":{"line":46,"column":10}}]},"3":{"line":75,"type":"if","locations":[{"start":{"line":75,"column":8},"end":{"line":75,"column":8}},{"start":{"line":75,"column":8},"end":{"line":75,"column":8}}]},"4":{"line":76,"type":"if","locations":[{"start":{"line":76,"column":8},"end":{"line":76,"column":8}},{"start":{"line":76,"column":8},"end":{"line":76,"column":8}}]}}},"contracts/manager/ManagerState.sol":{"l":{"43":1,"44":1,"55":2},"path":"/home/alex/projects/stability-labs/mstable/mstable-contracts/contracts/manager/ManagerState.sol","s":{"1":1,"2":2},"b":{"1":[1,0]},"f":{"1":1,"2":2},"fnMap":{"1":{"name":"onlyGovernance","line":42,"loc":{"start":{"line":42,"column":4},"end":{"line":42,"column":27}}},"2":{"name":"getMassets","line":51,"loc":{"start":{"line":51,"column":4},"end":{"line":54,"column":59}}}},"statementMap":{"1":{"start":{"line":43,"column":8},"end":{"line":43,"column":70}},"2":{"start":{"line":55,"column":8},"end":{"line":55,"column":47}}},"branchMap":{"1":{"line":43,"type":"if","locations":[{"start":{"line":43,"column":8},"end":{"line":43,"column":8}},{"start":{"line":43,"column":8},"end":{"line":43,"column":8}}]}}},"contracts/manager/MassetFactory.sol":{"l":{"39":1,"41":1,"43":1,"44":1,"57":0,"58":0,"59":0,"61":0,"63":0},"path":"/home/alex/projects/stability-labs/mstable/mstable-contracts/contracts/manager/MassetFactory.sol","s":{"1":1,"2":1,"3":1,"4":1,"5":0,"6":0,"7":0,"8":0,"9":0},"b":{"1":[1,0],"2":[0,0],"3":[0,0]},"f":{"1":1,"2":0},"fnMap":{"1":{"name":"addMasset","line":31,"loc":{"start":{"line":31,"column":4},"end":{"line":38,"column":5}}},"2":{"name":"ejectMasset","line":51,"loc":{"start":{"line":51,"column":4},"end":{"line":56,"column":5}}}},"statementMap":{"1":{"start":{"line":39,"column":8},"end":{"line":39,"column":83}},"2":{"start":{"line":41,"column":8},"end":{"line":41,"column":39}},"3":{"start":{"line":43,"column":8},"end":{"line":43,"column":45}},"4":{"start":{"line":44,"column":8},"end":{"line":44,"column":22}},"5":{"start":{"line":57,"column":8},"end":{"line":57,"column":83}},"6":{"start":{"line":58,"column":8},"end":{"line":58,"column":42}},"7":{"start":{"line":59,"column":8},"end":{"line":59,"column":81}},"8":{"start":{"line":61,"column":8},"end":{"line":61,"column":30}},"9":{"start":{"line":63,"column":8},"end":{"line":63,"column":40}}},"branchMap":{"1":{"line":39,"type":"if","locations":[{"start":{"line":39,"column":8},"end":{"line":39,"column":8}},{"start":{"line":39,"column":8},"end":{"line":39,"column":8}}]},"2":{"line":57,"type":"if","locations":[{"start":{"line":57,"column":8},"end":{"line":57,"column":8}},{"start":{"line":57,"column":8},"end":{"line":57,"column":8}}]},"3":{"line":59,"type":"if","locations":[{"start":{"line":59,"column":8},"end":{"line":59,"column":8}},{"start":{"line":59,"column":8},"end":{"line":59,"column":8}}]}}},"contracts/masset/libs/ForgeLib.sol":{"l":{"23":1,"26":1,"30":1,"32":1,"34":1,"36":1,"45":1,"46":1,"49":1,"50":1,"51":1,"53":1,"55":2,"56":2,"57":2,"59":2,"61":2,"63":2,"66":1,"68":2,"70":2,"82":0,"83":0,"85":0,"86":0,"87":0,"90":0,"91":0,"92":0,"93":0,"94":0,"96":0,"99":0,"100":0,"102":0,"103":0,"105":0,"106":0,"110":0,"112":0,"114":0,"117":0,"118":0,"119":0,"120":0,"124":0,"125":0,"128":0,"137":0,"138":0,"139":0,"140":0,"141":0,"144":0,"163":0,"165":0,"166":0,"167":0,"170":0,"171":0,"173":0,"174":0,"175":0,"176":0,"178":0,"179":0,"180":0,"183":0,"186":0,"198":0,"200":0,"201":0,"203":0},"path":"/home/alex/projects/stability-labs/mstable/mstable-contracts/contracts/masset/libs/ForgeLib.sol","s":{"1":1,"2":1,"3":1,"4":1,"5":1,"6":1,"7":1,"8":1,"9":1,"10":1,"11":1,"12":1,"13":2,"14":2,"15":2,"16":2,"17":2,"18":2,"19":1,"20":2,"21":2,"22":0,"23":0,"24":0,"25":0,"26":0,"27":0,"28":0,"29":0,"30":0,"31":0,"32":0,"33":0,"34":0,"35":0,"36":0,"37":0,"38":0,"39":0,"40":0,"41":0,"42":0,"43":0,"44":0,"45":0,"46":0,"47":0,"48":0,"49":0,"50":0,"51":0,"52":0,"53":0,"54":0,"55":0,"56":0,"57":0,"58":0,"59":0,"60":0,"61":0,"62":0,"63":0,"64":0,"65":0,"66":0,"67":0,"68":0,"69":0,"70":0,"71":0,"72":0},"b":{"1":[1,0],"2":[1,0],"3":[1,0],"4":[1,0],"5":[2,0],"6":[2,0],"7":[0,0],"8":[0,0],"9":[0,0],"10":[0,0],"11":[0,0],"12":[0,0],"13":[0,0],"14":[0,0],"15":[0,0],"16":[0,0],"17":[0,0],"18":[0,0],"19":[0,0]},"f":{"1":1,"2":1,"3":0,"4":0,"5":0},"fnMap":{"1":{"name":"validateMint","line":20,"loc":{"start":{"line":20,"column":4},"end":{"line":22,"column":10}}},"2":{"name":"validateMint","line":42,"loc":{"start":{"line":42,"column":4},"end":{"line":44,"column":10}}},"3":{"name":"validateRedemption","line":79,"loc":{"start":{"line":79,"column":4},"end":{"line":81,"column":10}}},"4":{"name":"_getBassetWeightings","line":159,"loc":{"start":{"line":159,"column":4},"end":{"line":162,"column":48}}},"5":{"name":"_getRatioedBassets","line":194,"loc":{"start":{"line":194,"column":4},"end":{"line":197,"column":46}}}},"statementMap":{"1":{"start":{"line":23,"column":8},"end":{"line":23,"column":46}},"2":{"start":{"line":26,"column":8},"end":{"line":26,"column":801}},"3":{"start":{"line":30,"column":8},"end":{"line":30,"column":84}},"4":{"start":{"line":32,"column":8},"end":{"line":32,"column":113}},"5":{"start":{"line":34,"column":8},"end":{"line":34,"column":96}},"6":{"start":{"line":36,"column":8},"end":{"line":36,"column":77}},"7":{"start":{"line":45,"column":8},"end":{"line":45,"column":45}},"8":{"start":{"line":46,"column":8},"end":{"line":46,"column":102}},"9":{"start":{"line":49,"column":8},"end":{"line":49,"column":65}},"10":{"start":{"line":50,"column":8},"end":{"line":50,"column":64}},"11":{"start":{"line":51,"column":8},"end":{"line":51,"column":43}},"12":{"start":{"line":53,"column":8},"end":{"line":53,"column":2116}},"13":{"start":{"line":55,"column":12},"end":{"line":55,"column":41}},"14":{"start":{"line":56,"column":12},"end":{"line":56,"column":129}},"15":{"start":{"line":57,"column":12},"end":{"line":57,"column":38}},"16":{"start":{"line":59,"column":12},"end":{"line":59,"column":85}},"17":{"start":{"line":61,"column":12},"end":{"line":61,"column":92}},"18":{"start":{"line":63,"column":12},"end":{"line":63,"column":64}},"19":{"start":{"line":66,"column":6},"end":{"line":66,"column":2888}},"20":{"start":{"line":68,"column":12},"end":{"line":68,"column":74}},"21":{"start":{"line":70,"column":12},"end":{"line":70,"column":77}},"22":{"start":{"line":82,"column":8},"end":{"line":82,"column":45}},"23":{"start":{"line":83,"column":8},"end":{"line":83,"column":102}},"24":{"start":{"line":85,"column":8},"end":{"line":85,"column":35}},"25":{"start":{"line":86,"column":8},"end":{"line":86,"column":35}},"26":{"start":{"line":87,"column":8},"end":{"line":87,"column":43}},"27":{"start":{"line":90,"column":8},"end":{"line":90,"column":3883}},"28":{"start":{"line":91,"column":12},"end":{"line":91,"column":52}},"29":{"start":{"line":92,"column":12},"end":{"line":92,"column":97}},"30":{"start":{"line":93,"column":12},"end":{"line":93,"column":92}},"31":{"start":{"line":94,"column":12},"end":{"line":94,"column":4186}},"32":{"start":{"line":96,"column":16},"end":{"line":96,"column":81}},"33":{"start":{"line":99,"column":16},"end":{"line":99,"column":35}},"34":{"start":{"line":100,"column":16},"end":{"line":100,"column":91}},"35":{"start":{"line":102,"column":16},"end":{"line":102,"column":40}},"36":{"start":{"line":103,"column":16},"end":{"line":103,"column":43}},"37":{"start":{"line":104,"column":19},"end":{"line":104,"column":4719}},"38":{"start":{"line":105,"column":16},"end":{"line":105,"column":35}},"39":{"start":{"line":106,"column":16},"end":{"line":106,"column":118}},"40":{"start":{"line":110,"column":8},"end":{"line":110,"column":73}},"41":{"start":{"line":112,"column":8},"end":{"line":112,"column":68}},"42":{"start":{"line":114,"column":8},"end":{"line":114,"column":35}},"43":{"start":{"line":117,"column":8},"end":{"line":117,"column":128}},"44":{"start":{"line":118,"column":8},"end":{"line":118,"column":5357}},"45":{"start":{"line":119,"column":12},"end":{"line":119,"column":78}},"46":{"start":{"line":120,"column":12},"end":{"line":120,"column":71}},"47":{"start":{"line":124,"column":8},"end":{"line":124,"column":5630}},"48":{"start":{"line":125,"column":12},"end":{"line":125,"column":86}},"49":{"start":{"line":128,"column":8},"end":{"line":128,"column":69}},"50":{"start":{"line":137,"column":8},"end":{"line":137,"column":6267}},"51":{"start":{"line":138,"column":12},"end":{"line":138,"column":78}},"52":{"start":{"line":139,"column":12},"end":{"line":139,"column":6403}},"53":{"start":{"line":140,"column":16},"end":{"line":140,"column":6443}},"54":{"start":{"line":141,"column":20},"end":{"line":141,"column":111}},"55":{"start":{"line":144,"column":16},"end":{"line":144,"column":103}},"56":{"start":{"line":163,"column":8},"end":{"line":163,"column":70}},"57":{"start":{"line":165,"column":8},"end":{"line":165,"column":39}},"58":{"start":{"line":166,"column":8},"end":{"line":166,"column":7368}},"59":{"start":{"line":167,"column":12},"end":{"line":167,"column":75}},"60":{"start":{"line":170,"column":8},"end":{"line":170,"column":43}},"61":{"start":{"line":171,"column":8},"end":{"line":171,"column":43}},"62":{"start":{"line":173,"column":8},"end":{"line":173,"column":7607}},"63":{"start":{"line":174,"column":12},"end":{"line":174,"column":7658}},"64":{"start":{"line":175,"column":16},"end":{"line":175,"column":57}},"65":{"start":{"line":178,"column":12},"end":{"line":178,"column":7800}},"66":{"start":{"line":179,"column":16},"end":{"line":179,"column":37}},"67":{"start":{"line":183,"column":12},"end":{"line":183,"column":83}},"68":{"start":{"line":186,"column":8},"end":{"line":186,"column":30}},"69":{"start":{"line":198,"column":8},"end":{"line":198,"column":37}},"70":{"start":{"line":200,"column":8},"end":{"line":200,"column":41}},"71":{"start":{"line":201,"column":8},"end":{"line":201,"column":8447}},"72":{"start":{"line":203,"column":12},"end":{"line":203,"column":90}}},"branchMap":{"1":{"line":23,"type":"if","locations":[{"start":{"line":23,"column":8},"end":{"line":23,"column":8}},{"start":{"line":23,"column":8},"end":{"line":23,"column":8}}]},"2":{"line":26,"type":"if","locations":[{"start":{"line":26,"column":8},"end":{"line":26,"column":8}},{"start":{"line":26,"column":8},"end":{"line":26,"column":8}}]},"3":{"line":36,"type":"if","locations":[{"start":{"line":36,"column":8},"end":{"line":36,"column":8}},{"start":{"line":36,"column":8},"end":{"line":36,"column":8}}]},"4":{"line":46,"type":"if","locations":[{"start":{"line":46,"column":8},"end":{"line":46,"column":8}},{"start":{"line":46,"column":8},"end":{"line":46,"column":8}}]},"5":{"line":56,"type":"if","locations":[{"start":{"line":56,"column":12},"end":{"line":56,"column":12}},{"start":{"line":56,"column":12},"end":{"line":56,"column":12}}]},"6":{"line":70,"type":"if","locations":[{"start":{"line":70,"column":12},"end":{"line":70,"column":12}},{"start":{"line":70,"column":12},"end":{"line":70,"column":12}}]},"7":{"line":83,"type":"if","locations":[{"start":{"line":83,"column":8},"end":{"line":83,"column":8}},{"start":{"line":83,"column":8},"end":{"line":83,"column":8}}]},"8":{"line":92,"type":"if","locations":[{"start":{"line":92,"column":12},"end":{"line":92,"column":12}},{"start":{"line":92,"column":12},"end":{"line":92,"column":12}}]},"9":{"line":94,"type":"if","locations":[{"start":{"line":94,"column":12},"end":{"line":94,"column":12}},{"start":{"line":94,"column":12},"end":{"line":94,"column":12}}]},"10":{"line":96,"type":"if","locations":[{"start":{"line":96,"column":16},"end":{"line":96,"column":16}},{"start":{"line":96,"column":16},"end":{"line":96,"column":16}}]},"11":{"line":104,"type":"if","locations":[{"start":{"line":104,"column":19},"end":{"line":104,"column":19}},{"start":{"line":104,"column":19},"end":{"line":104,"column":19}}]},"12":{"line":106,"type":"if","locations":[{"start":{"line":106,"column":16},"end":{"line":106,"column":16}},{"start":{"line":106,"column":16},"end":{"line":106,"column":16}}]},"13":{"line":110,"type":"if","locations":[{"start":{"line":110,"column":8},"end":{"line":110,"column":8}},{"start":{"line":110,"column":8},"end":{"line":110,"column":8}}]},"14":{"line":139,"type":"if","locations":[{"start":{"line":139,"column":12},"end":{"line":139,"column":12}},{"start":{"line":139,"column":12},"end":{"line":139,"column":12}}]},"15":{"line":140,"type":"if","locations":[{"start":{"line":140,"column":16},"end":{"line":140,"column":16}},{"start":{"line":140,"column":16},"end":{"line":140,"column":16}}]},"16":{"line":141,"type":"if","locations":[{"start":{"line":141,"column":20},"end":{"line":141,"column":20}},{"start":{"line":141,"column":20},"end":{"line":141,"column":20}}]},"17":{"line":144,"type":"if","locations":[{"start":{"line":144,"column":16},"end":{"line":144,"column":16}},{"start":{"line":144,"column":16},"end":{"line":144,"column":16}}]},"18":{"line":174,"type":"if","locations":[{"start":{"line":174,"column":12},"end":{"line":174,"column":12}},{"start":{"line":174,"column":12},"end":{"line":174,"column":12}}]},"19":{"line":178,"type":"if","locations":[{"start":{"line":178,"column":12},"end":{"line":178,"column":12}},{"start":{"line":178,"column":12},"end":{"line":178,"column":12}}]}}},"contracts/masset/libs/IForgeValidation.sol":{"l":{},"path":"/home/alex/projects/stability-labs/mstable/mstable-contracts/contracts/masset/libs/IForgeValidation.sol","s":{},"b":{},"f":{},"fnMap":{},"statementMap":{},"branchMap":{}},"contracts/masset/libs/MassetStructs.sol":{"l":{},"path":"/home/alex/projects/stability-labs/mstable/mstable-contracts/contracts/masset/libs/MassetStructs.sol","s":{},"b":{},"f":{},"fnMap":{},"statementMap":{},"branchMap":{}},"contracts/masset/Masset.sol":{"l":{"47":8,"48":8,"50":8,"51":8,"53":8,"54":8,"55":8,"68":1,"80":1,"98":1,"99":1,"100":1,"101":1,"103":1,"105":1,"107":1,"108":1,"110":1,"113":1,"114":1,"116":1,"133":1,"135":1,"138":1,"140":2,"141":2,"142":2,"144":2,"146":2,"147":2,"152":1,"153":1,"155":1,"169":0,"181":0,"198":0,"200":0,"203":0,"204":0,"205":0,"206":0,"208":0,"213":0,"216":0,"219":0,"222":0,"223":0,"224":0,"226":0,"230":0,"231":0,"242":0,"244":0,"245":0,"249":0,"253":0,"258":0,"261":0,"263":0,"275":0,"276":0,"277":0,"278":0,"289":0,"290":0,"292":0,"293":0,"294":0,"295":0,"307":0,"308":0,"310":0,"311":0,"312":0,"313":0,"315":0,"316":0,"319":0,"322":0,"323":0,"324":0,"325":0,"327":0,"328":0},"path":"/home/alex/projects/stability-labs/mstable/mstable-contracts/contracts/masset/Masset.sol","s":{"1":8,"2":8,"3":8,"4":8,"5":8,"6":8,"7":8,"8":1,"9":1,"10":1,"11":1,"12":1,"13":1,"14":1,"15":1,"16":1,"17":1,"18":1,"19":1,"20":1,"21":1,"22":1,"23":1,"24":1,"25":2,"26":2,"27":2,"28":2,"29":2,"30":2,"31":1,"32":1,"33":1,"34":0,"35":0,"36":0,"37":0,"38":0,"39":0,"40":0,"41":0,"42":0,"43":0,"44":0,"45":0,"46":0,"47":0,"48":0,"49":0,"50":0,"51":0,"52":0,"53":0,"54":0,"55":0,"56":0,"57":0,"58":0,"59":0,"60":0,"61":0,"62":0,"63":0,"64":0,"65":0,"66":0,"67":0,"68":0,"69":0,"70":0,"71":0,"72":0,"73":0,"74":0,"75":0,"76":0,"77":0,"78":0,"79":0,"80":0,"81":0,"82":0,"83":0,"84":0},"b":{"1":[8,0],"2":[1,0],"3":[1,0],"4":[1,0],"5":[1,0],"6":[2,0],"7":[2,0],"8":[0,0],"9":[0,0],"10":[0,0],"11":[0,0],"12":[0,0],"13":[0,0],"14":[0,0],"15":[0,0],"16":[0,0],"17":[0,0],"18":[0,0]},"f":{"1":8,"2":1,"3":1,"4":1,"5":1,"6":0,"7":0,"8":0,"9":0,"10":0,"11":0,"12":0},"fnMap":{"1":{"name":"constructor","line":24,"loc":{"start":{"line":24,"column":4},"end":{"line":46,"column":5}}},"2":{"name":"mint","line":62,"loc":{"start":{"line":62,"column":4},"end":{"line":67,"column":5}}},"3":{"name":"mintSingle","line":72,"loc":{"start":{"line":72,"column":4},"end":{"line":79,"column":5}}},"4":{"name":"mintTo","line":89,"loc":{"start":{"line":89,"column":4},"end":{"line":97,"column":5}}},"5":{"name":"mintTo","line":124,"loc":{"start":{"line":124,"column":4},"end":{"line":131,"column":5}}},"6":{"name":"redeem","line":163,"loc":{"start":{"line":163,"column":4},"end":{"line":168,"column":5}}},"7":{"name":"redeemSingle","line":173,"loc":{"start":{"line":173,"column":4},"end":{"line":180,"column":5}}},"8":{"name":"redeemTo","line":190,"loc":{"start":{"line":190,"column":4},"end":{"line":196,"column":5}}},"9":{"name":"_payRedemptionFee","line":239,"loc":{"start":{"line":239,"column":4},"end":{"line":240,"column":13}}},"10":{"name":"getSingleForgeParams","line":267,"loc":{"start":{"line":267,"column":4},"end":{"line":274,"column":5}}},"11":{"name":"getForgeParams","line":281,"loc":{"start":{"line":281,"column":4},"end":{"line":288,"column":5}}},"12":{"name":"completeRecol","line":304,"loc":{"start":{"line":304,"column":4},"end":{"line":306,"column":17}}}},"statementMap":{"1":{"start":{"line":47,"column":8},"end":{"line":47,"column":35}},"2":{"start":{"line":48,"column":8},"end":{"line":48,"column":25}},"3":{"start":{"line":50,"column":8},"end":{"line":50,"column":96}},"4":{"start":{"line":51,"column":8},"end":{"line":51,"column":126}},"5":{"start":{"line":53,"column":8},"end":{"line":53,"column":32}},"6":{"start":{"line":54,"column":8},"end":{"line":54,"column":38}},"7":{"start":{"line":55,"column":8},"end":{"line":55,"column":31}},"8":{"start":{"line":68,"column":8},"end":{"line":68,"column":50}},"9":{"start":{"line":80,"column":8},"end":{"line":80,"column":59}},"10":{"start":{"line":98,"column":8},"end":{"line":98,"column":61}},"11":{"start":{"line":99,"column":8},"end":{"line":99,"column":69}},"12":{"start":{"line":100,"column":8},"end":{"line":100,"column":60}},"13":{"start":{"line":101,"column":8},"end":{"line":101,"column":46}},"14":{"start":{"line":103,"column":8},"end":{"line":103,"column":43}},"15":{"start":{"line":105,"column":8},"end":{"line":105,"column":63}},"16":{"start":{"line":107,"column":8},"end":{"line":107,"column":114}},"17":{"start":{"line":108,"column":8},"end":{"line":108,"column":59}},"18":{"start":{"line":110,"column":8},"end":{"line":110,"column":73}},"19":{"start":{"line":113,"column":8},"end":{"line":113,"column":39}},"20":{"start":{"line":114,"column":8},"end":{"line":114,"column":63}},"21":{"start":{"line":116,"column":8},"end":{"line":116,"column":28}},"22":{"start":{"line":133,"column":8},"end":{"line":133,"column":76}},"23":{"start":{"line":135,"column":8},"end":{"line":135,"column":31}},"24":{"start":{"line":138,"column":8},"end":{"line":138,"column":4447}},"25":{"start":{"line":140,"column":12},"end":{"line":140,"column":4514}},"26":{"start":{"line":141,"column":16},"end":{"line":141,"column":55}},"27":{"start":{"line":142,"column":16},"end":{"line":142,"column":124}},"28":{"start":{"line":144,"column":16},"end":{"line":144,"column":102}},"29":{"start":{"line":146,"column":16},"end":{"line":146,"column":97}},"30":{"start":{"line":147,"column":16},"end":{"line":147,"column":65}},"31":{"start":{"line":152,"column":8},"end":{"line":152,"column":40}},"32":{"start":{"line":153,"column":8},"end":{"line":153,"column":64}},"33":{"start":{"line":155,"column":8},"end":{"line":155,"column":29}},"34":{"start":{"line":169,"column":8},"end":{"line":169,"column":52}},"35":{"start":{"line":181,"column":8},"end":{"line":181,"column":83}},"36":{"start":{"line":198,"column":8},"end":{"line":198,"column":82}},"37":{"start":{"line":200,"column":8},"end":{"line":200,"column":34}},"38":{"start":{"line":203,"column":8},"end":{"line":203,"column":6531}},"39":{"start":{"line":204,"column":12},"end":{"line":204,"column":6597}},"40":{"start":{"line":205,"column":16},"end":{"line":205,"column":101}},"41":{"start":{"line":206,"column":16},"end":{"line":206,"column":65}},"42":{"start":{"line":208,"column":16},"end":{"line":208,"column":102}},"43":{"start":{"line":213,"column":8},"end":{"line":213,"column":52}},"44":{"start":{"line":216,"column":8},"end":{"line":216,"column":82}},"45":{"start":{"line":219,"column":8},"end":{"line":219,"column":40}},"46":{"start":{"line":222,"column":8},"end":{"line":222,"column":7318}},"47":{"start":{"line":223,"column":12},"end":{"line":223,"column":7384}},"48":{"start":{"line":224,"column":16},"end":{"line":224,"column":55}},"49":{"start":{"line":226,"column":16},"end":{"line":226,"column":110}},"50":{"start":{"line":230,"column":8},"end":{"line":230,"column":78}},"51":{"start":{"line":231,"column":8},"end":{"line":231,"column":29}},"52":{"start":{"line":242,"column":8},"end":{"line":242,"column":39}},"53":{"start":{"line":244,"column":8},"end":{"line":244,"column":8034}},"54":{"start":{"line":245,"column":12},"end":{"line":245,"column":91}},"55":{"start":{"line":249,"column":12},"end":{"line":249,"column":79}},"56":{"start":{"line":253,"column":12},"end":{"line":253,"column":89}},"57":{"start":{"line":258,"column":12},"end":{"line":258,"column":84}},"58":{"start":{"line":261,"column":12},"end":{"line":261,"column":109}},"59":{"start":{"line":263,"column":12},"end":{"line":263,"column":60}},"60":{"start":{"line":275,"column":8},"end":{"line":275,"column":57}},"61":{"start":{"line":276,"column":8},"end":{"line":276,"column":53}},"62":{"start":{"line":277,"column":8},"end":{"line":277,"column":56}},"63":{"start":{"line":278,"column":8},"end":{"line":278,"column":38}},"64":{"start":{"line":289,"column":8},"end":{"line":289,"column":56}},"65":{"start":{"line":290,"column":8},"end":{"line":290,"column":95}},"66":{"start":{"line":292,"column":8},"end":{"line":292,"column":9737}},"67":{"start":{"line":293,"column":12},"end":{"line":293,"column":65}},"68":{"start":{"line":294,"column":12},"end":{"line":294,"column":57}},"69":{"start":{"line":295,"column":12},"end":{"line":295,"column":47}},"70":{"start":{"line":307,"column":8},"end":{"line":307,"column":57}},"71":{"start":{"line":308,"column":8},"end":{"line":308,"column":53}},"72":{"start":{"line":310,"column":8},"end":{"line":310,"column":55}},"73":{"start":{"line":311,"column":8},"end":{"line":311,"column":74}},"74":{"start":{"line":312,"column":8},"end":{"line":312,"column":38}},"75":{"start":{"line":313,"column":8},"end":{"line":313,"column":41}},"76":{"start":{"line":315,"column":8},"end":{"line":315,"column":10663}},"77":{"start":{"line":316,"column":12},"end":{"line":316,"column":53}},"78":{"start":{"line":319,"column":12},"end":{"line":319,"column":99}},"79":{"start":{"line":322,"column":12},"end":{"line":322,"column":124}},"80":{"start":{"line":323,"column":12},"end":{"line":323,"column":57}},"81":{"start":{"line":324,"column":12},"end":{"line":324,"column":31}},"82":{"start":{"line":325,"column":12},"end":{"line":325,"column":33}},"83":{"start":{"line":327,"column":12},"end":{"line":327,"column":61}},"84":{"start":{"line":328,"column":12},"end":{"line":328,"column":33}}},"branchMap":{"1":{"line":51,"type":"if","locations":[{"start":{"line":51,"column":8},"end":{"line":51,"column":8}},{"start":{"line":51,"column":8},"end":{"line":51,"column":8}}]},"2":{"line":98,"type":"if","locations":[{"start":{"line":98,"column":8},"end":{"line":98,"column":8}},{"start":{"line":98,"column":8},"end":{"line":98,"column":8}}]},"3":{"line":99,"type":"if","locations":[{"start":{"line":99,"column":8},"end":{"line":99,"column":8}},{"start":{"line":99,"column":8},"end":{"line":99,"column":8}}]},"4":{"line":101,"type":"if","locations":[{"start":{"line":101,"column":8},"end":{"line":101,"column":8}},{"start":{"line":101,"column":8},"end":{"line":101,"column":8}}]},"5":{"line":107,"type":"if","locations":[{"start":{"line":107,"column":8},"end":{"line":107,"column":8}},{"start":{"line":107,"column":8},"end":{"line":107,"column":8}}]},"6":{"line":140,"type":"if","locations":[{"start":{"line":140,"column":12},"end":{"line":140,"column":12}},{"start":{"line":140,"column":12},"end":{"line":140,"column":12}}]},"7":{"line":142,"type":"if","locations":[{"start":{"line":142,"column":16},"end":{"line":142,"column":16}},{"start":{"line":142,"column":16},"end":{"line":142,"column":16}}]},"8":{"line":204,"type":"if","locations":[{"start":{"line":204,"column":12},"end":{"line":204,"column":12}},{"start":{"line":204,"column":12},"end":{"line":204,"column":12}}]},"9":{"line":223,"type":"if","locations":[{"start":{"line":223,"column":12},"end":{"line":223,"column":12}},{"start":{"line":223,"column":12},"end":{"line":223,"column":12}}]},"10":{"line":226,"type":"if","locations":[{"start":{"line":226,"column":16},"end":{"line":226,"column":16}},{"start":{"line":226,"column":16},"end":{"line":226,"column":16}}]},"11":{"line":244,"type":"if","locations":[{"start":{"line":244,"column":8},"end":{"line":244,"column":8}},{"start":{"line":244,"column":8},"end":{"line":244,"column":8}}]},"12":{"line":261,"type":"if","locations":[{"start":{"line":261,"column":12},"end":{"line":261,"column":12}},{"start":{"line":261,"column":12},"end":{"line":261,"column":12}}]},"13":{"line":276,"type":"if","locations":[{"start":{"line":276,"column":8},"end":{"line":276,"column":8}},{"start":{"line":276,"column":8},"end":{"line":276,"column":8}}]},"14":{"line":290,"type":"if","locations":[{"start":{"line":290,"column":8},"end":{"line":290,"column":8}},{"start":{"line":290,"column":8},"end":{"line":290,"column":8}}]},"15":{"line":294,"type":"if","locations":[{"start":{"line":294,"column":12},"end":{"line":294,"column":12}},{"start":{"line":294,"column":12},"end":{"line":294,"column":12}}]},"16":{"line":308,"type":"if","locations":[{"start":{"line":308,"column":8},"end":{"line":308,"column":8}},{"start":{"line":308,"column":8},"end":{"line":308,"column":8}}]},"17":{"line":311,"type":"if","locations":[{"start":{"line":311,"column":8},"end":{"line":311,"column":8}},{"start":{"line":311,"column":8},"end":{"line":311,"column":8}}]},"18":{"line":315,"type":"if","locations":[{"start":{"line":315,"column":8},"end":{"line":315,"column":8}},{"start":{"line":315,"column":8},"end":{"line":315,"column":8}}]}}},"contracts/masset/MassetBasket.sol":{"l":{"34":8,"35":8,"37":8,"39":8,"40":37,"42":8,"46":2,"47":2,"66":0,"67":0,"69":0,"70":0,"72":0,"74":0,"78":0,"80":0,"84":0,"94":0,"95":0,"97":0,"99":0,"112":0,"113":0,"115":0,"116":0,"118":0,"120":0,"121":0,"124":0,"142":0,"143":0,"156":37,"157":37,"158":37,"162":37,"164":37,"166":37,"168":37,"177":37,"179":37,"193":0,"194":0,"199":0,"200":0,"202":0,"204":0,"206":0,"207":0,"209":0,"210":0,"212":0,"214":0,"216":0,"232":0,"248":8,"250":8,"251":8,"253":8,"254":8,"256":8,"257":37,"259":37,"261":37,"262":37,"263":37,"264":37,"265":37,"266":37,"268":0,"272":8,"292":0,"310":0,"312":0,"313":0,"314":0,"315":0,"316":0,"317":0,"319":0,"320":0,"339":0,"340":0,"358":0,"359":0,"360":0,"373":38,"374":38,"375":37,"376":8,"378":29,"380":1,"390":0,"393":0,"395":0},"path":"/home/alex/projects/stability-labs/mstable/mstable-contracts/contracts/masset/MassetBasket.sol","s":{"1":8,"2":8,"3":8,"4":8,"5":37,"6":8,"7":2,"8":0,"9":0,"10":0,"11":0,"12":0,"13":0,"14":0,"15":0,"16":0,"17":0,"18":0,"19":0,"20":0,"21":0,"22":0,"23":0,"24":0,"25":0,"26":0,"27":0,"28":0,"29":0,"30":0,"31":37,"32":37,"33":37,"34":37,"35":37,"36":37,"37":37,"38":37,"39":37,"40":0,"41":0,"42":0,"43":0,"44":0,"45":0,"46":0,"47":0,"48":0,"49":0,"50":0,"51":0,"52":0,"53":0,"54":8,"55":8,"56":8,"57":8,"58":8,"59":8,"60":37,"61":37,"62":37,"63":37,"64":37,"65":37,"66":37,"67":37,"68":0,"69":8,"70":0,"71":0,"72":0,"73":0,"74":0,"75":0,"76":0,"77":0,"78":0,"79":0,"80":0,"81":0,"82":0,"83":0,"84":0,"85":38,"86":38,"87":37,"88":8,"89":29,"90":1,"91":0,"92":0,"93":0},"b":{"1":[2,0],"2":[0,0],"3":[0,0],"4":[0,0],"5":[0,0],"6":[0,0],"7":[0,0],"8":[0,0],"9":[0,0],"10":[0,0],"11":[37,0],"12":[37,0],"13":[0,0],"14":[0,0],"15":[0,0],"16":[8,0],"17":[8,0],"18":[8,0],"19":[37,0],"20":[37,0],"21":[37,0],"22":[37,0],"23":[0,0],"24":[0,0],"25":[37,1],"26":[8,29],"27":[0,0]},"f":{"1":8,"2":2,"3":0,"4":0,"5":0,"6":0,"7":37,"8":0,"9":0,"10":0,"11":8,"12":0,"13":0,"14":0,"15":0,"16":38,"17":0},"fnMap":{"1":{"name":"constructor","line":26,"loc":{"start":{"line":26,"column":4},"end":{"line":33,"column":5}}},"2":{"name":"basketIsHealthy","line":45,"loc":{"start":{"line":45,"column":4},"end":{"line":45,"column":27}}},"3":{"name":"handlePegLoss","line":61,"loc":{"start":{"line":61,"column":4},"end":{"line":65,"column":36}}},"4":{"name":"negatePegLoss","line":91,"loc":{"start":{"line":91,"column":4},"end":{"line":93,"column":17}}},"5":{"name":"initiateRecol","line":108,"loc":{"start":{"line":108,"column":4},"end":{"line":111,"column":21}}},"6":{"name":"addBasset","line":138,"loc":{"start":{"line":138,"column":4},"end":{"line":141,"column":21}}},"7":{"name":"_addBasset","line":154,"loc":{"start":{"line":154,"column":4},"end":{"line":155,"column":14}}},"8":{"name":"removeBasset","line":188,"loc":{"start":{"line":188,"column":4},"end":{"line":192,"column":28}}},"9":{"name":"_removeBasset","line":197,"loc":{"start":{"line":197,"column":4},"end":{"line":198,"column":14}}},"10":{"name":"setBasketWeights","line":224,"loc":{"start":{"line":224,"column":4},"end":{"line":231,"column":5}}},"11":{"name":"_setBasketWeights","line":242,"loc":{"start":{"line":242,"column":4},"end":{"line":247,"column":5}}},"12":{"name":"getBasket","line":284,"loc":{"start":{"line":284,"column":4},"end":{"line":291,"column":7}}},"13":{"name":"getBassets","line":299,"loc":{"start":{"line":299,"column":4},"end":{"line":309,"column":7}}},"14":{"name":"_getBasset","line":328,"loc":{"start":{"line":328,"column":4},"end":{"line":338,"column":7}}},"15":{"name":"getBasset","line":347,"loc":{"start":{"line":347,"column":4},"end":{"line":357,"column":7}}},"16":{"name":"_isAssetInBasket","line":369,"loc":{"start":{"line":369,"column":4},"end":{"line":372,"column":42}}},"17":{"name":"_bassetHasRecolled","line":386,"loc":{"start":{"line":386,"column":4},"end":{"line":389,"column":20}}}},"statementMap":{"1":{"start":{"line":34,"column":8},"end":{"line":34,"column":57}},"2":{"start":{"line":35,"column":8},"end":{"line":35,"column":43}},"3":{"start":{"line":37,"column":8},"end":{"line":37,"column":27}},"4":{"start":{"line":39,"column":8},"end":{"line":39,"column":1198}},"5":{"start":{"line":40,"column":12},"end":{"line":40,"column":112}},"6":{"start":{"line":42,"column":8},"end":{"line":42,"column":44}},"7":{"start":{"line":46,"column":8},"end":{"line":46,"column":54}},"8":{"start":{"line":66,"column":8},"end":{"line":66,"column":57}},"9":{"start":{"line":67,"column":8},"end":{"line":67,"column":53}},"10":{"start":{"line":69,"column":8},"end":{"line":69,"column":57}},"11":{"start":{"line":70,"column":8},"end":{"line":70,"column":102}},"12":{"start":{"line":72,"column":8},"end":{"line":72,"column":2449}},"13":{"start":{"line":74,"column":12},"end":{"line":74,"column":23}},"14":{"start":{"line":78,"column":8},"end":{"line":78,"column":43}},"15":{"start":{"line":80,"column":8},"end":{"line":80,"column":2668}},"16":{"start":{"line":84,"column":8},"end":{"line":84,"column":20}},"17":{"start":{"line":94,"column":8},"end":{"line":94,"column":57}},"18":{"start":{"line":95,"column":8},"end":{"line":95,"column":53}},"19":{"start":{"line":97,"column":8},"end":{"line":97,"column":3160}},"20":{"start":{"line":99,"column":12},"end":{"line":99,"column":57}},"21":{"start":{"line":112,"column":8},"end":{"line":112,"column":57}},"22":{"start":{"line":113,"column":8},"end":{"line":113,"column":53}},"23":{"start":{"line":115,"column":8},"end":{"line":115,"column":75}},"24":{"start":{"line":116,"column":8},"end":{"line":116,"column":67}},"25":{"start":{"line":118,"column":8},"end":{"line":118,"column":74}},"26":{"start":{"line":120,"column":8},"end":{"line":120,"column":58}},"27":{"start":{"line":121,"column":8},"end":{"line":121,"column":41}},"28":{"start":{"line":124,"column":8},"end":{"line":124,"column":97}},"29":{"start":{"line":142,"column":8},"end":{"line":142,"column":94}},"30":{"start":{"line":143,"column":8},"end":{"line":143,"column":36}},"31":{"start":{"line":156,"column":8},"end":{"line":156,"column":69}},"32":{"start":{"line":157,"column":8},"end":{"line":157,"column":60}},"33":{"start":{"line":158,"column":8},"end":{"line":158,"column":74}},"34":{"start":{"line":162,"column":8},"end":{"line":162,"column":72}},"35":{"start":{"line":164,"column":8},"end":{"line":164,"column":56}},"36":{"start":{"line":166,"column":8},"end":{"line":166,"column":61}},"37":{"start":{"line":168,"column":8},"end":{"line":168,"column":6423}},"38":{"start":{"line":177,"column":8},"end":{"line":177,"column":57}},"39":{"start":{"line":179,"column":8},"end":{"line":179,"column":33}},"40":{"start":{"line":193,"column":8},"end":{"line":193,"column":36}},"41":{"start":{"line":194,"column":8},"end":{"line":194,"column":19}},"42":{"start":{"line":199,"column":8},"end":{"line":199,"column":76}},"43":{"start":{"line":200,"column":8},"end":{"line":200,"column":61}},"44":{"start":{"line":202,"column":8},"end":{"line":202,"column":40}},"45":{"start":{"line":204,"column":8},"end":{"line":204,"column":52}},"46":{"start":{"line":206,"column":8},"end":{"line":206,"column":81}},"47":{"start":{"line":207,"column":8},"end":{"line":207,"column":82}},"48":{"start":{"line":209,"column":8},"end":{"line":209,"column":52}},"49":{"start":{"line":210,"column":8},"end":{"line":210,"column":27}},"50":{"start":{"line":212,"column":8},"end":{"line":212,"column":44}},"51":{"start":{"line":214,"column":8},"end":{"line":214,"column":49}},"52":{"start":{"line":216,"column":8},"end":{"line":216,"column":42}},"53":{"start":{"line":232,"column":8},"end":{"line":232,"column":44}},"54":{"start":{"line":248,"column":8},"end":{"line":248,"column":45}},"55":{"start":{"line":250,"column":8},"end":{"line":250,"column":85}},"56":{"start":{"line":251,"column":8},"end":{"line":251,"column":95}},"57":{"start":{"line":253,"column":8},"end":{"line":253,"column":68}},"58":{"start":{"line":254,"column":8},"end":{"line":254,"column":90}},"59":{"start":{"line":256,"column":8},"end":{"line":256,"column":9343}},"60":{"start":{"line":257,"column":12},"end":{"line":257,"column":40}},"61":{"start":{"line":259,"column":12},"end":{"line":259,"column":96}},"62":{"start":{"line":261,"column":12},"end":{"line":261,"column":46}},"63":{"start":{"line":262,"column":12},"end":{"line":262,"column":9594}},"64":{"start":{"line":263,"column":16},"end":{"line":263,"column":50}},"65":{"start":{"line":264,"column":16},"end":{"line":264,"column":68}},"66":{"start":{"line":265,"column":16},"end":{"line":265,"column":109}},"67":{"start":{"line":266,"column":16},"end":{"line":266,"column":57}},"68":{"start":{"line":268,"column":16},"end":{"line":268,"column":117}},"69":{"start":{"line":272,"column":8},"end":{"line":272,"column":53}},"70":{"start":{"line":292,"column":8},"end":{"line":292,"column":84}},"71":{"start":{"line":310,"column":8},"end":{"line":310,"column":43}},"72":{"start":{"line":312,"column":8},"end":{"line":312,"column":37}},"73":{"start":{"line":313,"column":8},"end":{"line":313,"column":32}},"74":{"start":{"line":314,"column":8},"end":{"line":314,"column":34}},"75":{"start":{"line":315,"column":8},"end":{"line":315,"column":35}},"76":{"start":{"line":316,"column":8},"end":{"line":316,"column":34}},"77":{"start":{"line":317,"column":8},"end":{"line":317,"column":41}},"78":{"start":{"line":319,"column":8},"end":{"line":319,"column":11306}},"79":{"start":{"line":320,"column":12},"end":{"line":320,"column":97}},"80":{"start":{"line":339,"column":8},"end":{"line":339,"column":54}},"81":{"start":{"line":340,"column":8},"end":{"line":340,"column":78}},"82":{"start":{"line":358,"column":8},"end":{"line":358,"column":61}},"83":{"start":{"line":359,"column":8},"end":{"line":359,"column":43}},"84":{"start":{"line":360,"column":8},"end":{"line":360,"column":32}},"85":{"start":{"line":373,"column":8},"end":{"line":373,"column":40}},"86":{"start":{"line":374,"column":8},"end":{"line":374,"column":12853}},"87":{"start":{"line":375,"column":12},"end":{"line":375,"column":12886}},"88":{"start":{"line":376,"column":16},"end":{"line":376,"column":33}},"89":{"start":{"line":378,"column":12},"end":{"line":378,"column":56}},"90":{"start":{"line":380,"column":8},"end":{"line":380,"column":28}},"91":{"start":{"line":390,"column":6},"end":{"line":390,"column":13277}},"92":{"start":{"line":393,"column":10},"end":{"line":393,"column":21}},"93":{"start":{"line":395,"column":6},"end":{"line":395,"column":18}}},"branchMap":{"1":{"line":46,"type":"if","locations":[{"start":{"line":46,"column":8},"end":{"line":46,"column":8}},{"start":{"line":46,"column":8},"end":{"line":46,"column":8}}]},"2":{"line":67,"type":"if","locations":[{"start":{"line":67,"column":8},"end":{"line":67,"column":8}},{"start":{"line":67,"column":8},"end":{"line":67,"column":8}}]},"3":{"line":72,"type":"if","locations":[{"start":{"line":72,"column":8},"end":{"line":72,"column":8}},{"start":{"line":72,"column":8},"end":{"line":72,"column":8}}]},"4":{"line":80,"type":"if","locations":[{"start":{"line":80,"column":8},"end":{"line":80,"column":8}},{"start":{"line":80,"column":8},"end":{"line":80,"column":8}}]},"5":{"line":95,"type":"if","locations":[{"start":{"line":95,"column":8},"end":{"line":95,"column":8}},{"start":{"line":95,"column":8},"end":{"line":95,"column":8}}]},"6":{"line":97,"type":"if","locations":[{"start":{"line":97,"column":8},"end":{"line":97,"column":8}},{"start":{"line":97,"column":8},"end":{"line":97,"column":8}}]},"7":{"line":113,"type":"if","locations":[{"start":{"line":113,"column":8},"end":{"line":113,"column":8}},{"start":{"line":113,"column":8},"end":{"line":113,"column":8}}]},"8":{"line":116,"type":"if","locations":[{"start":{"line":116,"column":8},"end":{"line":116,"column":8}},{"start":{"line":116,"column":8},"end":{"line":116,"column":8}}]},"9":{"line":118,"type":"if","locations":[{"start":{"line":118,"column":8},"end":{"line":118,"column":8}},{"start":{"line":118,"column":8},"end":{"line":118,"column":8}}]},"10":{"line":124,"type":"if","locations":[{"start":{"line":124,"column":8},"end":{"line":124,"column":8}},{"start":{"line":124,"column":8},"end":{"line":124,"column":8}}]},"11":{"line":156,"type":"if","locations":[{"start":{"line":156,"column":8},"end":{"line":156,"column":8}},{"start":{"line":156,"column":8},"end":{"line":156,"column":8}}]},"12":{"line":158,"type":"if","locations":[{"start":{"line":158,"column":8},"end":{"line":158,"column":8}},{"start":{"line":158,"column":8},"end":{"line":158,"column":8}}]},"13":{"line":200,"type":"if","locations":[{"start":{"line":200,"column":8},"end":{"line":200,"column":8}},{"start":{"line":200,"column":8},"end":{"line":200,"column":8}}]},"14":{"line":206,"type":"if","locations":[{"start":{"line":206,"column":8},"end":{"line":206,"column":8}},{"start":{"line":206,"column":8},"end":{"line":206,"column":8}}]},"15":{"line":207,"type":"if","locations":[{"start":{"line":207,"column":8},"end":{"line":207,"column":8}},{"start":{"line":207,"column":8},"end":{"line":207,"column":8}}]},"16":{"line":250,"type":"if","locations":[{"start":{"line":250,"column":8},"end":{"line":250,"column":8}},{"start":{"line":250,"column":8},"end":{"line":250,"column":8}}]},"17":{"line":251,"type":"if","locations":[{"start":{"line":251,"column":8},"end":{"line":251,"column":8}},{"start":{"line":251,"column":8},"end":{"line":251,"column":8}}]},"18":{"line":254,"type":"if","locations":[{"start":{"line":254,"column":8},"end":{"line":254,"column":8}},{"start":{"line":254,"column":8},"end":{"line":254,"column":8}}]},"19":{"line":259,"type":"if","locations":[{"start":{"line":259,"column":12},"end":{"line":259,"column":12}},{"start":{"line":259,"column":12},"end":{"line":259,"column":12}}]},"20":{"line":262,"type":"if","locations":[{"start":{"line":262,"column":12},"end":{"line":262,"column":12}},{"start":{"line":262,"column":12},"end":{"line":262,"column":12}}]},"21":{"line":264,"type":"if","locations":[{"start":{"line":264,"column":16},"end":{"line":264,"column":16}},{"start":{"line":264,"column":16},"end":{"line":264,"column":16}}]},"22":{"line":265,"type":"if","locations":[{"start":{"line":265,"column":16},"end":{"line":265,"column":16}},{"start":{"line":265,"column":16},"end":{"line":265,"column":16}}]},"23":{"line":268,"type":"if","locations":[{"start":{"line":268,"column":16},"end":{"line":268,"column":16}},{"start":{"line":268,"column":16},"end":{"line":268,"column":16}}]},"24":{"line":359,"type":"if","locations":[{"start":{"line":359,"column":8},"end":{"line":359,"column":8}},{"start":{"line":359,"column":8},"end":{"line":359,"column":8}}]},"25":{"line":374,"type":"if","locations":[{"start":{"line":374,"column":8},"end":{"line":374,"column":8}},{"start":{"line":374,"column":8},"end":{"line":374,"column":8}}]},"26":{"line":375,"type":"if","locations":[{"start":{"line":375,"column":12},"end":{"line":375,"column":12}},{"start":{"line":375,"column":12},"end":{"line":375,"column":12}}]},"27":{"line":390,"type":"if","locations":[{"start":{"line":390,"column":6},"end":{"line":390,"column":6}},{"start":{"line":390,"column":6},"end":{"line":390,"column":6}}]}}},"contracts/masset/MassetCore.sol":{"l":{"40":0,"41":0,"48":0,"49":0,"56":0,"57":0,"67":0,"77":0,"87":0,"88":0,"89":0,"98":0,"108":0,"109":0,"120":0,"121":0,"122":0},"path":"/home/alex/projects/stability-labs/mstable/mstable-contracts/contracts/masset/MassetCore.sol","s":{"1":0,"2":0,"3":0,"4":0,"5":0,"6":0,"7":0,"8":0,"9":0,"10":0,"11":0,"12":0,"13":0,"14":0},"b":{"1":[0,0],"2":[0,0],"3":[0,0],"4":[0,0],"5":[0,0],"6":[0,0],"7":[0,0]},"f":{"1":0,"2":0,"3":0,"4":0,"5":0,"6":0,"7":0,"8":0,"9":0},"fnMap":{"1":{"name":"onlyManager","line":39,"loc":{"start":{"line":39,"column":4},"end":{"line":39,"column":24}}},"2":{"name":"onlyGovernance","line":47,"loc":{"start":{"line":47,"column":4},"end":{"line":47,"column":27}}},"3":{"name":"managerOrGovernance","line":55,"loc":{"start":{"line":55,"column":4},"end":{"line":55,"column":32}}},"4":{"name":"setManager","line":64,"loc":{"start":{"line":64,"column":4},"end":{"line":66,"column":25}}},"5":{"name":"setGovernance","line":74,"loc":{"start":{"line":74,"column":4},"end":{"line":76,"column":25}}},"6":{"name":"upgradeForgeLib","line":84,"loc":{"start":{"line":84,"column":4},"end":{"line":86,"column":25}}},"7":{"name":"lockForgeLib","line":95,"loc":{"start":{"line":95,"column":4},"end":{"line":97,"column":25}}},"8":{"name":"setFeePool","line":105,"loc":{"start":{"line":105,"column":4},"end":{"line":107,"column":20}}},"9":{"name":"setRedemptionFee","line":117,"loc":{"start":{"line":117,"column":4},"end":{"line":119,"column":20}}}},"statementMap":{"1":{"start":{"line":40,"column":8},"end":{"line":40,"column":65}},"2":{"start":{"line":48,"column":8},"end":{"line":48,"column":62}},"3":{"start":{"line":56,"column":8},"end":{"line":56,"column":107}},"4":{"start":{"line":67,"column":8},"end":{"line":67,"column":25}},"5":{"start":{"line":77,"column":8},"end":{"line":77,"column":31}},"6":{"start":{"line":87,"column":8},"end":{"line":87,"column":61}},"7":{"start":{"line":88,"column":8},"end":{"line":88,"column":70}},"8":{"start":{"line":89,"column":8},"end":{"line":89,"column":41}},"9":{"start":{"line":98,"column":8},"end":{"line":98,"column":28}},"10":{"start":{"line":108,"column":8},"end":{"line":108,"column":63}},"11":{"start":{"line":109,"column":8},"end":{"line":109,"column":25}},"12":{"start":{"line":120,"column":8},"end":{"line":120,"column":67}},"13":{"start":{"line":121,"column":8},"end":{"line":121,"column":37}},"14":{"start":{"line":122,"column":8},"end":{"line":122,"column":49}}},"branchMap":{"1":{"line":40,"type":"if","locations":[{"start":{"line":40,"column":8},"end":{"line":40,"column":8}},{"start":{"line":40,"column":8},"end":{"line":40,"column":8}}]},"2":{"line":48,"type":"if","locations":[{"start":{"line":48,"column":8},"end":{"line":48,"column":8}},{"start":{"line":48,"column":8},"end":{"line":48,"column":8}}]},"3":{"line":56,"type":"if","locations":[{"start":{"line":56,"column":8},"end":{"line":56,"column":8}},{"start":{"line":56,"column":8},"end":{"line":56,"column":8}}]},"4":{"line":87,"type":"if","locations":[{"start":{"line":87,"column":8},"end":{"line":87,"column":8}},{"start":{"line":87,"column":8},"end":{"line":87,"column":8}}]},"5":{"line":88,"type":"if","locations":[{"start":{"line":88,"column":8},"end":{"line":88,"column":8}},{"start":{"line":88,"column":8},"end":{"line":88,"column":8}}]},"6":{"line":108,"type":"if","locations":[{"start":{"line":108,"column":8},"end":{"line":108,"column":8}},{"start":{"line":108,"column":8},"end":{"line":108,"column":8}}]},"7":{"line":120,"type":"if","locations":[{"start":{"line":120,"column":8},"end":{"line":120,"column":8}},{"start":{"line":120,"column":8},"end":{"line":120,"column":8}}]}}},"contracts/masset/MassetToken.sol":{"l":{"19":0,"26":0},"path":"/home/alex/projects/stability-labs/mstable/mstable-contracts/contracts/masset/MassetToken.sol","s":{"1":0,"2":0},"b":{},"f":{"1":0,"2":0,"3":8},"fnMap":{"1":{"name":"burn","line":18,"loc":{"start":{"line":18,"column":4},"end":{"line":18,"column":38}}},"2":{"name":"burnFrom","line":25,"loc":{"start":{"line":25,"column":4},"end":{"line":25,"column":59}}},"3":{"name":"constructor","line":42,"loc":{"start":{"line":42,"column":4},"end":{"line":53,"column":5}}}},"statementMap":{"1":{"start":{"line":19,"column":8},"end":{"line":19,"column":32}},"2":{"start":{"line":26,"column":8},"end":{"line":26,"column":33}}},"branchMap":{}},"contracts/masset/MERC20Detailed.sol":{"l":{"42":2,"46":2,"50":0,"51":0,"55":0,"59":0,"60":0,"64":0,"65":0,"66":0,"70":0,"71":0,"75":0,"76":0,"80":0,"81":0,"83":0,"84":0,"85":0,"89":2,"91":2,"92":2,"93":2,"97":0,"99":0,"100":0,"101":0,"105":0,"106":0,"108":0,"109":0,"113":0,"114":0,"130":8,"131":8,"132":8,"139":0,"146":0,"153":0},"path":"/home/alex/projects/stability-labs/mstable/mstable-contracts/contracts/masset/MERC20Detailed.sol","s":{"1":2,"2":2,"3":0,"4":0,"5":0,"6":0,"7":0,"8":0,"9":0,"10":0,"11":0,"12":0,"13":0,"14":0,"15":0,"16":0,"17":0,"18":0,"19":0,"20":2,"21":2,"22":2,"23":2,"24":0,"25":0,"26":0,"27":0,"28":0,"29":0,"30":0,"31":0,"32":0,"33":0,"34":8,"35":8,"36":8,"37":0,"38":0,"39":0},"b":{"1":[0,0],"2":[0,0],"3":[2,0],"4":[0,0],"5":[0,0],"6":[0,0]},"f":{"1":2,"2":2,"3":0,"4":0,"5":0,"6":0,"7":0,"8":0,"9":0,"10":2,"11":0,"12":0,"13":0,"14":8,"15":0,"16":0,"17":0},"fnMap":{"1":{"name":"totalSupply","line":41,"loc":{"start":{"line":41,"column":4},"end":{"line":41,"column":54}}},"2":{"name":"balanceOf","line":45,"loc":{"start":{"line":45,"column":4},"end":{"line":45,"column":67}}},"3":{"name":"transfer","line":49,"loc":{"start":{"line":49,"column":4},"end":{"line":49,"column":76}}},"4":{"name":"allowance","line":54,"loc":{"start":{"line":54,"column":4},"end":{"line":54,"column":82}}},"5":{"name":"approve","line":58,"loc":{"start":{"line":58,"column":4},"end":{"line":58,"column":72}}},"6":{"name":"transferFrom","line":63,"loc":{"start":{"line":63,"column":4},"end":{"line":63,"column":96}}},"7":{"name":"increaseAllowance","line":69,"loc":{"start":{"line":69,"column":4},"end":{"line":69,"column":87}}},"8":{"name":"decreaseAllowance","line":74,"loc":{"start":{"line":74,"column":4},"end":{"line":74,"column":92}}},"9":{"name":"_transfer","line":79,"loc":{"start":{"line":79,"column":4},"end":{"line":79,"column":80}}},"10":{"name":"_mint","line":88,"loc":{"start":{"line":88,"column":4},"end":{"line":88,"column":58}}},"11":{"name":"_burn","line":96,"loc":{"start":{"line":96,"column":4},"end":{"line":96,"column":57}}},"12":{"name":"_approve","line":104,"loc":{"start":{"line":104,"column":4},"end":{"line":104,"column":75}}},"13":{"name":"_burnFrom","line":112,"loc":{"start":{"line":112,"column":4},"end":{"line":112,"column":62}}},"14":{"name":"constructor","line":129,"loc":{"start":{"line":129,"column":4},"end":{"line":129,"column":79}}},"15":{"name":"name","line":138,"loc":{"start":{"line":138,"column":4},"end":{"line":138,"column":53}}},"16":{"name":"symbol","line":145,"loc":{"start":{"line":145,"column":4},"end":{"line":145,"column":55}}},"17":{"name":"decimals","line":152,"loc":{"start":{"line":152,"column":4},"end":{"line":152,"column":49}}}},"statementMap":{"1":{"start":{"line":42,"column":8},"end":{"line":42,"column":27}},"2":{"start":{"line":46,"column":8},"end":{"line":46,"column":33}},"3":{"start":{"line":50,"column":8},"end":{"line":50,"column":47}},"4":{"start":{"line":51,"column":8},"end":{"line":51,"column":19}},"5":{"start":{"line":55,"column":8},"end":{"line":55,"column":42}},"6":{"start":{"line":59,"column":8},"end":{"line":59,"column":43}},"7":{"start":{"line":60,"column":8},"end":{"line":60,"column":19}},"8":{"start":{"line":64,"column":8},"end":{"line":64,"column":43}},"9":{"start":{"line":65,"column":8},"end":{"line":65,"column":80}},"10":{"start":{"line":66,"column":8},"end":{"line":66,"column":19}},"11":{"start":{"line":70,"column":8},"end":{"line":70,"column":86}},"12":{"start":{"line":71,"column":8},"end":{"line":71,"column":19}},"13":{"start":{"line":75,"column":8},"end":{"line":75,"column":91}},"14":{"start":{"line":76,"column":8},"end":{"line":76,"column":19}},"15":{"start":{"line":80,"column":8},"end":{"line":80,"column":77}},"16":{"start":{"line":81,"column":8},"end":{"line":81,"column":78}},"17":{"start":{"line":83,"column":8},"end":{"line":83,"column":56}},"18":{"start":{"line":84,"column":8},"end":{"line":84,"column":62}},"19":{"start":{"line":85,"column":8},"end":{"line":85,"column":48}},"20":{"start":{"line":89,"column":8},"end":{"line":89,"column":72}},"21":{"start":{"line":91,"column":8},"end":{"line":91,"column":46}},"22":{"start":{"line":92,"column":8},"end":{"line":92,"column":58}},"23":{"start":{"line":93,"column":8},"end":{"line":93,"column":50}},"24":{"start":{"line":97,"column":8},"end":{"line":97,"column":74}},"25":{"start":{"line":99,"column":8},"end":{"line":99,"column":45}},"26":{"start":{"line":100,"column":8},"end":{"line":100,"column":57}},"27":{"start":{"line":101,"column":8},"end":{"line":101,"column":49}},"28":{"start":{"line":105,"column":8},"end":{"line":105,"column":75}},"29":{"start":{"line":106,"column":8},"end":{"line":106,"column":75}},"30":{"start":{"line":108,"column":8},"end":{"line":108,"column":42}},"31":{"start":{"line":109,"column":8},"end":{"line":109,"column":44}},"32":{"start":{"line":113,"column":8},"end":{"line":113,"column":29}},"33":{"start":{"line":114,"column":8},"end":{"line":114,"column":82}},"34":{"start":{"line":130,"column":8},"end":{"line":130,"column":19}},"35":{"start":{"line":131,"column":8},"end":{"line":131,"column":23}},"36":{"start":{"line":132,"column":8},"end":{"line":132,"column":27}},"37":{"start":{"line":139,"column":8},"end":{"line":139,"column":20}},"38":{"start":{"line":146,"column":8},"end":{"line":146,"column":22}},"39":{"start":{"line":153,"column":8},"end":{"line":153,"column":24}}},"branchMap":{"1":{"line":80,"type":"if","locations":[{"start":{"line":80,"column":8},"end":{"line":80,"column":8}},{"start":{"line":80,"column":8},"end":{"line":80,"column":8}}]},"2":{"line":81,"type":"if","locations":[{"start":{"line":81,"column":8},"end":{"line":81,"column":8}},{"start":{"line":81,"column":8},"end":{"line":81,"column":8}}]},"3":{"line":89,"type":"if","locations":[{"start":{"line":89,"column":8},"end":{"line":89,"column":8}},{"start":{"line":89,"column":8},"end":{"line":89,"column":8}}]},"4":{"line":97,"type":"if","locations":[{"start":{"line":97,"column":8},"end":{"line":97,"column":8}},{"start":{"line":97,"column":8},"end":{"line":97,"column":8}}]},"5":{"line":105,"type":"if","locations":[{"start":{"line":105,"column":8},"end":{"line":105,"column":8}},{"start":{"line":105,"column":8},"end":{"line":105,"column":8}}]},"6":{"line":106,"type":"if","locations":[{"start":{"line":106,"column":8},"end":{"line":106,"column":8}},{"start":{"line":106,"column":8},"end":{"line":106,"column":8}}]}}},"contracts/masset/mGLD.sol":{"l":{},"path":"/home/alex/projects/stability-labs/mstable/mstable-contracts/contracts/masset/mGLD.sol","s":{},"b":{},"f":{"1":3},"fnMap":{"1":{"name":"constructor","line":13,"loc":{"start":{"line":13,"column":4},"end":{"line":32,"column":5}}}},"statementMap":{},"branchMap":{}},"contracts/masset/mUSD.sol":{"l":{},"path":"/home/alex/projects/stability-labs/mstable/mstable-contracts/contracts/masset/mUSD.sol","s":{},"b":{},"f":{"1":3},"fnMap":{"1":{"name":"constructor","line":13,"loc":{"start":{"line":13,"column":4},"end":{"line":31,"column":5}}}},"statementMap":{},"branchMap":{}},"contracts/masset/rewards/ForgeRewardsMUSD.sol":{"l":{"90":0,"91":0,"92":0,"93":0,"103":0,"104":0,"111":0,"112":0,"138":0,"139":0,"141":0,"142":0,"144":0,"147":0,"152":0,"155":0,"182":0,"183":0,"186":0,"189":0,"205":0,"206":0,"209":0,"210":0,"211":0,"214":0,"215":0,"218":0,"219":0,"222":0,"223":0,"224":0,"241":0,"256":0,"257":0,"259":0,"260":0,"262":0,"263":0,"264":0,"268":0,"271":0,"272":0,"273":0,"275":0,"276":0,"292":0,"306":0,"307":0,"309":0,"310":0,"311":0,"312":0,"314":0,"315":0,"317":0,"318":0,"339":0,"340":0,"345":0,"346":0,"347":0,"350":0,"351":0,"352":0,"354":0,"364":0,"365":0,"367":0,"368":0,"370":0,"371":0,"373":0,"389":0,"390":0,"409":0,"412":0,"415":0,"418":0,"451":0,"452":0,"453":0,"489":0,"490":0,"491":0,"526":0,"527":0,"528":0,"529":0,"530":0,"531":0,"532":0,"533":0,"534":0,"535":0,"536":0,"558":0,"559":0,"560":0,"561":0,"562":0,"563":0,"564":0},"path":"/home/alex/projects/stability-labs/mstable/mstable-contracts/contracts/masset/rewards/ForgeRewardsMUSD.sol","s":{"1":0,"2":0,"3":0,"4":0,"5":0,"6":0,"7":0,"8":0,"9":0,"10":0,"11":0,"12":0,"13":0,"14":0,"15":0,"16":0,"17":0,"18":0,"19":0,"20":0,"21":0,"22":0,"23":0,"24":0,"25":0,"26":0,"27":0,"28":0,"29":0,"30":0,"31":0,"32":0,"33":0,"34":0,"35":0,"36":0,"37":0,"38":0,"39":0,"40":0,"41":0,"42":0,"43":0,"44":0,"45":0,"46":0,"47":0,"48":0,"49":0,"50":0,"51":0,"52":0,"53":0,"54":0,"55":0,"56":0,"57":0,"58":0,"59":0,"60":0,"61":0,"62":0,"63":0,"64":0,"65":0,"66":0,"67":0,"68":0,"69":0,"70":0,"71":0,"72":0,"73":0,"74":0,"75":0,"76":0,"77":0,"78":0,"79":0,"80":0,"81":0,"82":0,"83":0,"84":0,"85":0,"86":0,"87":0,"88":0,"89":0,"90":0,"91":0,"92":0,"93":0,"94":0,"95":0,"96":0,"97":0,"98":0,"99":0,"100":0,"101":0,"102":0},"b":{"1":[0,0],"2":[0,0],"3":[0,0],"4":[0,0],"5":[0,0],"6":[0,0],"7":[0,0],"8":[0,0],"9":[0,0],"10":[0,0],"11":[0,0],"12":[0,0],"13":[0,0],"14":[0,0],"15":[0,0],"16":[0,0],"17":[0,0],"18":[0,0],"19":[0,0],"20":[0,0],"21":[0,0],"22":[0,0],"23":[0,0],"24":[0,0],"25":[0,0]},"f":{"1":0,"2":0,"3":0,"4":0,"5":0,"6":0,"7":0,"8":0,"9":0,"10":0,"11":0,"12":0,"13":0,"14":0,"15":0,"16":0,"17":0,"18":0},"fnMap":{"1":{"name":"constructor","line":89,"loc":{"start":{"line":89,"column":4},"end":{"line":89,"column":68}}},"2":{"name":"onlyGovernor","line":102,"loc":{"start":{"line":102,"column":4},"end":{"line":102,"column":25}}},"3":{"name":"changeGovernor","line":108,"loc":{"start":{"line":108,"column":4},"end":{"line":110,"column":18}}},"4":{"name":"mintTo","line":129,"loc":{"start":{"line":129,"column":4},"end":{"line":136,"column":5}}},"5":{"name":"mintSingleTo","line":168,"loc":{"start":{"line":168,"column":4},"end":{"line":176,"column":5}}},"6":{"name":"_logMintVolume","line":197,"loc":{"start":{"line":197,"column":4},"end":{"line":203,"column":5}}},"7":{"name":"claimReward","line":238,"loc":{"start":{"line":238,"column":4},"end":{"line":240,"column":27}}},"8":{"name":"claimReward","line":252,"loc":{"start":{"line":252,"column":4},"end":{"line":255,"column":27}}},"9":{"name":"redeemReward","line":289,"loc":{"start":{"line":289,"column":4},"end":{"line":291,"column":28}}},"10":{"name":"redeemReward","line":302,"loc":{"start":{"line":302,"column":4},"end":{"line":305,"column":28}}},"11":{"name":"fundTranche","line":336,"loc":{"start":{"line":336,"column":4},"end":{"line":338,"column":18}}},"12":{"name":"withdrawUnclaimedRewards","line":361,"loc":{"start":{"line":361,"column":4},"end":{"line":363,"column":18}}},"13":{"name":"_currentTrancheNumber","line":385,"loc":{"start":{"line":385,"column":4},"end":{"line":385,"column":79}}},"14":{"name":"_getTrancheDates","line":399,"loc":{"start":{"line":399,"column":4},"end":{"line":404,"column":7}}},"15":{"name":"getTrancheData","line":438,"loc":{"start":{"line":438,"column":4},"end":{"line":450,"column":7}}},"16":{"name":"getRewardeeData","line":477,"loc":{"start":{"line":477,"column":4},"end":{"line":488,"column":7}}},"17":{"name":"getRewardeeData","line":514,"loc":{"start":{"line":514,"column":4},"end":{"line":525,"column":7}}},"18":{"name":"getRewardeesData","line":549,"loc":{"start":{"line":549,"column":4},"end":{"line":557,"column":7}}}},"statementMap":{"1":{"start":{"line":90,"column":8},"end":{"line":90,"column":19}},"2":{"start":{"line":91,"column":8},"end":{"line":91,"column":17}},"3":{"start":{"line":92,"column":8},"end":{"line":92,"column":27}},"4":{"start":{"line":93,"column":8},"end":{"line":93,"column":28}},"5":{"start":{"line":103,"column":8},"end":{"line":103,"column":72}},"6":{"start":{"line":111,"column":8},"end":{"line":111,"column":67}},"7":{"start":{"line":112,"column":8},"end":{"line":112,"column":30}},"8":{"start":{"line":138,"column":8},"end":{"line":138,"column":72}},"9":{"start":{"line":139,"column":8},"end":{"line":139,"colum
[...]
:{"line":34,"column":8},"end":{"line":34,"column":8}}]},"3":{"line":51,"type":"if","locations":[{"start":{"line":51,"column":8},"end":{"line":51,"column":8}},{"start":{"line":51,"column":8},"end":{"line":51,"column":8}}]},"4":{"line":52,"type":"if","locations":[{"start":{"line":52,"column":8},"end":{"line":52,"column":8}},{"start":{"line":52,"column":8},"end":{"line":52,"column":8}}]},"5":{"line":110,"type":"if","locations":[{"start":{"line":110,"column":8},"end":{"line":110,"column":8}},{"start":{"line":110,"column":8},"end":{"line":110,"column":8}}]}}},"contracts/shared/libs/Set.sol":{"l":{"22":28,"23":24,"24":24,"33":0,"34":0,"35":0,"36":0,"37":0,"38":0,"55":0,"56":0,"57":0,"66":0,"67":0,"68":0,"69":0,"70":0,"71":0},"path":"/home/alex/projects/stability-labs/mstable/mstable-contracts/contracts/shared/libs/Set.sol","s":{"1":28,"2":4,"3":24,"4":24,"5":0,"6":0,"7":0,"8":0,"9":0,"10":0,"11":0,"12":0,"13":0,"14":0,"15":0,"16":0,"17":0,"18":0},"b":{"1":[4,24],"2":[0,0],"3":[0,0],"4":[0,0],"5":[0,0],"6":[0,0]},"f":{"1":28,"2":0,"3":0,"4":0},"fnMap":{"1":{"name":"add","line":21,"loc":{"start":{"line":21,"column":4},"end":{"line":21,"column":61}}},"2":{"name":"remove","line":32,"loc":{"start":{"line":32,"column":4},"end":{"line":32,"column":64}}},"3":{"name":"add","line":54,"loc":{"start":{"line":54,"column":4},"end":{"line":54,"column":61}}},"4":{"name":"remove","line":65,"loc":{"start":{"line":65,"column":4},"end":{"line":65,"column":64}}}},"statementMap":{"1":{"start":{"line":22,"column":8},"end":{"line":22,"column":38}},"2":{"start":{"line":22,"column":31},"end":{"line":22,"column":37}},"3":{"start":{"line":23,"column":8},"end":{"line":23,"column":30}},"4":{"start":{"line":24,"column":8},"end":{"line":24,"column":31}},"5":{"start":{"line":33,"column":8},"end":{"line":33,"column":39}},"6":{"start":{"line":33,"column":32},"end":{"line":33,"column":38}},"7":{"start":{"line":35,"column":8},"end":{"line":35,"column":1039}},"8":{"start":{"line":36,"column":12},"end":{"line":36,"column":1102}},"9":{"start":{"line":37,"column":16},"end":{"line":37,"column":67}},"10":{"start":{"line":55,"column":8},"end":{"line":55,"column":38}},"11":{"start":{"line":55,"column":31},"end":{"line":55,"column":37}},"12":{"start":{"line":56,"column":8},"end":{"line":56,"column":30}},"13":{"start":{"line":57,"column":8},"end":{"line":57,"column":31}},"14":{"start":{"line":66,"column":8},"end":{"line":66,"column":39}},"15":{"start":{"line":66,"column":32},"end":{"line":66,"column":38}},"16":{"start":{"line":68,"column":8},"end":{"line":68,"column":2168}},"17":{"start":{"line":69,"column":12},"end":{"line":69,"column":2231}},"18":{"start":{"line":70,"column":16},"end":{"line":70,"column":67}}},"branchMap":{"1":{"line":22,"type":"if","locations":[{"start":{"line":22,"column":8},"end":{"line":22,"column":8}},{"start":{"line":22,"column":8},"end":{"line":22,"column":8}}]},"2":{"line":33,"type":"if","locations":[{"start":{"line":33,"column":8},"end":{"line":33,"column":8}},{"start":{"line":33,"column":8},"end":{"line":33,"column":8}}]},"3":{"line":36,"type":"if","locations":[{"start":{"line":36,"column":12},"end":{"line":36,"column":12}},{"start":{"line":36,"column":12},"end":{"line":36,"column":12}}]},"4":{"line":55,"type":"if","locations":[{"start":{"line":55,"column":8},"end":{"line":55,"column":8}},{"start":{"line":55,"column":8},"end":{"line":55,"column":8}}]},"5":{"line":66,"type":"if","locations":[{"start":{"line":66,"column":8},"end":{"line":66,"column":8}},{"start":{"line":66,"column":8},"end":{"line":66,"column":8}}]},"6":{"line":69,"type":"if","locations":[{"start":{"line":69,"column":12},"end":{"line":69,"column":12}},{"start":{"line":69,"column":12},"end":{"line":69,"column":12}}]}}},"contracts/shared/math/StableMath.sol":{"l":{"19":45,"22":0,"25":21,"30":0,"35":15,"36":15,"41":37,"42":37,"47":0,"48":0,"52":49,"53":2,"55":47,"56":47,"61":9,"62":9,"67":0,"72":0,"73":0,"74":0,"81":12,"82":12,"87":3,"88":3,"94":0,"95":0,"100":0,"105":0,"110":0,"119":9,"124":0,"125":0,"126":0,"131":0,"132":0},"path":"/home/alex/projects/stability-labs/mstable/mstable-contracts/contracts/shared/math/StableMath.sol","s":{"1":45,"2":0,"3":21,"4":0,"5":15,"6":15,"7":37,"8":37,"9":0,"10":0,"11":49,"12":2,"13":47,"14":47,"15":9,"16":9,"17":0,"18":0,"19":0,"20":0,"21":12,"22":12,"23":3,"24":3,"25":0,"26":0,"27":0,"28":0,"29":0,"30":9,"31":0,"32":0,"33":0,"34":0,"35":0},"b":{"1":[15,0],"2":[37,0],"3":[0,0],"4":[2,47],"5":[47,0],"6":[12,0],"7":[0,0]},"f":{"1":45,"2":0,"3":21,"4":0,"5":15,"6":37,"7":0,"8":49,"9":9,"10":0,"11":0,"12":12,"13":3,"14":0,"15":0,"16":0,"17":0,"18":9,"19":0,"20":0},"fnMap":{"1":{"name":"getScale","line":18,"loc":{"start":{"line":18,"column":4},"end":{"line":18,"column":53}}},"2":{"name":"getPercent","line":21,"loc":{"start":{"line":21,"column":4},"end":{"line":21,"column":55}}},"3":{"name":"getRatio","line":24,"loc":{"start":{"line":24,"column":4},"end":{"line":24,"column":53}}},"4":{"name":"scale","line":29,"loc":{"start":{"line":29,"column":4},"end":{"line":29,"column":61}}},"5":{"name":"add","line":34,"loc":{"start":{"line":34,"column":4},"end":{"line":34,"column":70}}},"6":{"name":"sub","line":40,"loc":{"start":{"line":40,"column":4},"end":{"line":40,"column":70}}},"7":{"name":"sub64","line":46,"loc":{"start":{"line":46,"column":4},"end":{"line":46,"column":69}}},"8":{"name":"mul","line":51,"loc":{"start":{"line":51,"column":4},"end":{"line":51,"column":70}}},"9":{"name":"mulTruncate","line":60,"loc":{"start":{"line":60,"column":4},"end":{"line":60,"column":94}}},"10":{"name":"mulTruncate","line":66,"loc":{"start":{"line":66,"column":4},"end":{"line":66,"column":77}}},"11":{"name":"mulTruncateCeil","line":71,"loc":{"start":{"line":71,"column":4},"end":{"line":71,"column":81}}},"12":{"name":"div","line":80,"loc":{"start":{"line":80,"column":4},"end":{"line":80,"column":70}}},"13":{"name":"divPrecisely","line":86,"loc":{"start":{"line":86,"column":4},"end":{"line":86,"column":79}}},"14":{"name":"mod","line":93,"loc":{"start":{"line":93,"column":4},"end":{"line":93,"column":68}}},"15":{"name":"min","line":99,"loc":{"start":{"line":99,"column":4},"end":{"line":99,"column":68}}},"16":{"name":"max","line":104,"loc":{"start":{"line":104,"column":4},"end":{"line":104,"column":68}}},"17":{"name":"clamp","line":109,"loc":{"start":{"line":109,"column":4},"end":{"line":109,"column":72}}},"18":{"name":"mulRatioTruncate","line":118,"loc":{"start":{"line":118,"column":4},"end":{"line":118,"column":86}}},"19":{"name":"mulRatioTruncateCeil","line":123,"loc":{"start":{"line":123,"column":4},"end":{"line":123,"column":90}}},"20":{"name":"divRatioPrecisely","line":130,"loc":{"start":{"line":130,"column":4},"end":{"line":130,"column":87}}}},"statementMap":{"1":{"start":{"line":19,"column":6},"end":{"line":19,"column":22}},"2":{"start":{"line":22,"column":6},"end":{"line":22,"column":25}},"3":{"start":{"line":25,"column":6},"end":{"line":25,"column":23}},"4":{"start":{"line":30,"column":8},"end":{"line":30,"column":32}},"5":{"start":{"line":35,"column":8},"end":{"line":35,"column":16}},"6":{"start":{"line":36,"column":8},"end":{"line":36,"column":55}},"7":{"start":{"line":41,"column":8},"end":{"line":41,"column":58}},"8":{"start":{"line":42,"column":8},"end":{"line":42,"column":16}},"9":{"start":{"line":47,"column":8},"end":{"line":47,"column":58}},"10":{"start":{"line":48,"column":8},"end":{"line":48,"column":16}},"11":{"start":{"line":52,"column":8},"end":{"line":52,"column":1867}},"12":{"start":{"line":53,"column":12},"end":{"line":53,"column":20}},"13":{"start":{"line":55,"column":8},"end":{"line":55,"column":16}},"14":{"start":{"line":56,"column":8},"end":{"line":56,"column":65}},"15":{"start":{"line":61,"column":8},"end":{"line":61,"column":29}},"16":{"start":{"line":62,"column":8},"end":{"line":62,"column":25}},"17":{"start":{"line":67,"column":8},"end":{"line":67,"column":43}},"18":{"start":{"line":72,"column":8},"end":{"line":72,"column":34}},"19":{"start":{"line":73,"column":8},"end":{"line":73,"column":53}},"20":{"start":{"line":74,"column":8},"end":{"line":74,"column":31}},"21":{"start":{"line":81,"column":8},"end":{"line":81,"column":53}},"22":{"start":{"line":82,"column":8},"end":{"line":82,"column":16}},"23":{"start":{"line":87,"column":8},"end":{"line":87,"column":37}},"24":{"start":{"line":88,"column":8},"end":{"line":88,"column":20}},"25":{"start":{"line":94,"column":8},"end":{"line":94,"column":52}},"26":{"start":{"line":95,"column":8},"end":{"line":95,"column":20}},"27":{"start":{"line":100,"column":8},"end":{"line":100,"column":28}},"28":{"start":{"line":105,"column":8},"end":{"line":105,"column":28}},"29":{"start":{"line":110,"column":8},"end":{"line":110,"column":46}},"30":{"start":{"line":119,"column":8},"end":{"line":119,"column":48}},"31":{"start":{"line":124,"column":8},"end":{"line":124,"column":38}},"32":{"start":{"line":125,"column":8},"end":{"line":125,"column":54}},"33":{"start":{"line":126,"column":8},"end":{"line":126,"column":32}},"34":{"start":{"line":131,"column":8},"end":{"line":131,"column":38}},"35":{"start":{"line":132,"column":8},"end":{"line":132,"column":24}}},"branchMap":{"1":{"line":36,"type":"if","locations":[{"start":{"line":36,"column":8},"end":{"line":36,"column":8}},{"start":{"line":36,"column":8},"end":{"line":36,"column":8}}]},"2":{"line":41,"type":"if","locations":[{"start":{"line":41,"column":8},"end":{"line":41,"column":8}},{"start":{"line":41,"column":8},"end":{"line":41,"column":8}}]},"3":{"line":47,"type":"if","locations":[{"start":{"line":47,"column":8},"end":{"line":47,"column":8}},{"start":{"line":47,"column":8},"end":{"line":47,"column":8}}]},"4":{"line":52,"type":"if","locations":[{"start":{"line":52,"column":8},"end":{"line":52,"column":8}},{"start":{"line":52,"column":8},"end":{"line":52,"column":8}}]},"5":{"line":56,"type":"if","locations":[{"start":{"line":56,"column":8},"end":{"line":56,"column":8}},{"start":{"line":56,"column":8},"end":{"line":56,"column":8}}]},"6":{"line":81,"type":"if","locations":[{"start":{"line":81,"column":8},"end":{"line":81,"column":8}},{"start":{"line":81,"column":8},"end":{"line":81,"column":8}}]},"7":{"line":94,"type":"if","locations":[{"start":{"line":94,"column":8},"end":{"line":94,"column":8}},{"start":{"line":94,"column":8},"end":{"line":94,"column":8}}]}}},"contracts/shared/pubsub/ModuleKeys.sol":{"l":{},"path":"/home/alex/projects/stability-labs/mstable/mstable-contracts/contracts/shared/pubsub/ModuleKeys.sol","s":{},"b":{},"f":{},"fnMap":{},"statementMap":{},"branchMap":{}},"contracts/shared/pubsub/ModulePub.sol":{"l":{"38":29,"39":29,"40":29,"53":28,"54":50,"57":50,"59":24,"63":28,"64":28,"96":1,"97":1,"109":0,"122":24,"123":24,"124":24,"125":24,"126":66,"127":66},"path":"/home/alex/projects/stability-labs/mstable/mstable-contracts/contracts/shared/pubsub/ModulePub.sol","s":{"1":29,"2":29,"3":28,"4":50,"5":50,"6":24,"7":28,"8":28,"9":1,"10":1,"11":0,"12":24,"13":24,"14":24,"15":24,"16":66,"17":66},"b":{"1":[29,0],"2":[26,24]},"f":{"1":29,"2":28,"3":1,"4":0,"5":24},"fnMap":{"1":{"name":"onlyUnlockedModule","line":37,"loc":{"start":{"line":37,"column":4},"end":{"line":37,"column":43}}},"2":{"name":"_publishModule","line":49,"loc":{"start":{"line":49,"column":4},"end":{"line":51,"column":30}}},"3":{"name":"_lockModule","line":93,"loc":{"start":{"line":93,"column":4},"end":{"line":95,"column":30}}},"4":{"name":"getModule","line":105,"loc":{"start":{"line":105,"column":4},"end":{"line":108,"column":23}}},"5":{"name":"getModules","line":118,"loc":{"start":{"line":118,"column":4},"end":{"line":121,"column":77}}}},"statementMap":{"1":{"start":{"line":38,"column":8},"end":{"line":38,"column":47}},"2":{"start":{"line":39,"column":8},"end":{"line":39,"column":55}},"3":{"start":{"line":53,"column":8},"end":{"line":53,"column":1564}},"4":{"start":{"line":54,"column":12},"end":{"line":54,"column":67}},"5":{"start":{"line":57,"column":12},"end":{"line":57,"column":42}},"6":{"start":{"line":59,"column":12},"end":{"line":59,"column":69}},"7":{"start":{"line":63,"column":8},"end":{"line":63,"column":27}},"8":{"start":{"line":64,"column":8},"end":{"line":64,"column":75}},"9":{"start":{"line":96,"column":8},"end":{"line":96,"column":48}},"10":{"start":{"line":97,"column":8},"end":{"line":97,"column":25}},"11":{"start":{"line":109,"column":8},"end":{"line":109,"column":45}},"12":{"start":{"line":122,"column":8},"end":{"line":122,"column":39}},"13":{"start":{"line":123,"column":8},"end":{"line":123,"column":34}},"14":{"start":{"line":124,"column":8},"end":{"line":124,"column":39}},"15":{"start":{"line":125,"column":8},"end":{"line":125,"column":3931}},"16":{"start":{"line":126,"column":12},"end":{"line":126,"column":41}},"17":{"start":{"line":127,"column":12},"end":{"line":127,"column":59}}},"branchMap":{"1":{"line":39,"type":"if","locations":[{"start":{"line":39,"column":8},"end":{"line":39,"column":8}},{"start":{"line":39,"column":8},"end":{"line":39,"column":8}}]},"2":{"line":57,"type":"if","locations":[{"start":{"line":57,"column":12},"end":{"line":57,"column":12}},{"start":{"line":57,"column":12},"end":{"line":57,"column":12}}]}}},"contracts/shared/pubsub/ModuleSub.sol":{"l":{"25":24,"28":24,"29":24,"30":66,"36":24,"37":24,"42":0,"43":0,"54":24,"55":0,"57":24},"path":"/home/alex/projects/stability-labs/mstable/mstable-contracts/contracts/shared/pubsub/ModuleSub.sol","s":{"1":24,"2":24,"3":24,"4":66,"5":24,"6":0,"7":24,"8":0,"9":24},"b":{"1":[24,0],"2":[0,0],"3":[0,24]},"f":{"1":24,"2":24,"3":0,"4":24},"fnMap":{"1":{"name":"constructor","line":24,"loc":{"start":{"line":24,"column":4},"end":{"line":24,"column":36}}},"2":{"name":"onlyPub","line":35,"loc":{"start":{"line":35,"column":4},"end":{"line":35,"column":20}}},"3":{"name":"onlyModule","line":41,"loc":{"start":{"line":41,"column":4},"end":{"line":41,"column":38}}},"4":{"name":"updateModule","line":51,"loc":{"start":{"line":51,"column":4},"end":{"line":53,"column":13}}}},"statementMap":{"1":{"start":{"line":25,"column":8},"end":{"line":25,"column":23}},"2":{"start":{"line":28,"column":8},"end":{"line":28,"column":105}},"3":{"start":{"line":29,"column":8},"end":{"line":29,"column":962}},"4":{"start":{"line":30,"column":12},"end":{"line":30,"column":57}},"5":{"start":{"line":36,"column":8},"end":{"line":36,"column":78}},"6":{"start":{"line":42,"column":8},"end":{"line":42,"column":117}},"7":{"start":{"line":54,"column":8},"end":{"line":54,"column":1824}},"8":{"start":{"line":55,"column":12},"end":{"line":55,"column":34}},"9":{"start":{"line":57,"column":8},"end":{"line":57,"column":47}}},"branchMap":{"1":{"line":36,"type":"if","locations":[{"start":{"line":36,"column":8},"end":{"line":36,"column":8}},{"start":{"line":36,"column":8},"end":{"line":36,"column":8}}]},"2":{"line":42,"type":"if","locations":[{"start":{"line":42,"column":8},"end":{"line":42,"column":8}},{"start":{"line":42,"column":8},"end":{"line":42,"column":8}}]},"3":{"line":54,"type":"if","locations":[{"start":{"line":54,"column":8},"end":{"line":54,"column":8}},{"start":{"line":54,"column":8},"end":{"line":54,"column":8}}]}}},"contracts/shared/ReentrancyGuard.sol":{"l":{"22":0,"33":0,"34":0,"35":0,"36":0},"path":"/home/alex/projects/stability-labs/mstable/mstable-contracts/contracts/shared/ReentrancyGuard.sol","s":{"1":0,"2":0,"3":0,"4":0},"b":{"1":[0,0]},"f":{"1":0,"2":0},"fnMap":{"1":{"name":"constructor","line":19,"loc":{"start":{"line":19,"column":4},"end":{"line":19,"column":25}}},"2":{"name":"nonReentrant","line":32,"loc":{"start":{"line":32,"column":4},"end":{"line":32,"column":25}}}},"statementMap":{"1":{"start":{"line":22,"column":8},"end":{"line":22,"column":24}},"2":{"start":{"line":33,"column":8},"end":{"line":33,"column":25}},"3":{"start":{"line":34,"column":8},"end":{"line":34,"column":44}},"4":{"start":{"line":36,"column":8},"end":{"line":36,"column":80}}},"branchMap":{"1":{"line":36,"type":"if","locations":[{"start":{"line":36,"column":8},"end":{"line":36,"column":8}},{"start":{"line":36,"column":8},"end":{"line":36,"column":8}}]}}},"contracts/systok/MetaToken.sol":{"l":{"17":0,"18":0,"22":0,"23":0,"27":0,"28":0,"29":0,"34":0,"35":0,"36":0,"51":0,"52":0,"76":6,"77":6},"path":"/home/alex/projects/stability-labs/mstable/mstable-contracts/contracts/systok/MetaToken.sol","s":{"1":0,"2":0,"3":0,"4":0,"5":0,"6":0,"7":0,"8":0,"9":0,"10":0,"11":0,"12":6,"13":6},"b":{"1":[0,0],"2":[0,0],"3":[0,0],"4":[0,0]},"f":{"1":0,"2":0,"3":0,"4":0,"5":0,"6":6},"fnMap":{"1":{"name":"onlyMinter","line":16,"loc":{"start":{"line":16,"column":4},"end":{"line":16,"column":23}}},"2":{"name":"isMinter","line":21,"loc":{"start":{"line":21,"column":4},"end":{"line":21,"column":63}}},"3":{"name":"_addMinter","line":26,"loc":{"start":{"line":26,"column":4},"end":{"line":26,"column":47}}},"4":{"name":"_removeMinter","line":33,"loc":{"start":{"line":33,"column":4},"end":{"line":33,"column":50}}},"5":{"name":"mint","line":50,"loc":{"start":{"line":50,"column":4},"end":{"line":50,"column":81}}},"6":{"name":"constructor","line":66,"loc":{"start":{"line":66,"column":4},"end":{"line":75,"column":5}}}},"statementMap":{"1":{"start":{"line":17,"column":8},"end":{"line":17,"column":88}},"2":{"start":{"line":22,"column":8},"end":{"line":22,"column":75}},"3":{"start":{"line":23,"column":8},"end":{"line":23,"column":32}},"4":{"start":{"line":27,"column":8},"end":{"line":27,"column":941}},"5":{"start":{"line":28,"column":12},"end":{"line":28,"column":35}},"6":{"start":{"line":29,"column":12},"end":{"line":29,"column":37}},"7":{"start":{"line":34,"column":8},"end":{"line":34,"column":1122}},"8":{"start":{"line":35,"column":12},"end":{"line":35,"column":36}},"9":{"start":{"line":36,"column":12},"end":{"line":36,"column":39}},"10":{"start":{"line":51,"column":8},"end":{"line":51,"column":29}},"11":{"start":{"line":52,"column":8},"end":{"line":52,"column":19}},"12":{"start":{"line":76,"column":8},"end":{"line":76,"column":51}},"13":{"start":{"line":77,"column":8},"end":{"line":77,"column":46}}},"branchMap":{"1":{"line":17,"type":"if","locations":[{"start":{"line":17,"column":8},"end":{"line":17,"column":8}},{"start":{"line":17,"column":8},"end":{"line":17,"column":8}}]},"2":{"line":22,"type":"if","locations":[{"start":{"line":22,"column":8},"end":{"line":22,"column":8}},{"start":{"line":22,"column":8},"end":{"line":22,"column":8}}]},"3":{"line":27,"type":"if","locations":[{"start":{"line":27,"column":8},"end":{"line":27,"column":8}},{"start":{"line":27,"column":8},"end":{"line":27,"column":8}}]},"4":{"line":34,"type":"if","locations":[{"start":{"line":34,"column":8},"end":{"line":34,"column":8}},{"start":{"line":34,"column":8},"end":{"line":34,"column":8}}]}}},"contracts/systok/Systok.sol":{"l":{"48":20,"49":0,"51":0,"52":0,"54":0,"55":0,"57":0},"path":"/home/alex/projects/stability-labs/mstable/mstable-contracts/contracts/systok/Systok.sol","s":{"1":20,"2":0,"3":0,"4":0,"5":0,"6":0,"7":0},"b":{"1":[0,20],"2":[0,0]},"f":{"1":6,"2":20},"fnMap":{"1":{"name":"constructor","line":30,"loc":{"start":{"line":30,"column":4},"end":{"line":37,"column":5}}},"2":{"name":"_internalUpdateModule","line":45,"loc":{"start":{"line":45,"column":4},"end":{"line":46,"column":14}}}},"statementMap":{"1":{"start":{"line":48,"column":8},"end":{"line":48,"column":1389}},"2":{"start":{"line":49,"column":12},"end":{"line":49,"column":51}},"3":{"start":{"line":51,"column":12},"end":{"line":51,"column":1548}},"4":{"start":{"line":52,"column":14},"end":{"line":52,"column":31}},"5":{"start":{"line":54,"column":12},"end":{"line":54,"column":41}},"6":{"start":{"line":55,"column":12},"end":{"line":55,"column":34}},"7":{"start":{"line":57,"column":12},"end":{"line":57,"column":48}}},"branchMap":{"1":{"line":48,"type":"if","locations":[{"start":{"line":48,"column":8},"end":{"line":48,"column":8}},{"start":{"line":48,"column":8},"end":{"line":48,"column":8}}]},"2":{"line":51,"type":"if","locations":[{"start":{"line":51,"column":12},"end":{"line":51,"column":12}},{"start":{"line":51,"column":12},"end":{"line":51,"column":12}}]}}}}