{"contracts/governance/ClaimableGovernor.sol":{"l":{"20":25,"21":13,"25":81,"30":6,"38":41,"39":35,"41":29,"42":29,"49":11,"51":5,"52":5,"59":3,"60":3,"61":3},"path":"/home/alex/projects/stability-labs/mstable/mstable-contracts/contracts/governance/ClaimableGovernor.sol","s":{"1":25,"2":81,"3":6,"4":41,"5":35,"6":29,"7":29,"8":11,"9":5,"10":5,"11":3,"12":3,"13":3},"b":{"1":[13,12],"2":[35,6],"3":[29,6],"4":[5,6]},"f":{"1":25,"2":81,"3":6,"4":41,"5":11,"6":3},"fnMap":{"1":{"name":"onlyProposedGovernor","line":19,"loc":{"start":{"line":19,"column":4},"end":{"line":19,"column":33}}},"2":{"name":"constructor","line":24,"loc":{"start":{"line":24,"column":4},"end":{"line":24,"column":39}}},"3":{"name":"changeGovernor","line":29,"loc":{"start":{"line":29,"column":4},"end":{"line":29,"column":54}}},"4":{"name":"requestGovernorChange","line":37,"loc":{"start":{"line":37,"column":4},"end":{"line":37,"column":79}}},"5":{"name":"cancelGovernorChange","line":48,"loc":{"start":{"line":48,"column":4},"end":{"line":48,"column":53}}},"6":{"name":"claimGovernorChange","line":58,"loc":{"start":{"line":58,"column":4},"end":{"line":58,"column":60}}}},"statementMap":{"1":{"start":{"line":20,"column":8},"end":{"line":20,"column":83}},"2":{"start":{"line":25,"column":8},"end":{"line":25,"column":33}},"3":{"start":{"line":30,"column":8},"end":{"line":30,"column":54}},"4":{"start":{"line":38,"column":8},"end":{"line":38,"column":93}},"5":{"start":{"line":39,"column":8},"end":{"line":39,"column":79}},"6":{"start":{"line":41,"column":8},"end":{"line":41,"column":43}},"7":{"start":{"line":42,"column":8},"end":{"line":42,"column":67}},"8":{"start":{"line":49,"column":8},"end":{"line":49,"column":75}},"9":{"start":{"line":51,"column":8},"end":{"line":51,"column":66}},"10":{"start":{"line":52,"column":8},"end":{"line":52,"column":36}},"11":{"start":{"line":59,"column":8},"end":{"line":59,"column":40}},"12":{"start":{"line":60,"column":8},"end":{"line":60,"column":52}},"13":{"start":{"line":61,"column":8},"end":{"line":61,"column":36}}},"branchMap":{"1":{"line":20,"type":"if","locations":[{"start":{"line":20,"column":8},"end":{"line":20,"column":8}},{"start":{"line":20,"column":8},"end":{"line":20,"column":8}}]},"2":{"line":38,"type":"if","locations":[{"start":{"line":38,"column":8},"end":{"line":38,"column":8}},{"start":{"line":38,"column":8},"end":{"line":38,"column":8}}]},"3":{"line":39,"type":"if","locations":[{"start":{"line":39,"column":8},"end":{"line":39,"column":8}},{"start":{"line":39,"column":8},"end":{"line":39,"column":8}}]},"4":{"line":49,"type":"if","locations":[{"start":{"line":49,"column":8},"end":{"line":49,"column":8}},{"start":{"line":49,"column":8},"end":{"line":49,"column":8}}]}}},"contracts/governance/DelayedClaimableGovernor.sol":{"l":{"25":68,"26":66,"35":31,"36":31,"44":8,"45":8,"53":10,"54":2,"55":2},"path":"/home/alex/projects/stability-labs/mstable/mstable-contracts/contracts/governance/DelayedClaimableGovernor.sol","s":{"1":68,"2":66,"3":31,"4":31,"5":8,"6":8,"7":10,"8":2,"9":2},"b":{"1":[66,2],"2":[2,8]},"f":{"1":68,"2":31,"3":8,"4":10},"fnMap":{"1":{"name":"constructor","line":22,"loc":{"start":{"line":22,"column":4},"end":{"line":24,"column":34}}},"2":{"name":"requestGovernorChange","line":34,"loc":{"start":{"line":34,"column":4},"end":{"line":34,"column":79}}},"3":{"name":"cancelGovernorChange","line":43,"loc":{"start":{"line":43,"column":4},"end":{"line":43,"column":53}}},"4":{"name":"claimGovernorChange","line":52,"loc":{"start":{"line":52,"column":4},"end":{"line":52,"column":60}}}},"statementMap":{"1":{"start":{"line":25,"column":8},"end":{"line":25,"column":61}},"2":{"start":{"line":26,"column":8},"end":{"line":26,"column":21}},"3":{"start":{"line":35,"column":8},"end":{"line":35,"column":24}},"4":{"start":{"line":36,"column":8},"end":{"line":36,"column":53}},"5":{"start":{"line":44,"column":8},"end":{"line":44,"column":22}},"6":{"start":{"line":45,"column":8},"end":{"line":45,"column":35}},"7":{"start":{"line":53,"column":8},"end":{"line":53,"column":65}},"8":{"start":{"line":54,"column":8},"end":{"line":54,"column":34}},"9":{"start":{"line":55,"column":8},"end":{"line":55,"column":22}}},"branchMap":{"1":{"line":25,"type":"if","locations":[{"start":{"line":25,"column":8},"end":{"line":25,"column":8}},{"start":{"line":25,"column":8},"end":{"line":25,"column":8}}]},"2":{"line":53,"type":"if","locations":[{"start":{"line":53,"column":8},"end":{"line":53,"column":8}},{"start":{"line":53,"column":8},"end":{"line":53,"column":8}}]}}},"contracts/governance/Governable.sol":{"l":{"16":93,"17":93,"24":70,"31":187,"32":167,"39":189,"48":3,"56":95,"57":93,"58":93},"path":"/home/alex/projects/stability-labs/mstable/mstable-contracts/contracts/governance/Governable.sol","s":{"1":93,"2":93,"3":70,"4":187,"5":189,"6":3,"7":95,"8":93,"9":93},"b":{"1":[167,20],"2":[93,2]},"f":{"1":93,"2":70,"3":187,"4":189,"5":3,"6":95},"fnMap":{"1":{"name":"constructor","line":15,"loc":{"start":{"line":15,"column":4},"end":{"line":15,"column":25}}},"2":{"name":"governor","line":23,"loc":{"start":{"line":23,"column":4},"end":{"line":23,"column":51}}},"3":{"name":"onlyGovernor","line":30,"loc":{"start":{"line":30,"column":4},"end":{"line":30,"column":25}}},"4":{"name":"isGovernor","line":38,"loc":{"start":{"line":38,"column":4},"end":{"line":38,"column":50}}},"5":{"name":"changeGovernor","line":47,"loc":{"start":{"line":47,"column":4},"end":{"line":47,"column":67}}},"6":{"name":"_changeGovernor","line":55,"loc":{"start":{"line":55,"column":4},"end":{"line":55,"column":57}}}},"statementMap":{"1":{"start":{"line":16,"column":8},"end":{"line":16,"column":29}},"2":{"start":{"line":17,"column":8},"end":{"line":17,"column":51}},"3":{"start":{"line":24,"column":8},"end":{"line":24,"column":24}},"4":{"start":{"line":31,"column":8},"end":{"line":31,"column":70}},"5":{"start":{"line":39,"column":8},"end":{"line":39,"column":38}},"6":{"start":{"line":48,"column":8},"end":{"line":48,"column":36}},"7":{"start":{"line":56,"column":8},"end":{"line":56,"column":90}},"8":{"start":{"line":57,"column":8},"end":{"line":57,"column":53}},"9":{"start":{"line":58,"column":8},"end":{"line":58,"column":31}}},"branchMap":{"1":{"line":31,"type":"if","locations":[{"start":{"line":31,"column":8},"end":{"line":31,"column":8}},{"start":{"line":31,"column":8},"end":{"line":31,"column":8}}]},"2":{"line":56,"type":"if","locations":[{"start":{"line":56,"column":8},"end":{"line":56,"column":8}},{"start":{"line":56,"column":8},"end":{"line":56,"column":8}}]}}},"contracts/governance/MultiSigWallet.sol":{"l":{"50":0,"51":0,"55":0,"56":0,"60":0,"61":0,"65":0,"66":0,"70":0,"71":0,"75":0,"76":0,"80":0,"81":0,"85":0,"86":0,"90":0,"94":0,"104":0,"105":0,"106":0,"108":0,"109":0,"117":0,"118":0,"130":0,"131":0,"132":0,"142":0,"143":0,"144":0,"145":0,"146":0,"148":0,"149":0,"150":0,"151":0,"163":0,"164":0,"165":0,"166":0,"168":0,"169":0,"170":0,"171":0,"181":0,"182":0,"194":0,"195":0,"206":0,"207":0,"208":0,"219":0,"220":0,"231":0,"232":0,"233":0,"234":0,"235":0,"237":0,"238":0,"246":0,"248":0,"263":0,"274":0,"275":0,"276":0,"277":0,"278":0,"279":0,"296":0,"297":0,"303":0,"304":0,"318":0,"319":0,"320":0,"333":0,"334":0,"336":0,"346":0,"357":0,"358":0,"359":0,"360":0,"361":0,"362":0,"363":0,"365":0,"366":0,"367":0,"381":0,"382":0,"383":0,"384":0,"385":0,"388":0,"389":0,"391":0,"392":0,"393":0},"path":"/home/alex/projects/stability-labs/mstable/mstable-contracts/contracts/governance/MultiSigWallet.sol","s":{"1":0,"2":0,"3":0,"4":0,"5":0,"6":0,"7":0,"8":0,"9":0,"10":0,"11":0,"12":0,"13":0,"14":0,"15":0,"16":0,"17":0,"18":0,"19":0,"20":0,"21":0,"22":0,"23":0,"24":0,"25":0,"26":0,"27":0,"28":0,"29":0,"30":0,"31":0,"32":0,"33":0,"34":0,"35":0,"36":0,"37":0,"38":0,"39":0,"40":0,"41":0,"42":0,"43":0,"44":0,"45":0,"46":0,"47":0,"48":0,"49":0,"50":0,"51":0,"52":0,"53":0,"54":0,"55":0,"56":0,"57":0,"58":0,"59":0,"60":0,"61":0,"62":0,"63":0,"64":0,"65":0,"66":0,"67":0,"68":0,"69":0,"70":0,"71":0,"72":0,"73":0,"74":0,"75":0,"76":0,"77":0,"78":0,"79":0,"80":0,"81":0,"82":0,"83":0,"84":0,"85":0,"86":0,"87":0,"88":0,"89":0},"b":{"1":[0,0],"2":[0,0],"3":[0,0],"4":[0,0],"5":[0,0],"6":[0,0],"7":[0,0],"8":[0,0],"9":[0,0],"10":[0,0],"11":[0,0],"12":[0,0],"13":[0,0],"14":[0,0],"15":[0,0],"16":[0,0],"17":[0,0],"18":[0,0],"19":[0,0],"20":[0,0],"21":[0,0],"22":[0,0]},"f":{"1":0,"2":0,"3":0,"4":0,"5":0,"6":0,"7":0,"8":0,"9":0,"10":0,"11":0,"12":0,"13":0,"14":0,"15":0,"16":0,"17":0,"18":0,"19":0,"20":0,"21":0,"22":0,"23":0,"24":0,"25":0,"26":0,"27":0},"fnMap":{"1":{"name":"onlyWallet","line":49,"loc":{"start":{"line":49,"column":4},"end":{"line":49,"column":23}}},"2":{"name":"ownerDoesNotExist","line":54,"loc":{"start":{"line":54,"column":4},"end":{"line":54,"column":43}}},"3":{"name":"ownerExists","line":59,"loc":{"start":{"line":59,"column":4},"end":{"line":59,"column":37}}},"4":{"name":"transactionExists","line":64,"loc":{"start":{"line":64,"column":4},"end":{"line":64,"column":48}}},"5":{"name":"confirmed","line":69,"loc":{"start":{"line":69,"column":4},"end":{"line":69,"column":55}}},"6":{"name":"notConfirmed","line":74,"loc":{"start":{"line":74,"column":4},"end":{"line":74,"column":58}}},"7":{"name":"notExecuted","line":79,"loc":{"start":{"line":79,"column":4},"end":{"line":79,"column":42}}},"8":{"name":"notNull","line":84,"loc":{"start":{"line":84,"column":4},"end":{"line":84,"column":36}}},"9":{"name":"validRequirement","line":89,"loc":{"start":{"line":89,"column":4},"end":{"line":89,"column":60}}},"10":{"name":"constructor","line":100,"loc":{"start":{"line":100,"column":4},"end":{"line":103,"column":5}}},"11":{"name":"","line":113,"loc":{"start":{"line":113,"column":4},"end":{"line":116,"column":5}}},"12":{"name":"addOwner","line":123,"loc":{"start":{"line":123,"column":4},"end":{"line":129,"column":5}}},"13":{"name":"removeOwner","line":137,"loc":{"start":{"line":137,"column":4},"end":{"line":141,"column":5}}},"14":{"name":"replaceOwner","line":157,"loc":{"start":{"line":157,"column":4},"end":{"line":162,"column":5}}},"15":{"name":"changeRequirement","line":176,"loc":{"start":{"line":176,"column":4},"end":{"line":180,"column":5}}},"16":{"name":"submitTransaction","line":190,"loc":{"start":{"line":190,"column":4},"end":{"line":193,"column":5}}},"17":{"name":"confirmTransaction","line":200,"loc":{"start":{"line":200,"column":4},"end":{"line":205,"column":5}}},"18":{"name":"revokeConfirmation","line":213,"loc":{"start":{"line":213,"column":4},"end":{"line":218,"column":5}}},"19":{"name":"executeTransaction","line":225,"loc":{"start":{"line":225,"column":4},"end":{"line":230,"column":5}}},"20":{"name":"external_call","line":245,"loc":{"start":{"line":245,"column":4},"end":{"line":245,"column":117}}},"21":{"name":"isConfirmed","line":269,"loc":{"start":{"line":269,"column":4},"end":{"line":273,"column":5}}},"22":{"name":"addTransaction","line":291,"loc":{"start":{"line":291,"column":4},"end":{"line":295,"column":5}}},"23":{"name":"getConfirmationCount","line":313,"loc":{"start":{"line":313,"column":4},"end":{"line":317,"column":5}}},"24":{"name":"getTransactionCount","line":328,"loc":{"start":{"line":328,"column":4},"end":{"line":332,"column":5}}},"25":{"name":"getOwners","line":341,"loc":{"start":{"line":341,"column":4},"end":{"line":345,"column":5}}},"26":{"name":"getConfirmations","line":352,"loc":{"start":{"line":352,"column":4},"end":{"line":356,"column":5}}},"27":{"name":"getTransactionIds","line":376,"loc":{"start":{"line":376,"column":4},"end":{"line":380,"column":5}}}},"statementMap":{"1":{"start":{"line":50,"column":8},"end":{"line":50,"column":67}},"2":{"start":{"line":55,"column":8},"end":{"line":55,"column":55}},"3":{"start":{"line":60,"column":8},"end":{"line":60,"column":50}},"4":{"start":{"line":65,"column":8},"end":{"line":65,"column":86}},"5":{"start":{"line":70,"column":8},"end":{"line":70,"column":72}},"6":{"start":{"line":75,"column":8},"end":{"line":75,"column":77}},"7":{"start":{"line":80,"column":8},"end":{"line":80,"column":77}},"8":{"start":{"line":85,"column":8},"end":{"line":85,"column":63}},"9":{"start":{"line":90,"column":8},"end":{"line":90,"column":2651}},"10":{"start":{"line":104,"column":8},"end":{"line":104,"column":3124}},"11":{"start":{"line":105,"column":12},"end":{"line":105,"column":96}},"12":{"start":{"line":106,"column":12},"end":{"line":106,"column":37}},"13":{"start":{"line":108,"column":8},"end":{"line":108,"column":23}},"14":{"start":{"line":109,"column":8},"end":{"line":109,"column":27}},"15":{"start":{"line":117,"column":8},"end":{"line":117,"column":3533}},"16":{"start":{"line":118,"column":12},"end":{"line":118,"column":47}},"17":{"start":{"line":130,"column":8},"end":{"line":130,"column":28}},"18":{"start":{"line":131,"column":8},"end":{"line":131,"column":25}},"19":{"start":{"line":132,"column":8},"end":{"line":132,"column":33}},"20":{"start":{"line":142,"column":8},"end":{"line":142,"column":29}},"21":{"start":{"line":143,"column":8},"end":{"line":143,"column":4246}},"22":{"start":{"line":144,"column":12},"end":{"line":144,"column":4299}},"23":{"start":{"line":145,"column":16},"end":{"line":145,"column":52}},"24":{"start":{"line":148,"column":8},"end":{"line":148,"column":25}},"25":{"start":{"line":149,"column":8},"end":{"line":149,"column":4485}},"26":{"start":{"line":150,"column":12},"end":{"line":150,"column":43}},"27":{"start":{"line":151,"column":8},"end":{"line":151,"column":32}},"28":{"start":{"line":163,"column":8},"end":{"line":163,"column":4936}},"29":{"start":{"line":164,"column":12},"end":{"line":164,"column":4989}},"30":{"start":{"line":165,"column":16},"end":{"line":165,"column":35}},"31":{"start":{"line":168,"column":8},"end":{"line":168,"column":29}},"32":{"start":{"line":169,"column":8},"end":{"line":169,"column":31}},"33":{"start":{"line":170,"column":8},"end":{"line":170,"column":32}},"34":{"start":{"line":171,"column":8},"end":{"line":171,"column":36}},"35":{"start":{"line":181,"column":8},"end":{"line":181,"column":27}},"36":{"start":{"line":182,"column":8},"end":{"line":182,"column":41}},"37":{"start":{"line":194,"column":8},"end":{"line":194,"column":63}},"38":{"start":{"line":195,"column":8},"end":{"line":195,"column":40}},"39":{"start":{"line":206,"column":8},"end":{"line":206,"column":54}},"40":{"start":{"line":207,"column":8},"end":{"line":207,"column":52}},"41":{"start":{"line":208,"column":8},"end":{"line":208,"column":40}},"42":{"start":{"line":219,"column":8},"end":{"line":219,"column":55}},"43":{"start":{"line":220,"column":8},"end":{"line":220,"column":50}},"44":{"start":{"line":231,"column":8},"end":{"line":231,"column":7300}},"45":{"start":{"line":232,"column":12},"end":{"line":232,"column":65}},"46":{"start":{"line":233,"column":12},"end":{"line":233,"column":30}},"47":{"start":{"line":234,"column":12},"end":{"line":234,"column":7450}},"48":{"start":{"line":235,"column":16},"end":{"line":235,"column":45}},"49":{"start":{"line":237,"column":16},"end":{"line":237,"column":52}},"50":{"start":{"line":238,"column":16},"end":{"line":238,"column":35}},"51":{"start":{"line":246,"column":8},"end":{"line":246,"column":19}},"52":{"start":{"line":263,"column":8},"end":{"line":263,"column":21}},"53":{"start":{"line":274,"column":8},"end":{"line":274,"column":22}},"54":{"start":{"line":275,"column":8},"end":{"line":275,"column":9342}},"55":{"start":{"line":276,"column":12},"end":{"line":276,"column":9415}},"56":{"start":{"line":277,"column":16},"end":{"line":277,"column":25}},"57":{"start":{"line":278,"column":12},"end":{"line":278,"column":9501}},"58":{"start":{"line":279,"column":16},"end":{"line":279,"column":27}},"59":{"start":{"line":296,"column":8},"end":{"line":296,"column":39}},"60":{"start":{"line":297,"column":8},"end":{"line":297,"column":10098}},"61":{"start":{"line":303,"column":8},"end":{"line":303,"column":28}},"62":{"start":{"line":304,"column":8},"end":{"line":304,"column":38}},"63":{"start":{"line":318,"column":8},"end":{"line":318,"column":10667}},"64":{"start":{"line":319,"column":12},"end":{"line":319,"column":10720}},"65":{"start":{"line":320,"column":16},"end":{"line":320,"column":25}},"66":{"start":{"line":333,"column":8},"end":{"line":333,"column":11219}},"67":{"start":{"line":334,"column":12},"end":{"line":334,"column":11275}},"68":{"start":{"line":336,"column":16},"end":{"line":336,"column":25}},"69":{"start":{"line":346,"column":8},"end":{"line":346,"column":21}},"70":{"start":{"line":357,"column":8},"end":{"line":357,"column":73}},"71":{"start":{"line":358,"column":8},"end":{"line":358,"column":22}},"72":{"start":{"line":359,"column":8},"end":{"line":359,"column":14}},"73":{"start":{"line":360,"column":8},"end":{"line":360,"column":12029}},"74":{"start":{"line":361,"column":12},"end":{"line":361,"column":12077}},"75":{"start":{"line":362,"column":16},"end":{"line":362,"column":51}},"76":{"start":{"line":363,"column":16},"end":{"line":363,"column":25}},"77":{"start":{"line":365,"column":8},"end":{"line":365,"column":44}},"78":{"start":{"line":366,"column":8},"end":{"line":366,"column":12315}},"79":{"start":{"line":367,"column":12},"end":{"line":367,"column":51}},"80":{"start":{"line":381,"column":8},"end":{"line":381,"column":71}},"81":{"start":{"line":382,"column":8},"end":{"line":382,"column":22}},"82":{"start":{"line":383,"column":8},"end":{"line":383,"column":14}},"83":{"start":{"line":384,"column":8},"end":{"line":384,"column":12990}},"84":{"start":{"line":385,"column":12},"end":{"line":385,"column":13041}},"85":{"start":{"line":388,"column":16},"end":{"line":388,"column":44}},"86":{"start":{"line":389,"column":16},"end":{"line":389,"column":25}},"87":{"start":{"line":391,"column":8},"end":{"line":391,"column":46}},"88":{"start":{"line":392,"column":8},"end":{"line":392,"column":13351}},"89":{"start":{"line":393,"column":12},"end":{"line":393,"column":60}}},"branchMap":{"1":{"line":50,"type":"if","locations":[{"start":{"line":50,"column":8},"end":{"line":50,"column":8}},{"start":{"line":50,"column":8},"end":{"line":50,"column":8}}]},"2":{"line":55,"type":"if","locations":[{"start":{"line":55,"column":8},"end":{"line":55,"column":8}},{"start":{"line":55,"column":8},"end":{"line":55,"column":8}}]},"3":{"line":60,"type":"if","locations":[{"start":{"line":60,"column":8},"end":{"line":60,"column":8}},{"start":{"line":60,"column":8},"end":{"line":60,"column":8}}]},"4":{"line":65,"type":"if","locations":[{"start":{"line":65,"column":8},"end":{"line":65,"column":8}},{"start":{"line":65,"column":8},"end":{"line":65,"column":8}}]},"5":{"line":70,"type":"if","locations":[{"start":{"line":70,"column":8},"end":{"line":70,"column":8}},{"start":{"line":70,"column":8},"end":{"line":70,"column":8}}]},"6":{"line":75,"type":"if","locations":[{"start":{"line":75,"column":8},"end":{"line":75,"column":8}},{"start":{"line":75,"column":8},"end":{"line":75,"column":8}}]},"7":{"line":80,"type":"if","locations":[{"start":{"line":80,"column":8},"end":{"line":80,"column":8}},{"start":{"line":80,"column":8},"end":{"line":80,"column":8}}]},"8":{"line":85,"type":"if","locations":[{"start":{"line":85,"column":8},"end":{"line":85,"column":8}},{"start":{"line":85,"column":8},"end":{"line":85,"column":8}}]},"9":{"line":90,"type":"if","locations":[{"start":{"line":90,"column":8},"end":{"line":90,"column":8}},{"start":{"line":90,"column":8},"end":{"line":90,"column":8}}]},"10":{"line":105,"type":"if","locations":[{"start":{"line":105,"column":12},"end":{"line":105,"column":12}},{"start":{"line":105,"column":12},"end":{"line":105,"column":12}}]},"11":{"line":117,"type":"if","locations":[{"start":{"line":117,"column":8},"end":{"line":117,"column":8}},{"start":{"line":117,"column":8},"end":{"line":117,"column":8}}]},"12":{"line":144,"type":"if","locations":[{"start":{"line":144,"column":12},"end":{"line":144,"column":12}},{"start":{"line":144,"column":12},"end":{"line":144,"column":12}}]},"13":{"line":149,"type":"if","locations":[{"start":{"line":149,"column":8},"end":{"line":149,"column":8}},{"start":{"line":149,"column":8},"end":{"line":149,"column":8}}]},"14":{"line":164,"type":"if","locations":[{"start":{"line":164,"column":12},"end":{"line":164,"column":12}},{"start":{"line":164,"column":12},"end":{"line":164,"column":12}}]},"15":{"line":231,"type":"if","locations":[{"start":{"line":231,"column":8},"end":{"line":231,"column":8}},{"start":{"line":231,"column":8},"end":{"line":231,"column":8}}]},"16":{"line":234,"type":"if","locations":[{"start":{"line":234,"column":12},"end":{"line":234,"column":12}},{"start":{"line":234,"column":12},"end":{"line":234,"column":12}}]},"17":{"line":276,"type":"if","locations":[{"start":{"line":276,"column":12},"end":{"line":276,"column":12}},{"start":{"line":276,"column":12},"end":{"line":276,"column":12}}]},"18":{"line":278,"type":"if","locations":[{"start":{"line":278,"column":12},"end":{"line":278,"column":12}},{"start":{"line":278,"column":12},"end":{"line":278,"column":12}}]},"19":{"line":319,"type":"if","locations":[{"start":{"line":319,"column":12},"end":{"line":319,"column":12}},{"start":{"line":319,"column":12},"end":{"line":319,"column":12}}]},"20":{"line":334,"type":"if","locations":[{"start":{"line":334,"column":12},"end":{"line":334,"column":12}},{"start":{"line":334,"column":12},"end":{"line":334,"column":12}}]},"21":{"line":361,"type":"if","locations":[{"start":{"line":361,"column":12},"end":{"line":361,"column":12}},{"start":{"line":361,"column":12},"end":{"line":361,"column":12}}]},"22":{"line":385,"type":"if","locations":[{"start":{"line":385,"column":12},"end":{"line":385,"column":12}},{"start":{"line":385,"column":12},"end":{"line":385,"column":12}}]}}},"contracts/manager/Manager.sol":{"l":{"45":11,"60":0,"61":0,"62":0,"63":0,"83":0,"86":0,"89":0,"90":0,"91":0,"95":0,"117":3,"119":3,"121":3,"122":3,"135":0,"136":0,"137":0,"139":0,"141":0},"path":"/home/alex/projects/stability-labs/mstable/mstable-contracts/contracts/manager/Manager.sol","s":{"1":11,"2":0,"3":0,"4":0,"5":0,"6":0,"7":0,"8":0,"9":0,"10":0,"11":0,"12":3,"13":3,"14":3,"15":3,"16":0,"17":0,"18":0,"19":0,"20":0},"b":{"1":[0,0],"2":[0,0],"3":[3,0],"4":[0,0],"5":[0,0]},"f":{"1":11,"2":0,"3":0,"4":3,"5":0},"fnMap":{"1":{"name":"constructor","line":38,"loc":{"start":{"line":38,"column":4},"end":{"line":44,"column":5}}},"2":{"name":"upgradeForgeValidator","line":57,"loc":{"start":{"line":57,"column":4},"end":{"line":59,"column":18}}},"3":{"name":"getMassetPrice","line":78,"loc":{"start":{"line":78,"column":4},"end":{"line":81,"column":55}}},"4":{"name":"addMasset","line":109,"loc":{"start":{"line":109,"column":4},"end":{"line":116,"column":5}}},"5":{"name":"ejectMasset","line":129,"loc":{"start":{"line":129,"column":4},"end":{"line":134,"column":5}}}},"statementMap":{"1":{"start":{"line":45,"column":8},"end":{"line":45,"column":39}},"2":{"start":{"line":60,"column":8},"end":{"line":60,"column":48}},"3":{"start":{"line":61,"column":8},"end":{"line":61,"column":1748}},"4":{"start":{"line":62,"column":12},"end":{"line":62,"column":53}},"5":{"start":{"line":63,"column":12},"end":{"line":63,"column":63}},"6":{"start":{"line":83,"column":8},"end":{"line":83,"column":40}},"7":{"start":{"line":86,"column":8},"end":{"line":86,"column":124}},"8":{"start":{"line":89,"column":8},"end":{"line":89,"column":60}},"9":{"start":{"line":90,"column":8},"end":{"line":90,"column":2810}},"10":{"start":{"line":91,"column":10},"end":{"line":91,"column":79}},"11":{"start":{"line":95,"column":8},"end":{"line":95,"column":51}},"12":{"start":{"line":117,"column":8},"end":{"line":117,"column":83}},"13":{"start":{"line":119,"column":8},"end":{"line":119,"column":39}},"14":{"start":{"line":121,"column":8},"end":{"line":121,"column":45}},"15":{"start":{"line":122,"column":8},"end":{"line":122,"column":22}},"16":{"start":{"line":135,"column":8},"end":{"line":135,"column":83}},"17":{"start":{"line":136,"column":8},"end":{"line":136,"column":42}},"18":{"start":{"line":137,"column":8},"end":{"line":137,"column":81}},"19":{"start":{"line":139,"column":8},"end":{"line":139,"column":30}},"20":{"start":{"line":141,"column":8},"end":{"line":141,"column":40}}},"branchMap":{"1":{"line":89,"type":"if","locations":[{"start":{"line":89,"column":8},"end":{"line":89,"column":8}},{"start":{"line":89,"column":8},"end":{"line":89,"column":8}}]},"2":{"line":91,"type":"if","locations":[{"start":{"line":91,"column":10},"end":{"line":91,"column":10}},{"start":{"line":91,"column":10},"end":{"line":91,"column":10}}]},"3":{"line":117,"type":"if","locations":[{"start":{"line":117,"column":8},"end":{"line":117,"column":8}},{"start":{"line":117,"column":8},"end":{"line":117,"column":8}}]},"4":{"line":135,"type":"if","locations":[{"start":{"line":135,"column":8},"end":{"line":135,"column":8}},{"start":{"line":135,"column":8},"end":{"line":135,"column":8}}]},"5":{"line":137,"type":"if","locations":[{"start":{"line":137,"column":8},"end":{"line":137,"column":8}},{"start":{"line":137,"column":8},"end":{"line":137,"column":8}}]}}},"contracts/manager/ManagerState.sol":{"l":{"39":2},"path":"/home/alex/projects/stability-labs/mstable/mstable-contracts/contracts/manager/ManagerState.sol","s":{"1":2},"b":{},"f":{"1":11,"2":2},"fnMap":{"1":{"name":"constructor","line":28,"loc":{"start":{"line":28,"column":4},"end":{"line":28,"column":53}}},"2":{"name":"getMassets","line":35,"loc":{"start":{"line":35,"column":4},"end":{"line":38,"column":59}}}},"statementMap":{"1":{"start":{"line":39,"column":8},"end":{"line":39,"column":47}}},"branchMap":{}},"contracts/masset/forge-validator/ForgeValidator.sol":{"l":{"21":2,"25":2,"27":2,"29":2,"31":2,"40":3,"41":3,"43":3,"44":3,"47":3,"48":13,"49":13,"51":13,"54":13,"56":13,"58":13,"61":3,"63":13,"65":13,"83":0,"84":0,"88":0,"95":0,"97":0,"98":0,"101":0,"102":0,"106":0,"107":0,"124":0,"125":0,"127":0,"133":0,"135":0,"136":0,"139":0,"140":0,"141":0,"145":0,"148":0,"149":0,"154":0,"155":0,"174":0,"175":0,"176":0,"177":0,"179":0,"180":0,"181":0,"183":0,"184":0,"187":0,"188":0,"190":0,"206":0,"207":0,"209":0,"210":0,"212":0,"214":0},"path":"/home/alex/projects/stability-labs/mstable/mstable-contracts/contracts/masset/forge-validator/ForgeValidator.sol","s":{"1":2,"2":2,"3":2,"4":2,"5":2,"6":3,"7":3,"8":3,"9":3,"10":3,"11":13,"12":13,"13":13,"14":13,"15":13,"16":13,"17":3,"18":13,"19":13,"20":0,"21":0,"22":0,"23":0,"24":0,"25":0,"26":0,"27":0,"28":0,"29":0,"30":0,"31":0,"32":0,"33":0,"34":0,"35":0,"36":0,"37":0,"38":0,"39":0,"40":0,"41":0,"42":0,"43":0,"44":0,"45":0,"46":0,"47":0,"48":0,"49":0,"50":0,"51":0,"52":0,"53":0,"54":0,"55":0,"56":0,"57":0,"58":0,"59":0,"60":0,"61":0},"b":{"1":[2,0],"2":[2,0],"3":[3,0],"4":[13,0],"5":[13,0],"6":[0,0],"7":[0,0],"8":[0,0],"9":[0,0],"10":[0,0],"11":[0,0],"12":[0,0],"13":[0,0],"14":[0,0],"15":[0,0]},"f":{"1":2,"2":3,"3":0,"4":0,"5":0,"6":0},"fnMap":{"1":{"name":"validateMint","line":18,"loc":{"start":{"line":18,"column":4},"end":{"line":20,"column":10}}},"2":{"name":"validateMint","line":37,"loc":{"start":{"line":37,"column":4},"end":{"line":39,"column":10}}},"3":{"name":"validateRedemption","line":73,"loc":{"start":{"line":73,"column":4},"end":{"line":82,"column":5}}},"4":{"name":"validateRedemption","line":114,"loc":{"start":{"line":114,"column":4},"end":{"line":123,"column":5}}},"5":{"name":"_getOverweightBassets","line":166,"loc":{"start":{"line":166,"column":4},"end":{"line":173,"column":7}}},"6":{"name":"_getOverweightBassetsAfter","line":197,"loc":{"start":{"line":197,"column":4},"end":{"line":205,"column":5}}}},"statementMap":{"1":{"start":{"line":21,"column":8},"end":{"line":21,"column":693}},"2":{"start":{"line":25,"column":8},"end":{"line":25,"column":84}},"3":{"start":{"line":27,"column":8},"end":{"line":27,"column":113}},"4":{"start":{"line":29,"column":8},"end":{"line":29,"column":96}},"5":{"start":{"line":31,"column":8},"end":{"line":31,"column":77}},"6":{"start":{"line":40,"column":8},"end":{"line":40,"column":45}},"7":{"start":{"line":41,"column":8},"end":{"line":41,"column":100}},"8":{"start":{"line":43,"column":8},"end":{"line":43,"column":65}},"9":{"start":{"line":44,"column":8},"end":{"line":44,"column":43}},"10":{"start":{"line":47,"column":8},"end":{"line":47,"column":1887}},"11":{"start":{"line":48,"column":12},"end":{"line":48,"column":41}},"12":{"start":{"line":49,"column":12},"end":{"line":49,"column":48}},"13":{"start":{"line":51,"column":12},"end":{"line":51,"column":137}},"14":{"start":{"line":54,"column":12},"end":{"line":54,"column":85}},"15":{"start":{"line":56,"column":12},"end":{"line":56,"column":92}},"16":{"start":{"line":58,"column":12},"end":{"line":58,"column":64}},"17":{"start":{"line":61,"column":8},"end":{"line":61,"column":2576}},"18":{"start":{"line":63,"column":12},"end":{"line":63,"column":74}},"19":{"start":{"line":65,"column":12},"end":{"line":65,"column":85}},"20":{"start":{"line":83,"column":8},"end":{"line":83,"column":58}},"21":{"start":{"line":84,"column":8},"end":{"line":84,"column":131}},"22":{"start":{"line":88,"column":8},"end":{"line":88,"column":3664}},"23":{"start":{"line":95,"column":8},"end":{"line":95,"column":88}},"24":{"start":{"line":97,"column":8},"end":{"line":97,"column":109}},"25":{"start":{"line":98,"column":8},"end":{"line":98,"column":72}},"26":{"start":{"line":101,"column":8},"end":{"line":101,"column":4329}},"27":{"start":{"line":102,"column":12},"end":{"line":102,"column":93}},"28":{"start":{"line":106,"column":12},"end":{"line":106,"column":122}},"29":{"start":{"line":107,"column":12},"end":{"line":107,"column":91}},"30":{"start":{"line":124,"column":8},"end":{"line":124,"column":36}},"31":{"start":{"line":125,"column":8},"end":{"line":125,"column":101}},"32":{"start":{"line":127,"column":8},"end":{"line":127,"column":5318}},"33":{"start":{"line":133,"column":8},"end":{"line":133,"column":43}},"34":{"start":{"line":135,"column":8},"end":{"line":135,"column":5530}},"35":{"start":{"line":136,"column":12},"end":{"line":136,"column":5641}},"36":{"start":{"line":139,"column":12},"end":{"line":139,"column":112}},"37":{"start":{"line":140,"column":12},"end":{"line":140,"column":101}},"38":{"start":{"line":141,"column":12},"end":{"line":141,"column":69}},"39":{"start":{"line":145,"column":8},"end":{"line":145,"column":6139}},"40":{"start":{"line":148,"column":12},"end":{"line":148,"column":6353}},"41":{"start":{"line":149,"column":16},"end":{"line":149,"column":91}},"42":{"start":{"line":154,"column":12},"end":{"line":154,"column":122}},"43":{"start":{"line":155,"column":12},"end":{"line":155,"column":91}},"44":{"start":{"line":174,"column":8},"end":{"line":174,"column":37}},"45":{"start":{"line":175,"column":8},"end":{"line":175,"column":37}},"46":{"start":{"line":176,"column":8},"end":{"line":176,"column":42}},"47":{"start":{"line":177,"column":8},"end":{"line":177,"column":35}},"48":{"start":{"line":179,"column":8},"end":{"line":179,"column":7392}},"49":{"start":{"line":180,"column":12},"end":{"line":180,"column":52}},"50":{"start":{"line":181,"column":12},"end":{"line":181,"column":88}},"51":{"start":{"line":183,"column":12},"end":{"line":183,"column":91}},"52":{"start":{"line":184,"column":12},"end":{"line":184,"column":80}},"53":{"start":{"line":187,"column":12},"end":{"line":187,"column":113}},"54":{"start":{"line":188,"column":12},"end":{"line":188,"column":45}},"55":{"start":{"line":190,"column":12},"end":{"line":190,"column":74}},"56":{"start":{"line":206,"column":8},"end":{"line":206,"column":54}},"57":{"start":{"line":207,"column":8},"end":{"line":207,"column":35}},"58":{"start":{"line":209,"column":8},"end":{"line":209,"column":8486}},"59":{"start":{"line":210,"column":12},"end":{"line":210,"column":83}},"60":{"start":{"line":212,"column":12},"end":{"line":212,"column":135}},"61":{"start":{"line":214,"column":12},"end":{"line":214,"column":74}}},"branchMap":{"1":{"line":21,"type":"if","locations":[{"start":{"line":21,"column":8},"end":{"line":21,"column":8}},{"start":{"line":21,"column":8},"end":{"line":21,"column":8}}]},"2":{"line":31,"type":"if","locations":[{"start":{"line":31,"column":8},"end":{"line":31,"column":8}},{"start":{"line":31,"column":8},"end":{"line":31,"column":8}}]},"3":{"line":41,"type":"if","locations":[{"start":{"line":41,"column":8},"end":{"line":41,"column":8}},{"start":{"line":41,"column":8},"end":{"line":41,"column":8}}]},"4":{"line":51,"type":"if","locations":[{"start":{"line":51,"column":12},"end":{"line":51,"column":12}},{"start":{"line":51,"column":12},"end":{"line":51,"column":12}}]},"5":{"line":65,"type":"if","locations":[{"start":{"line":65,"column":12},"end":{"line":65,"column":12}},{"start":{"line":65,"column":12},"end":{"line":65,"column":12}}]},"6":{"line":84,"type":"if","locations":[{"start":{"line":84,"column":8},"end":{"line":84,"column":8}},{"start":{"line":84,"column":8},"end":{"line":84,"column":8}}]},"7":{"line":101,"type":"if","locations":[{"start":{"line":101,"column":8},"end":{"line":101,"column":8}},{"start":{"line":101,"column":8},"end":{"line":101,"column":8}}]},"8":{"line":102,"type":"if","locations":[{"start":{"line":102,"column":12},"end":{"line":102,"column":12}},{"start":{"line":102,"column":12},"end":{"line":102,"column":12}}]},"9":{"line":107,"type":"if","locations":[{"start":{"line":107,"column":12},"end":{"line":107,"column":12}},{"start":{"line":107,"column":12},"end":{"line":107,"column":12}}]},"10":{"line":125,"type":"if","locations":[{"start":{"line":125,"column":8},"end":{"line":125,"column":8}},{"start":{"line":125,"column":8},"end":{"line":125,"column":8}}]},"11":{"line":136,"type":"if","locations":[{"start":{"line":136,"column":12},"end":{"line":136,"column":12}},{"start":{"line":136,"column":12},"end":{"line":136,"column":12}}]},"12":{"line":145,"type":"if","locations":[{"start":{"line":145,"column":8},"end":{"line":145,"column":8}},{"start":{"line":145,"column":8},"end":{"line":145,"column":8}}]},"13":{"line":149,"type":"if","locations":[{"start":{"line":149,"column":16},"end":{"line":149,"column":16}},{"start":{"line":149,"column":16},"end":{"line":149,"column":16}}]},"14":{"line":155,"type":"if","locations":[{"start":{"line":155,"column":12},"end":{"line":155,"column":12}},{"start":{"line":155,"column":12},"end":{"line":155,"column":12}}]},"15":{"line":181,"type":"if","locations":[{"start":{"line":181,"column":12},"end":{"line":181,"column":12}},{"start":{"line":181,"column":12},"end":{"line":181,"column":12}}]}}},"contracts/masset/forge-validator/IForgeValidator.sol":{"l":{},"path":"/home/alex/projects/stability-labs/mstable/mstable-contracts/contracts/masset/forge-validator/IForgeValidator.sol","s":{},"b":{},"f":{},"fnMap":{},"statementMap":{},"branchMap":{}},"contracts/masset/Masset.sol":{"l":{"51":13,"52":13,"72":1,"90":1,"107":3,"129":2,"130":2,"132":2,"133":2,"135":2,"137":2,"139":2,"141":2,"143":2,"146":2,"147":2,"149":2,"168":3,"169":3,"172":3,"176":3,"178":3,"181":3,"182":13,"184":13,"186":13,"187":13,"189":13,"190":13,"194":3,"197":3,"198":3,"200":3,"218":0,"230":0,"247":0,"248":0,"251":0,"254":0,"256":0,"259":0,"260":0,"261":0,"262":0,"265":0,"270":0,"273":0,"276":0,"279":0,"280":0,"281":0,"285":0,"286":0,"306":0,"307":0,"309":0,"310":0,"312":0,"314":0,"316":0,"318":0,"321":0,"324":0,"327":0,"330":0,"332":0,"333":0,"343":0,"345":0,"346":0,"350":0,"354":0,"359":0,"362":0,"364":0,"377":1,"378":7,"388":0,"389":0,"390":0,"401":1,"402":1,"403":1,"404":4,"406":1,"423":3,"424":3,"425":3,"426":13,"428":3,"439":4,"440":4,"447":4,"448":4,"449":28,"450":28,"451":28,"453":4,"454":4,"470":0,"471":0,"473":0,"474":0,"475":0,"476":0,"478":0,"479":0,"482":0,"485":0,"486":0,"487":0,"488":0,"490":0,"491":0},"path":"/home/alex/projects/stability-labs/mstable/mstable-contracts/contracts/masset/Masset.sol","s":{"1":13,"2":13,"3":1,"4":1,"5":3,"6":2,"7":2,"8":2,"9":2,"10":2,"11":2,"12":2,"13":2,"14":2,"15":2,"16":2,"17":2,"18":3,"19":3,"20":3,"21":3,"22":3,"23":3,"24":13,"25":13,"26":13,"27":13,"28":13,"29":13,"30":3,"31":3,"32":3,"33":3,"34":0,"35":0,"36":0,"37":0,"38":0,"39":0,"40":0,"41":0,"42":0,"43":0,"44":0,"45":0,"46":0,"47":0,"48":0,"49":0,"50":0,"51":0,"52":0,"53":0,"54":0,"55":0,"56":0,"57":0,"58":0,"59":0,"60":0,"61":0,"62":0,"63":0,"64":0,"65":0,"66":0,"67":0,"68":0,"69":0,"70":0,"71":0,"72":0,"73":0,"74":0,"75":0,"76":1,"77":7,"78":0,"79":0,"80":0,"81":0,"82":1,"83":1,"84":1,"85":4,"86":1,"87":3,"88":3,"89":3,"90":13,"91":3,"92":4,"93":4,"94":4,"95":4,"96":28,"97":28,"98":28,"99":17,"100":4,"101":4,"102":0,"103":0,"104":0,"105":0,"106":0,"107":0,"108":0,"109":0,"110":0,"111":0,"112":0,"113":0,"114":0,"115":0,"116":0},"b":{"1":[2,0],"2":[2,0],"3":[2,0],"4":[2,0],"5":[3,0],"6":[13,0],"7":[13,0],"8":[3,0],"9":[0,0],"10":[0,0],"11":[0,0],"12":[0,0],"13":[0,0],"14":[0,0],"15":[0,0],"16":[0,0],"17":[0,0],"18":[0,0],"19":[0,0],"20":[17,11],"21":[4,0],"22":[0,0],"23":[0,0],"24":[0,0]},"f":{"1":13,"2":1,"3":1,"4":3,"5":2,"6":3,"7":0,"8":0,"9":0,"10":0,"11":0,"12":1,"13":0,"14":1,"15":3,"16":4,"17":0},"fnMap":{"1":{"name":"constructor","line":26,"loc":{"start":{"line":26,"column":4},"end":{"line":50,"column":5}}},"2":{"name":"mintSingle","line":65,"loc":{"start":{"line":65,"column":4},"end":{"line":71,"column":5}}},"3":{"name":"mintSingleTo","line":82,"loc":{"start":{"line":82,"column":4},"end":{"line":89,"column":5}}},"4":{"name":"mintBitmapTo","line":99,"loc":{"start":{"line":99,"column":4},"end":{"line":106,"column":5}}},"5":{"name":"_mintTo","line":120,"loc":{"start":{"line":120,"column":4},"end":{"line":128,"column":5}}},"6":{"name":"_mintTo","line":159,"loc":{"start":{"line":159,"column":4},"end":{"line":167,"column":5}}},"7":{"name":"redeemSingle","line":211,"loc":{"start":{"line":211,"column":4},"end":{"line":217,"column":5}}},"8":{"name":"redeemSingleTo","line":222,"loc":{"start":{"line":222,"column":4},"end":{"line":229,"column":5}}},"9":{"name":"redeemBitmapTo","line":239,"loc":{"start":{"line":239,"column":4},"end":{"line":246,"column":5}}},"10":{"name":"_redeem","line":298,"loc":{"start":{"line":298,"column":4},"end":{"line":305,"column":5}}},"11":{"name":"_payRedemptionFee","line":340,"loc":{"start":{"line":340,"column":4},"end":{"line":341,"column":13}}},"12":{"name":"getBitmapForAllBassets","line":376,"loc":{"start":{"line":376,"column":4},"end":{"line":376,"column":73}}},"13":{"name":"getBitmapFor","line":387,"loc":{"start":{"line":387,"column":4},"end":{"line":387,"column":90}}},"14":{"name":"convertBitmapToBassetsAddress","line":400,"loc":{"start":{"line":400,"column":4},"end":{"line":400,"column":108}}},"15":{"name":"convertBitmapToBassets","line":415,"loc":{"start":{"line":415,"column":4},"end":{"line":422,"column":5}}},"16":{"name":"_convertBitmapToIndexArr","line":438,"loc":{"start":{"line":438,"column":4},"end":{"line":438,"column":103}}},"17":{"name":"completeRecol","line":467,"loc":{"start":{"line":467,"column":4},"end":{"line":469,"column":17}}}},"statementMap":{"1":{"start":{"line":51,"column":8},"end":{"line":51,"column":25}},"2":{"start":{"line":52,"column":8},"end":{"line":52,"column":56}},"3":{"start":{"line":72,"column":8},"end":{"line":72,"column":60}},"4":{"start":{"line":90,"column":8},"end":{"line":90,"column":60}},"5":{"start":{"line":107,"column":8},"end":{"line":107,"column":67}},"6":{"start":{"line":129,"column":8},"end":{"line":129,"column":69}},"7":{"start":{"line":130,"column":8},"end":{"line":130,"column":61}},"8":{"start":{"line":132,"column":8},"end":{"line":132,"column":60}},"9":{"start":{"line":133,"column":8},"end":{"line":133,"column":46}},"10":{"start":{"line":135,"column":8},"end":{"line":135,"column":43}},"11":{"start":{"line":137,"column":8},"end":{"line":137,"column":69}},"12":{"start":{"line":139,"column":8},"end":{"line":139,"column":114}},"13":{"start":{"line":141,"column":8},"end":{"line":141,"column":75}},"14":{"start":{"line":143,"column":8},"end":{"line":143,"column":73}},"15":{"start":{"line":146,"column":8},"end":{"line":146,"column":39}},"16":{"start":{"line":147,"column":8},"end":{"line":147,"column":63}},"17":{"start":{"line":149,"column":8},"end":{"line":149,"column":28}},"18":{"start":{"line":168,"column":8},"end":{"line":168,"column":69}},"19":{"start":{"line":169,"column":8},"end":{"line":169,"column":44}},"20":{"start":{"line":172,"column":8},"end":{"line":172,"column":5617}},"21":{"start":{"line":176,"column":8},"end":{"line":176,"column":75}},"22":{"start":{"line":178,"column":8},"end":{"line":178,"column":34}},"23":{"start":{"line":181,"column":8},"end":{"line":181,"column":5922}},"24":{"start":{"line":182,"column":12},"end":{"line":182,"column":5972}},"25":{"start":{"line":184,"column":16},"end":{"line":184,"column":49}},"26":{"start":{"line":186,"column":16},"end":{"line":186,"column":129}},"27":{"start":{"line":187,"column":16},"end":{"line":187,"column":100}},"28":{"start":{"line":189,"column":16},"end":{"line":189,"column":86}},"29":{"start":{"line":190,"column":16},"end":{"line":190,"column":65}},"30":{"start":{"line":194,"column":8},"end":{"line":194,"column":64}},"31":{"start":{"line":197,"column":8},"end":{"line":197,"column":40}},"32":{"start":{"line":198,"column":8},"end":{"line":198,"column":64}},"33":{"start":{"line":200,"column":8},"end":{"line":200,"column":29}},"34":{"start":{"line":218,"column":8},"end":{"line":218,"column":60}},"35":{"start":{"line":230,"column":8},"end":{"line":230,"column":60}},"36":{"start":{"line":247,"column":8},"end":{"line":247,"column":69}},"37":{"start":{"line":248,"column":8},"end":{"line":248,"column":63}},"38":{"start":{"line":251,"column":8},"end":{"line":251,"column":8340}},"39":{"start":{"line":254,"column":8},"end":{"line":254,"column":114}},"40":{"start":{"line":256,"column":8},"end":{"line":256,"column":34}},"41":{"start":{"line":259,"column":8},"end":{"line":259,"column":8609}},"42":{"start":{"line":260,"column":12},"end":{"line":260,"column":8673}},"43":{"start":{"line":261,"column":16},"end":{"line":261,"column":96}},"44":{"start":{"line":262,"column":16},"end":{"line":262,"column":65}},"45":{"start":{"line":265,"column":16},"end":{"line":265,"column":106}},"46":{"start":{"line":270,"column":8},"end":{"line":270,"column":52}},"47":{"start":{"line":273,"column":8},"end":{"line":273,"column":82}},"48":{"start":{"line":276,"column":8},"end":{"line":276,"column":40}},"49":{"start":{"line":279,"column":8},"end":{"line":279,"column":9465}},"50":{"start":{"line":280,"column":12},"end":{"line":280,"column":9529}},"51":{"start":{"line":281,"column":16},"end":{"line":281,"column":121}},"52":{"start":{"line":285,"column":8},"end":{"line":285,"column":80}},"53":{"start":{"line":286,"column":8},"end":{"line":286,"column":29}},"54":{"start":{"line":306,"column":8},"end":{"line":306,"column":69}},"55":{"start":{"line":307,"column":8},"end":{"line":307,"column":61}},"56":{"start":{"line":309,"column":8},"end":{"line":309,"column":60}},"57":{"start":{"line":310,"column":8},"end":{"line":310,"column":46}},"58":{"start":{"line":312,"column":8},"end":{"line":312,"column":43}},"59":{"start":{"line":314,"column":8},"end":{"line":314,"column":106}},"60":{"start":{"line":316,"column":8},"end":{"line":316,"column":78}},"61":{"start":{"line":318,"column":8},"end":{"line":318,"column":75}},"62":{"start":{"line":321,"column":8},"end":{"line":321,"column":52}},"63":{"start":{"line":324,"column":8},"end":{"line":324,"column":82}},"64":{"start":{"line":327,"column":8},"end":{"line":327,"column":40}},"65":{"start":{"line":330,"column":8},"end":{"line":330,"column":99}},"66":{"start":{"line":332,"column":8},"end":{"line":332,"column":87}},"67":{"start":{"line":333,"column":8},"end":{"line":333,"column":29}},"68":{"start":{"line":343,"column":8},"end":{"line":343,"column":39}},"69":{"start":{"line":345,"column":8},"end":{"line":345,"column":11906}},"70":{"start":{"line":346,"column":12},"end":{"line":346,"column":104}},"71":{"start":{"line":350,"column":12},"end":{"line":350,"column":79}},"72":{"start":{"line":354,"column":12},"end":{"line":354,"column":89}},"73":{"start":{"line":359,"column":12},"end":{"line":359,"column":84}},"74":{"start":{"line":362,"column":12},"end":{"line":362,"column":121}},"75":{"start":{"line":364,"column":12},"end":{"line":364,"column":60}},"76":{"start":{"line":377,"column":8},"end":{"line":377,"column":13212}},"77":{"start":{"line":378,"column":12},"end":{"line":378,"column":33}},"78":{"start":{"line":388,"column":8},"end":{"line":388,"column":13635}},"79":{"start":{"line":389,"column":12},"end":{"line":389,"column":69}},"80":{"start":{"line":390,"column":12},"end":{"line":390,"column":53}},"81":{"start":{"line":390,"column":22},"end":{"line":390,"column":52}},"82":{"start":{"line":401,"column":8},"end":{"line":401,"column":73}},"83":{"start":{"line":402,"column":8},"end":{"line":402,"column":55}},"84":{"start":{"line":403,"column":8},"end":{"line":403,"column":14324}},"85":{"start":{"line":404,"column":12},"end":{"line":404,"column":55}},"86":{"start":{"line":406,"column":8},"end":{"line":406,"column":22}},"87":{"start":{"line":423,"column":8},"end":{"line":423,"column":73}},"88":{"start":{"line":424,"column":8},"end":{"line":424,"column":53}},"89":{"start":{"line":425,"column":8},"end":{"line":425,"column":15018}},"90":{"start":{"line":426,"column":12},"end":{"line":426,"column":50}},"91":{"start":{"line":428,"column":8},"end":{"line":428,"column":33}},"92":{"start":{"line":439,"column":8},"end":{"line":439,"column":51}},"93":{"start":{"line":440,"column":8},"end":{"line":440,"column":21}},"94":{"start":{"line":447,"column":8},"end":{"line":447,"column":43}},"95":{"start":{"line":448,"column":8},"end":{"line":448,"column":16004}},"96":{"start":{"line":449,"column":12},"end":{"line":449,"column":38}},"97":{"start":{"line":450,"column":12},"end":{"line":450,"column":44}},"98":{"start":{"line":451,"column":12},"end":{"line":451,"column":48}},"99":{"start":{"line":451,"column":30},"end":{"line":451,"column":47}},"100":{"start":{"line":453,"column":8},"end":{"line":453,"column":56}},"101":{"start":{"line":454,"column":8},"end":{"line":454,"column":22}},"102":{"start":{"line":470,"column":8},"end":{"line":470,"column":57}},"103":{"start":{"line":471,"column":8},"end":{"line":471,"column":53}},"104":{"start":{"line":473,"column":8},"end":{"line":473,"column":55}},"105":{"start":{"line":474,"column":8},"end":{"line":474,"column":74}},"106":{"start":{"line":475,"column":8},"end":{"line":475,"column":38}},"107":{"start":{"line":476,"column":8},"end":{"line":476,"column":41}},"108":{"start":{"line":478,"column":8},"end":{"line":478,"column":17080}},"109":{"start":{"line":479,"column":12},"end":{"line":479,"column":53}},"110":{"start":{"line":482,"column":12},"end":{"line":482,"column":99}},"111":{"start":{"line":485,"column":12},"end":{"line":485,"column":124}},"112":{"start":{"line":486,"column":12},"end":{"line":486,"column":57}},"113":{"start":{"line":487,"column":12},"end":{"line":487,"column":31}},"114":{"start":{"line":488,"column":12},"end":{"line":488,"column":33}},"115":{"start":{"line":490,"column":12},"end":{"line":490,"column":61}},"116":{"start":{"line":491,"column":12},"end":{"line":491,"column":33}}},"branchMap":{"1":{"line":129,"type":"if","locations":[{"start":{"line":129,"column":8},"end":{"line":129,"column":8}},{"start":{"line":129,"column":8},"end":{"line":129,"column":8}}]},"2":{"line":130,"type":"if","locations":[{"start":{"line":130,"column":8},"end":{"line":130,"column":8}},{"start":{"line":130,"column":8},"end":{"line":130,"column":8}}]},"3":{"line":133,"type":"if","locations":[{"start":{"line":133,"column":8},"end":{"line":133,"column":8}},{"start":{"line":133,"column":8},"end":{"line":133,"column":8}}]},"4":{"line":139,"type":"if","locations":[{"start":{"line":139,"column":8},"end":{"line":139,"column":8}},{"start":{"line":139,"column":8},"end":{"line":139,"column":8}}]},"5":{"line":168,"type":"if","locations":[{"start":{"line":168,"column":8},"end":{"line":168,"column":8}},{"start":{"line":168,"column":8},"end":{"line":168,"column":8}}]},"6":{"line":182,"type":"if","locations":[{"start":{"line":182,"column":12},"end":{"line":182,"column":12}},{"start":{"line":182,"column":12},"end":{"line":182,"column":12}}]},"7":{"line":186,"type":"if","locations":[{"start":{"line":186,"column":16},"end":{"line":186,"column":16}},{"start":{"line":186,"column":16},"end":{"line":186,"column":16}}]},"8":{"line":194,"type":"if","locations":[{"start":{"line":194,"column":8},"end":{"line":194,"column":8}},{"start":{"line":194,"column":8},"end":{"line":194,"column":8}}]},"9":{"line":247,"type":"if","locations":[{"start":{"line":247,"column":8},"end":{"line":247,"column":8}},{"start":{"line":247,"column":8},"end":{"line":247,"column":8}}]},"10":{"line":260,"type":"if","locations":[{"start":{"line":260,"column":12},"end":{"line":260,"column":12}},{"start":{"line":260,"column":12},"end":{"line":260,"column":12}}]},"11":{"line":280,"type":"if","locations":[{"start":{"line":280,"column":12},"end":{"line":280,"column":12}},{"start":{"line":280,"column":12},"end":{"line":280,"column":12}}]},"12":{"line":281,"type":"if","locations":[{"start":{"line":281,"column":16},"end":{"line":281,"column":16}},{"start":{"line":281,"column":16},"end":{"line":281,"column":16}}]},"13":{"line":306,"type":"if","locations":[{"start":{"line":306,"column":8},"end":{"line":306,"column":8}},{"start":{"line":306,"column":8},"end":{"line":306,"column":8}}]},"14":{"line":307,"type":"if","locations":[{"start":{"line":307,"column":8},"end":{"line":307,"column":8}},{"start":{"line":307,"column":8},"end":{"line":307,"column":8}}]},"15":{"line":310,"type":"if","locations":[{"start":{"line":310,"column":8},"end":{"line":310,"column":8}},{"start":{"line":310,"column":8},"end":{"line":310,"column":8}}]},"16":{"line":330,"type":"if","locations":[{"start":{"line":330,"column":8},"end":{"line":330,"column":8}},{"start":{"line":330,"column":8},"end":{"line":330,"column":8}}]},"17":{"line":345,"type":"if","locations":[{"start":{"line":345,"column":8},"end":{"line":345,"column":8}},{"start":{"line":345,"column":8},"end":{"line":345,"column":8}}]},"18":{"line":362,"type":"if","locations":[{"start":{"line":362,"column":12},"end":{"line":362,"column":12}},{"start":{"line":362,"column":12},"end":{"line":362,"column":12}}]},"19":{"line":390,"type":"if","locations":[{"start":{"line":390,"column":12},"end":{"line":390,"column":12}},{"start":{"line":390,"column":12},"end":{"line":390,"column":12}}]},"20":{"line":451,"type":"if","locations":[{"start":{"line":451,"column":12},"end":{"line":451,"column":12}},{"start":{"line":451,"column":12},"end":{"line":451,"column":12}}]},"21":{"line":453,"type":"if","locations":[{"start":{"line":453,"column":8},"end":{"line":453,"column":8}},{"start":{"line":453,"column":8},"end":{"line":453,"column":8}}]},"22":{"line":471,"type":"if","locations":[{"start":{"line":471,"column":8},"end":{"line":471,"column":8}},{"start":{"line":471,"column":8},"end":{"line":471,"column":8}}]},"23":{"line":474,"type":"if","locations":[{"start":{"line":474,"column":8},"end":{"line":474,"column":8}},{"start":{"line":474,"column":8},"end":{"line":474,"column":8}}]},"24":{"line":478,"type":"if","locations":[{"start":{"line":478,"column":8},"end":{"line":478,"column":8}},{"start":{"line":478,"column":8},"end":{"line":478,"column":8}}]}}},"contracts/masset/MassetBasket.sol":{"l":{"36":13,"38":13,"41":13,"42":13,"44":13,"45":71,"47":13,"51":5,"52":5,"71":0,"72":0,"74":0,"75":0,"77":0,"79":0,"83":0,"85":0,"89":0,"99":0,"100":0,"102":0,"104":0,"118":0,"119":0,"121":0,"122":0,"125":0,"126":0,"127":0,"129":0,"131":0,"132":0,"135":0,"136":0,"154":0,"155":0,"168":0,"169":0,"182":71,"183":71,"184":71,"188":71,"190":71,"192":71,"194":71,"196":71,"206":71,"220":0,"221":0,"226":0,"227":0,"229":0,"231":0,"233":0,"234":0,"236":0,"237":0,"239":0,"241":0,"243":0,"259":0,"275":13,"277":13,"278":13,"280":13,"281":13,"283":13,"284":71,"286":71,"288":71,"289":71,"290":71,"291":71,"292":71,"294":0,"298":13,"318":0,"336":0,"338":0,"339":0,"340":0,"341":0,"342":0,"343":0,"345":0,"346":0,"365":0,"366":0,"367":0,"375":8,"376":8,"377":8,"378":50,"380":8,"398":0,"399":0,"413":73,"414":73,"415":73,"416":13,"418":60,"420":0,"430":0,"433":0,"435":0},"path":"/home/alex/projects/stability-labs/mstable/mstable-contracts/contracts/masset/MassetBasket.sol","s":{"1":13,"2":13,"3":13,"4":13,"5":13,"6":71,"7":13,"8":5,"9":0,"10":0,"11":0,"12":0,"13":0,"14":0,"15":0,"16":0,"17":0,"18":0,"19":0,"20":0,"21":0,"22":0,"23":0,"24":0,"25":0,"26":0,"27":0,"28":0,"29":0,"30":0,"31":0,"32":0,"33":0,"34":0,"35":0,"36":0,"37":0,"38":71,"39":71,"40":71,"41":71,"42":71,"43":71,"44":71,"45":71,"46":71,"47":0,"48":0,"49":0,"50":0,"51":0,"52":0,"53":0,"54":0,"55":0,"56":0,"57":0,"58":0,"59":0,"60":0,"61":13,"62":13,"63":13,"64":13,"65":13,"66":13,"67":71,"68":71,"69":71,"70":71,"71":71,"72":71,"73":71,"74":0,"75":13,"76":0,"77":0,"78":0,"79":0,"80":0,"81":0,"82":0,"83":0,"84":0,"85":0,"86":0,"87":0,"88":0,"89":8,"90":8,"91":8,"92":50,"93":8,"94":0,"95":0,"96":73,"97":73,"98":73,"99":13,"100":60,"101":0,"102":0,"103":0,"104":0},"b":{"1":[13,0],"2":[5,0],"3":[0,0],"4":[0,0],"5":[0,0],"6":[0,0],"7":[0,0],"8":[0,0],"9":[0,0],"10":[0,0],"11":[0,0],"12":[0,0],"13":[0,0],"14":[0,0],"15":[71,0],"16":[71,0],"17":[0,0],"18":[0,0],"19":[0,0],"20":[13,0],"21":[13,0],"22":[13,0],"23":[71,0],"24":[71,0],"25":[71,0],"26":[71,0],"27":[0,0],"28":[0,0],"29":[73,0],"30":[13,60],"31":[0,0]},"f":{"1":13,"2":5,"3":0,"4":0,"5":0,"6":0,"7":0,"8":71,"9":0,"10":0,"11":0,"12":13,"13":0,"14":0,"15":0,"16":8,"17":0,"18":73,"19":0},"fnMap":{"1":{"name":"constructor","line":26,"loc":{"start":{"line":26,"column":4},"end":{"line":35,"column":5}}},"2":{"name":"basketIsHealthy","line":50,"loc":{"start":{"line":50,"column":4},"end":{"line":50,"column":27}}},"3":{"name":"handlePegLoss","line":66,"loc":{"start":{"line":66,"column":4},"end":{"line":70,"column":36}}},"4":{"name":"negatePegLoss","line":96,"loc":{"start":{"line":96,"column":4},"end":{"line":98,"column":17}}},"5":{"name":"initiateRecol","line":113,"loc":{"start":{"line":113,"column":4},"end":{"line":117,"column":36}}},"6":{"name":"addBasset","line":150,"loc":{"start":{"line":150,"column":4},"end":{"line":153,"column":21}}},"7":{"name":"addBasset","line":164,"loc":{"start":{"line":164,"column":4},"end":{"line":167,"column":21}}},"8":{"name":"_addBasset","line":180,"loc":{"start":{"line":180,"column":4},"end":{"line":181,"column":14}}},"9":{"name":"removeBasset","line":215,"loc":{"start":{"line":215,"column":4},"end":{"line":219,"column":28}}},"10":{"name":"_removeBasset","line":224,"loc":{"start":{"line":224,"column":4},"end":{"line":225,"column":14}}},"11":{"name":"setBasketWeights","line":251,"loc":{"start":{"line":251,"column":4},"end":{"line":258,"column":5}}},"12":{"name":"_setBasketWeights","line":269,"loc":{"start":{"line":269,"column":4},"end":{"line":274,"column":5}}},"13":{"name":"getBasket","line":310,"loc":{"start":{"line":310,"column":4},"end":{"line":317,"column":7}}},"14":{"name":"getBassets","line":325,"loc":{"start":{"line":325,"column":4},"end":{"line":335,"column":7}}},"15":{"name":"getBasset","line":354,"loc":{"start":{"line":354,"column":4},"end":{"line":364,"column":7}}},"16":{"name":"getAllBassetsAddress","line":374,"loc":{"start":{"line":374,"column":4},"end":{"line":374,"column":72}}},"17":{"name":"_getBasset","line":387,"loc":{"start":{"line":387,"column":4},"end":{"line":397,"column":7}}},"18":{"name":"_isAssetInBasket","line":409,"loc":{"start":{"line":409,"column":4},"end":{"line":412,"column":42}}},"19":{"name":"_bassetHasRecolled","line":426,"loc":{"start":{"line":426,"column":4},"end":{"line":429,"column":20}}}},"statementMap":{"1":{"start":{"line":36,"column":8},"end":{"line":36,"column":83}},"2":{"start":{"line":38,"column":8},"end":{"line":38,"column":57}},"3":{"start":{"line":41,"column":8},"end":{"line":41,"column":43}},"4":{"start":{"line":42,"column":8},"end":{"line":42,"column":27}},"5":{"start":{"line":44,"column":8},"end":{"line":44,"column":1370}},"6":{"start":{"line":45,"column":12},"end":{"line":45,"column":112}},"7":{"start":{"line":47,"column":8},"end":{"line":47,"column":44}},"8":{"start":{"line":51,"column":8},"end":{"line":51,"column":54}},"9":{"start":{"line":71,"column":8},"end":{"line":71,"column":57}},"10":{"start":{"line":72,"column":8},"end":{"line":72,"column":53}},"11":{"start":{"line":74,"column":8},"end":{"line":74,"column":57}},"12":{"start":{"line":75,"column":8},"end":{"line":75,"column":102}},"13":{"start":{"line":77,"column":8},"end":{"line":77,"column":2621}},"14":{"start":{"line":79,"column":12},"end":{"line":79,"column":23}},"15":{"start":{"line":83,"column":8},"end":{"line":83,"column":43}},"16":{"start":{"line":85,"column":8},"end":{"line":85,"column":2840}},"17":{"start":{"line":89,"column":8},"end":{"line":89,"column":20}},"18":{"start":{"line":99,"column":8},"end":{"line":99,"column":57}},"19":{"start":{"line":100,"column":8},"end":{"line":100,"column":53}},"20":{"start":{"line":102,"column":8},"end":{"line":102,"column":3333}},"21":{"start":{"line":104,"column":12},"end":{"line":104,"column":57}},"22":{"start":{"line":118,"column":8},"end":{"line":118,"column":57}},"23":{"start":{"line":119,"column":8},"end":{"line":119,"column":53}},"24":{"start":{"line":121,"column":8},"end":{"line":121,"column":75}},"25":{"start":{"line":122,"column":8},"end":{"line":122,"column":67}},"26":{"start":{"line":125,"column":8},"end":{"line":125,"column":4311}},"27":{"start":{"line":126,"column":12},"end":{"line":126,"column":33}},"28":{"start":{"line":127,"column":12},"end":{"line":127,"column":24}},"29":{"start":{"line":129,"column":8},"end":{"line":129,"column":74}},"30":{"start":{"line":131,"column":8},"end":{"line":131,"column":58}},"31":{"start":{"line":132,"column":8},"end":{"line":132,"column":41}},"32":{"start":{"line":135,"column":8},"end":{"line":135,"column":97}},"33":{"start":{"line":136,"column":8},"end":{"line":136,"column":19}},"34":{"start":{"line":154,"column":8},"end":{"line":154,"column":87}},"35":{"start":{"line":155,"column":8},"end":{"line":155,"column":55}},"36":{"start":{"line":168,"column":8},"end":{"line":168,"column":86}},"37":{"start":{"line":169,"column":8},"end":{"line":169,"column":54}},"38":{"start":{"line":182,"column":8},"end":{"line":182,"column":69}},"39":{"start":{"line":183,"column":8},"end":{"line":183,"column":60}},"40":{"start":{"line":184,"column":8},"end":{"line":184,"column":74}},"41":{"start":{"line":188,"column":8},"end":{"line":188,"column":72}},"42":{"start":{"line":190,"column":8},"end":{"line":190,"column":56}},"43":{"start":{"line":192,"column":8},"end":{"line":192,"column":61}},"44":{"start":{"line":194,"column":8},"end":{"line":194,"column":57}},"45":{"start":{"line":196,"column":8},"end":{"line":196,"column":7343}},"46":{"start":{"line":206,"column":8},"end":{"line":206,"column":33}},"47":{"start":{"line":220,"column":8},"end":{"line":220,"column":36}},"48":{"start":{"line":221,"column":8},"end":{"line":221,"column":19}},"49":{"start":{"line":226,"column":8},"end":{"line":226,"column":76}},"50":{"start":{"line":227,"column":8},"end":{"line":227,"column":61}},"51":{"start":{"line":229,"column":8},"end":{"line":229,"column":40}},"52":{"start":{"line":231,"column":8},"end":{"line":231,"column":52}},"53":{"start":{"line":233,"column":8},"end":{"line":233,"column":81}},"54":{"start":{"line":234,"column":8},"end":{"line":234,"column":82}},"55":{"start":{"line":236,"column":8},"end":{"line":236,"column":52}},"56":{"start":{"line":237,"column":8},"end":{"line":237,"column":27}},"57":{"start":{"line":239,"column":8},"end":{"line":239,"column":44}},"58":{"start":{"line":241,"column":8},"end":{"line":241,"column":49}},"59":{"start":{"line":243,"column":8},"end":{"line":243,"column":42}},"60":{"start":{"line":259,"column":8},"end":{"line":259,"column":44}},"61":{"start":{"line":275,"column":8},"end":{"line":275,"column":45}},"62":{"start":{"line":277,"column":8},"end":{"line":277,"column":85}},"63":{"start":{"line":278,"column":8},"end":{"line":278,"column":95}},"64":{"start":{"line":280,"column":8},"end":{"line":280,"column":68}},"65":{"start":{"line":281,"column":8},"end":{"line":281,"column":90}},"66":{"start":{"line":283,"column":8},"end":{"line":283,"column":10204}},"67":{"start":{"line":284,"column":12},"end":{"line":284,"column":40}},"68":{"start":{"line":286,"column":12},"end":{"line":286,"column":96}},"69":{"start":{"line":288,"column":12},"end":{"line":288,"column":46}},"70":{"start":{"line":289,"column":12},"end":{"line":289,"column":10455}},"71":{"start":{"line":290,"column":16},"end":{"line":290,"column":68}},"72":{"start":{"line":291,"column":16},"end":{"line":291,"column":109}},"73":{"start":{"line":292,"column":16},"end":{"line":292,"column":57}},"74":{"start":{"line":294,"column":16},"end":{"line":294,"column":117}},"75":{"start":{"line":298,"column":8},"end":{"line":298,"column":53}},"76":{"start":{"line":318,"column":8},"end":{"line":318,"column":84}},"77":{"start":{"line":336,"column":8},"end":{"line":336,"column":43}},"78":{"start":{"line":338,"column":8},"end":{"line":338,"column":37}},"79":{"start":{"line":339,"column":8},"end":{"line":339,"column":32}},"80":{"start":{"line":340,"column":8},"end":{"line":340,"column":34}},"81":{"start":{"line":341,"column":8},"end":{"line":341,"column":35}},"82":{"start":{"line":342,"column":8},"end":{"line":342,"column":34}},"83":{"start":{"line":343,"column":8},"end":{"line":343,"column":41}},"84":{"start":{"line":345,"column":8},"end":{"line":345,"column":12105}},"85":{"start":{"line":346,"column":12},"end":{"line":346,"column":97}},"86":{"start":{"line":365,"column":8},"end":{"line":365,"column":61}},"87":{"start":{"line":366,"column":8},"end":{"line":366,"column":43}},"88":{"start":{"line":367,"column":8},"end":{"line":367,"column":32}},"89":{"start":{"line":375,"column":8},"end":{"line":375,"column":43}},"90":{"start":{"line":376,"column":8},"end":{"line":376,"column":53}},"91":{"start":{"line":377,"column":8},"end":{"line":377,"column":13067}},"92":{"start":{"line":378,"column":12},"end":{"line":378,"column":46}},"93":{"start":{"line":380,"column":8},"end":{"line":380,"column":22}},"94":{"start":{"line":398,"column":8},"end":{"line":398,"column":54}},"95":{"start":{"line":399,"column":8},"end":{"line":399,"column":78}},"96":{"start":{"line":413,"column":8},"end":{"line":413,"column":40}},"97":{"start":{"line":414,"column":8},"end":{"line":414,"column":14069}},"98":{"start":{"line":415,"column":12},"end":{"line":415,"column":14102}},"99":{"start":{"line":416,"column":16},"end":{"line":416,"column":33}},"100":{"start":{"line":418,"column":12},"end":{"line":418,"column":56}},"101":{"start":{"line":420,"column":8},"end":{"line":420,"column":28}},"102":{"start":{"line":430,"column":8},"end":{"line":430,"column":14497}},"103":{"start":{"line":433,"column":12},"end":{"line":433,"column":23}},"104":{"start":{"line":435,"column":8},"end":{"line":435,"column":20}}},"branchMap":{"1":{"line":36,"type":"if","locations":[{"start":{"line":36,"column":8},"end":{"line":36,"column":8}},{"start":{"line":36,"column":8},"end":{"line":36,"column":8}}]},"2":{"line":51,"type":"if","locations":[{"start":{"line":51,"column":8},"end":{"line":51,"column":8}},{"start":{"line":51,"column":8},"end":{"line":51,"column":8}}]},"3":{"line":72,"type":"if","locations":[{"start":{"line":72,"column":8},"end":{"line":72,"column":8}},{"start":{"line":72,"column":8},"end":{"line":72,"column":8}}]},"4":{"line":77,"type":"if","locations":[{"start":{"line":77,"column":8},"end":{"line":77,"column":8}},{"start":{"line":77,"column":8},"end":{"line":77,"column":8}}]},"5":{"line":85,"type":"if","locations":[{"start":{"line":85,"column":8},"end":{"line":85,"column":8}},{"start":{"line":85,"column":8},"end":{"line":85,"column":8}}]},"6":{"line":100,"type":"if","locations":[{"start":{"line":100,"column":8},"end":{"line":100,"column":8}},{"start":{"line":100,"column":8},"end":{"line":100,"column":8}}]},"7":{"line":102,"type":"if","locations":[{"start":{"line":102,"column":8},"end":{"line":102,"column":8}},{"start":{"line":102,"column":8},"end":{"line":102,"column":8}}]},"8":{"line":119,"type":"if","locations":[{"start":{"line":119,"column":8},"end":{"line":119,"column":8}},{"start":{"line":119,"column":8},"end":{"line":119,"column":8}}]},"9":{"line":122,"type":"if","locations":[{"start":{"line":122,"column":8},"end":{"line":122,"column":8}},{"start":{"line":122,"column":8},"end":{"line":122,"column":8}}]},"10":{"line":125,"type":"if","locations":[{"start":{"line":125,"column":8},"end":{"line":125,"column":8}},{"start":{"line":125,"column":8},"end":{"line":125,"column":8}}]},"11":{"line":129,"type":"if","locations":[{"start":{"line":129,"column":8},"end":{"line":129,"column":8}},{"start":{"line":129,"column":8},"end":{"line":129,"column":8}}]},"12":{"line":135,"type":"if","locations":[{"start":{"line":135,"column":8},"end":{"line":135,"column":8}},{"start":{"line":135,"column":8},"end":{"line":135,"column":8}}]},"13":{"line":154,"type":"if","locations":[{"start":{"line":154,"column":8},"end":{"line":154,"column":8}},{"start":{"line":154,"column":8},"end":{"line":154,"column":8}}]},"14":{"line":168,"type":"if","locations":[{"start":{"line":168,"column":8},"end":{"line":168,"column":8}},{"start":{"line":168,"column":8},"end":{"line":168,"column":8}}]},"15":{"line":182,"type":"if","locations":[{"start":{"line":182,"column":8},"end":{"line":182,"column":8}},{"start":{"line":182,"column":8},"end":{"line":182,"column":8}}]},"16":{"line":184,"type":"if","locations":[{"start":{"line":184,"column":8},"end":{"line":184,"column":8}},{"start":{"line":184,"column":8},"end":{"line":184,"column":8}}]},"17":{"line":227,"type":"if","locations":[{"start":{"line":227,"column":8},"end":{"line":227,"column":8}},{"start":{"line":227,"column":8},"end":{"line":227,"column":8}}]},"18":{"line":233,"type":"if","locations":[{"start":{"line":233,"column":8},"end":{"line":233,"column":8}},{"start":{"line":233,"column":8},"end":{"line":233,"column":8}}]},"19":{"line":234,"type":"if","locations":[{"start":{"line":234,"column":8},"end":{"line":234,"column":8}},{"start":{"line":234,"column":8},"end":{"line":234,"column":8}}]},"20":{"line":277,"type":"if","locations":[{"start":{"line":277,"column":8},"end":{"line":277,"column":8}},{"start":{"line":277,"column":8},"end":{"line":277,"column":8}}]},"21":{"line":278,"type":"if","locations":[{"start":{"line":278,"column":8},"end":{"line":278,"column":8}},{"start":{"line":278,"column":8},"end":{"line":278,"column":8}}]},"22":{"line":281,"type":"if","locations":[{"start":{"line":281,"column":8},"end":{"line":281,"column":8}},{"start":{"line":281,"column":8},"end":{"line":281,"column":8}}]},"23":{"line":286,"type":"if","locations":[{"start":{"line":286,"column":12},"end":{"line":286,"column":12}},{"start":{"line":286,"column":12},"end":{"line":286,"column":12}}]},"24":{"line":289,"type":"if","locations":[{"start":{"line":289,"column":12},"end":{"line":289,"column":12}},{"start":{"line":289,"column":12},"end":{"line":289,"column":12}}]},"25":{"line":290,"type":"if","locations":[{"start":{"line":290,"column":16},"end":{"line":290,"column":16}},{"start":{"line":290,"column":16},"end":{"line":290,"column":16}}]},"26":{"line":291,"type":"if","locations":[{"start":{"line":291,"column":16},"end":{"line":291,"column":16}},{"start":{"line":291,"column":16},"end":{"line":291,"column":16}}]},"27":{"line":294,"type":"if","locations":[{"start":{"line":294,"column":16},"end":{"line":294,"column":16}},{"start":{"line":294,"column":16},"end":{"line":294,"column":16}}]},"28":{"line":366,"type":"if","locations":[{"start":{"line":366,"column":8},"end":{"line":366,"column":8}},{"start":{"line":366,"column":8},"end":{"line":366,"column":8}}]},"29":{"line":414,"type":"if","locations":[{"start":{"line":414,"column":8},"end":{"line":414,"column":8}},{"start":{"line":414,"column":8},"end":{"line":414,"column":8}}]},"30":{"line":415,"type":"if","locations":[{"start":{"line":415,"column":12},"end":{"line":415,"column":12}},{"start":{"line":415,"column":12},"end":{"line":415,"column":12}}]},"31":{"line":430,"type":"if","locations":[{"start":{"line":430,"column":8},"end":{"line":430,"column":8}},{"start":{"line":430,"column":8},"end":{"line":430,"column":8}}]}}},"contracts/masset/MassetCore.sol":{"l":{"40":0,"41":0,"51":0,"52":0,"53":0,"62":0,"72":0,"73":0,"74":0,"85":0,"86":0,"87":0},"path":"/home/alex/projects/stability-labs/mstable/mstable-contracts/contracts/masset/MassetCore.sol","s":{"1":0,"2":0,"3":0,"4":0,"5":0,"6":0,"7":0,"8":0,"9":0,"10":0,"11":0},"b":{"1":[0,0],"2":[0,0],"3":[0,0],"4":[0,0],"5":[0,0]},"f":{"1":13,"2":0,"3":0,"4":0,"5":0,"6":0},"fnMap":{"1":{"name":"constructor","line":34,"loc":{"start":{"line":34,"column":4},"end":{"line":34,"column":51}}},"2":{"name":"managerOrGovernor","line":39,"loc":{"start":{"line":39,"column":4},"end":{"line":39,"column":30}}},"3":{"name":"upgradeForgeValidator","line":48,"loc":{"start":{"line":48,"column":4},"end":{"line":50,"column":23}}},"4":{"name":"lockForgeValidator","line":59,"loc":{"start":{"line":59,"column":4},"end":{"line":61,"column":23}}},"5":{"name":"setFeePool","line":69,"loc":{"start":{"line":69,"column":4},"end":{"line":71,"column":23}}},"6":{"name":"setRedemptionFee","line":82,"loc":{"start":{"line":82,"column":4},"end":{"line":84,"column":23}}}},"statementMap":{"1":{"start":{"line":40,"column":8},"end":{"line":40,"column":102}},"2":{"start":{"line":51,"column":8},"end":{"line":51,"column":67}},"3":{"start":{"line":52,"column":8},"end":{"line":52,"column":76}},"4":{"start":{"line":53,"column":8},"end":{"line":53,"column":59}},"5":{"start":{"line":62,"column":8},"end":{"line":62,"column":34}},"6":{"start":{"line":72,"column":8},"end":{"line":72,"column":63}},"7":{"start":{"line":73,"column":8},"end":{"line":73,"column":25}},"8":{"start":{"line":74,"column":8},"end":{"line":74,"column":42}},"9":{"start":{"line":85,"column":8},"end":{"line":85,"column":67}},"10":{"start":{"line":86,"column":8},"end":{"line":86,"column":37}},"11":{"start":{"line":87,"column":8},"end":{"line":87,"column":49}}},"branchMap":{"1":{"line":40,"type":"if","locations":[{"start":{"line":40,"column":8},"end":{"line":40,"column":8}},{"start":{"line":40,"column":8},"end":{"line":40,"column":8}}]},"2":{"line":51,"type":"if","locations":[{"start":{"line":51,"column":8},"end":{"line":51,"column":8}},{"start":{"line":51,"column":8},"end":{"line":51,"column":8}}]},"3":{"line":52,"type":"if","locations":[{"start":{"line":52,"column":8},"end":{"line":52,"column":8}},{"start":{"line":52,"column":8},"end":{"line":52,"column":8}}]},"4":{"line":72,"type":"if","locations":[{"start":{"line":72,"column":8},"end":{"line":72,"column":8}},{"start":{"line":72,"column":8},"end":{"line":72,"column":8}}]},"5":{"line":85,"type":"if","locations":[{"start":{"line":85,"column":8},"end":{"line":85,"column":8}},{"start":{"line":85,"column":8},"end":{"line":85,"column":8}}]}}},"contracts/masset/mERC20/MassetToken.sol":{"l":{"19":0,"26":0},"path":"/home/alex/projects/stability-labs/mstable/mstable-contracts/contracts/masset/mERC20/MassetToken.sol","s":{"1":0,"2":0},"b":{},"f":{"1":0,"2":0,"3":13},"fnMap":{"1":{"name":"burn","line":18,"loc":{"start":{"line":18,"column":4},"end":{"line":18,"column":38}}},"2":{"name":"burnFrom","line":25,"loc":{"start":{"line":25,"column":4},"end":{"line":25,"column":59}}},"3":{"name":"constructor","line":38,"loc":{"start":{"line":38,"column":4},"end":{"line":49,"column":5}}}},"statementMap":{"1":{"start":{"line":19,"column":8},"end":{"line":19,"column":32}},"2":{"start":{"line":26,"column":8},"end":{"line":26,"column":33}}},"branchMap":{}},"contracts/masset/mERC20/MERC20Detailed.sol":{"l":{"42":7,"46":4,"50":0,"51":0,"55":0,"59":0,"60":0,"64":0,"65":0,"66":0,"70":0,"71":0,"75":0,"76":0,"80":0,"81":0,"83":0,"84":0,"85":0,"89":5,"91":5,"92":5,"93":5,"97":0,"99":0,"100":0,"101":0,"105":0,"106":0,"108":0,"109":0,"113":0,"114":0,"130":13,"131":13,"132":13,"139":0,"146":0,"153":0},"path":"/home/alex/projects/stability-labs/mstable/mstable-contracts/contracts/masset/mERC20/MERC20Detailed.sol","s":{"1":7,"2":4,"3":0,"4":0,"5":0,"6":0,"7":0,"8":0,"9":0,"10":0,"11":0,"12":0,"13":0,"14":0,"15":0,"16":0,"17":0,"18":0,"19":0,"20":5,"21":5,"22":5,"23":5,"24":0,"25":0,"26":0,"27":0,"28":0,"29":0,"30":0,"31":0,"32":0,"33":0,"34":13,"35":13,"36":13,"37":0,"38":0,"39":0},"b":{"1":[0,0],"2":[0,0],"3":[5,0],"4":[0,0],"5":[0,0],"6":[0,0]},"f":{"1":7,"2":4,"3":0,"4":0,"5":0,"6":0,"7":0,"8":0,"9":0,"10":5,"11":0,"12":0,"13":0,"14":13,"15":0,"16":0,"17":0},"fnMap":{"1":{"name":"totalSupply","line":41,"loc":{"start":{"line":41,"column":4},"end":{"line":41,"column":54}}},"2":{"name":"balanceOf","line":45,"loc":{"start":{"line":45,"column":4},"end":{"line":45,"column":67}}},"3":{"name":"transfer","line":49,"loc":{"start":{"line":49,"column":4},"end":{"line":49,"column":76}}},"4":{"name":"allowance","line":54,"loc":{"start":{"line":54,"column":4},"end":{"line":54,"column":82}}},"5":{"name":"approve","line":58,"loc":{"start":{"line":58,"column":4},"end":{"line":58,"column":72}}},"6":{"name":"transferFrom","line":63,"loc":{"start":{"line":63,"column":4},"end":{"line":63,"column":96}}},"7":{"name":"increaseAllowance","line":69,"loc":{"start":{"line":69,"column":4},"end":{"line":69,"column":87}}},"8":{"name":"decreaseAllowance","line":74,"loc":{"start":{"line":74,"column":4},"end":{"line":74,"column":92}}},"9":{"name":"_transfer","line":79,"loc":{"start":{"line":79,"column":4},"end":{"line":79,"column":80}}},"10":{"name":"_mint","line":88,"loc":{"start":{"line":88,"column":4},"end":{"line":88,"column":58}}},"11":{"name":"_burn","line":96,"loc":{"start":{"line":96,"column":4},"end":{"line":96,"column":57}}},"12":{"name":"_approve","line":104,"loc":{"start":{"line":104,"column":4},"end":{"line":104,"column":75}}},"13":{"name":"_burnFrom","line":112,"loc":{"start":{"line":112,"column":4},"end":{"line":112,"column":62}}},"14":{"name":"constructor","line":129,"loc":{"start":{"line":129,"column":4},"end":{"line":129,"column":79}}},"15":{"name":"name","line":138,"loc":{"start":{"line":138,"column":4},"end":{"line":138,"column":53}}},"16":{"name":"symbol","line":145,"loc":{"start":{"line":145,"column":4},"end":{"line":145,"column":55}}},"17":{"name":"decimals","line":152,"loc":{"start":{"line":152,"column":4},"end":{"line":152,"column":49}}}},"statementMap":{"1":{"start":{"line":42,"column":8},"end":{"line":42,"column":27}},"2":{"start":{"line":46,"column":8},"end":{"line":46,"column":33}},"3":{"start":{"line":50,"column":8},"end":{"line":50,"column":47}},"4":{"start":{"line":51,"column":8},"end":{"line":51,"column":19}},"5":{"start":{"line":55,"column":8},"end":{"line":55,"column":42}},"6":{"start":{"line":59,"column":8},"end":{"line":59,"column":43}},"7":{"start":{"line":60,"column":8},"end":{"line":60,"column":19}},"8":{"start":{"line":64,"column":8},"end":{"line":64,"column":43}},"9":{"start":{"line":65,"column":8},"end":{"line":65,"column":80}},"10":{"start":{"line":66,"column":8},"end":{"line":66,"column":19}},"11":{"start":{"line":70,"column":8},"end":{"line":70,"column":86}},"12":{"start":{"line":71,"column":8},"end":{"line":71,"column":19}},"13":{"start":{"line":75,"column":8},"end":{"line":75,"column":91}},"14":{"start":{"line":76,"column":8},"end":{"line":76,"column":19}},"15":{"start":{"line":80,"column":8},"end":{"line":80,"column":77}},"16":{"start":{"line":81,"column":8},"end":{"line":81,"column":78}},"17":{"start":{"line":83,"column":8},"end":{"line":83,"column":56}},"18":{"start":{"line":84,"column":8},"end":{"line":84,"column":62}},"19":{"start":{"line":85,"column":8},"end":{"line":85,"column":48}},"20":{"start":{"line":89,"column":8},"end":{"line":89,"column":72}},"21":{"start":{"line":91,"column":8},"end":{"line":91,"column":46}},"22":{"start":{"line":92,"column":8},"end":{"line":92,"column":58}},"23":{"start":{"line":93,"column":8},"end":{"line":93,"column":50}},"24":{"start":{"line":97,"column":8},"end":{"line":97,"column":74}},"25":{"start":{"line":99,"column":8},"end":{"line":99,"column":45}},"26":{"start":{"line":100,"column":8},"end":{"line":100,"column":57}},"27":{"start":{"line":101,"column":8},"end":{"line":101,"column":49}},"28":{"start":{"line":105,"column":8},"end":{"line":105,"column":75}},"29":{"start":{"line":106,"column":8},"end":{"line":106,"column":75}},"30":{"start":{"line":108,"column":8},"end":{"line":108,"column":42}},"31":{"start":{"line":109,"column":8},"end":{"line":109,"column":44}},"32":{"start":{"line":113,"column":8},"end":{"line":113,"column":29}},"33":{"start":{"line":114,"column":8},"end":{"line":114,"column":82}},"34":{"start":{"line":130,"column":8},"end":{"line":130,"column":19}},"35":{"start":{"line":131,"column":8},"end":{"line":131,"column":23}},"36":{"start":{"line":132,"column":8},"end":{"line":132,"column":27}},"37":{"start":{"line":139,"column":8},"end":{"line":139,"column":20}},"38":{"start":{"line":146,"column":8},"end":{"line":146,"column":22}},"39":{"start":{"line":153,"column":8},"end":{"line":153,"column":24}}},"branchMap":{"1":{"line":80,"type":"if","locations":[{"start":{"line":80,"column":8},"end":{"line":80,"column":8}},{"start":{"line":80,"column":8},"end":{"line":80,"column":8}}]},"2":{"line":81,"type":"if","locations":[{"start":{"line":81,"column":8},"end":{"line":81,"column":8}},{"start":{"line":81,"column":8},"end":{"line":81,"column":8}}]},"3":{"line":89,"type":"if","locations":[{"start":{"line":89,"column":8},"end":{"line":89,"column":8}},{"start":{"line":89,"column":8},"end":{"line":89,"column":8}}]},"4":{"line":97,"type":"if","locations":[{"start":{"line":97,"column":8},"end":{"line":97,"column":8}},{"start":{"line":97,"column":8},"end":{"line":97,"column":8}}]},"5":{"line":105,"type":"if","locations":[{"start":{"line":105,"column":8},"end":{"line":105,"column":8}},{"start":{"line":105,"column":8},"end":{"line":105,"column":8}}]},"6":{"line":106,"type":"if","locations":[{"start":{"line":106,"column":8},"end":{"line":106,"column":8}},{"start":{"line":106,"column":8},"end":{"line":106,"column":8}}]}}},"contracts/masset/mGLD.sol":{"l":{},"path":"/home/alex/projects/stability-labs/mstable/mstable-contracts/contracts/masset/mGLD.sol","s":{},"b":{},"f":{"1":3},"fnMap":{"1":{"name":"constructor","line":14,"loc":{"start":{"line":14,"column":4},"end":{"line":35,"column":5}}}},"statementMap":{},"branchMap":{}},"contracts/masset/mUSD.sol":{"l":{},"path":"/home/alex/projects/stability-labs/mstable/mstable-contracts/contracts/masset/mUSD.sol","s":{},"b":{},"f":{"1":3},"fnMap":{"1":{"name":"constructor","line":14,"loc":{"start":{"line":14,"column":4},"end":{"line":34,"column":5}}}},"statementMap":{},"branchMap":{}},"contracts/masset/shared/MassetStructs.sol":{"l":{},"path":"/home/alex/projects/stability-labs/mstable/mstable-contracts/contracts/masset/shared/MassetStructs.sol","s":{},"b":{},"f":{},"fnMap":{},"statementMap":{},"branchMap":{}},"contracts/nexus/Nexus.sol":{"l":{"82":9,"83":9,"84":9,"85":9,"87":9,"88":27,"91":9,"92":9,"93":9,"102":9,"103":9,"118":0,"119":0,"120":0,"121":0,"122":0,"123":0,"125":0,"126":0,"127":0,"137":0,"138":0,"139":0,"140":0,"150":0,"160":0,"161":0,"163":0,"164":0,"173":0,"174":0,"175":0,"176":0,"186":27,"188":27,"189":27,"190":0,"192":27,"193":27,"194":27,"195":27,"210":0,"211":0,"213":0,"215":0,"216":0,"226":0,"227":0,"228":0,"238":0,"239":0,"240":0,"241":0,"254":0,"255":0,"256":0,"265":0,"274":0,"275":0,"276":0},"path":"/home/alex/projects/stability-labs/mstable/mstable-contracts/contracts/nexus/Nexus.sol","s":{"1":9,"2":9,"3":9,"4":9,"5":9,"6":27,"7":9,"8":9,"9":0,"10":9,"11":9,"12":0,"13":0,"14":0,"15":0,"16":0,"17":0,"18":0,"19":0,"20":0,"21":0,"22":0,"23":0,"24":0,"25":0,"26":0,"27":0,"28":0,"29":0,"30":0,"31":0,"32":27,"33":27,"34":27,"35":0,"36":27,"37":27,"38":27,"39":27,"40":0,"41":0,"42":0,"43":0,"44":0,"45":0,"46":0,"47":0,"48":0,"49":0,"50":0,"51":0,"52":0,"53":0,"54":0,"55":0,"56":0},"b":{"1":[9,0],"2":[9,0],"3":[9,0],"4":[0,9],"5":[9,0],"6":[0,0],"7":[0,0],"8":[0,0],"9":[0,0],"10":[0,0],"11":[0,0],"12":[0,0],"13":[0,0],"14":[27,0],"15":[0,27],"16":[0,0],"17":[0,0],"18":[0,0],"19"
[...]
":{"line":80,"column":39}}},"5":{"name":"contains","line":96,"loc":{"start":{"line":96,"column":4},"end":{"line":99,"column":20}}},"6":{"name":"remove","line":108,"loc":{"start":{"line":108,"column":4},"end":{"line":109,"column":14}}}},"statementMap":{"1":{"start":{"line":29,"column":8},"end":{"line":29,"column":848}},"2":{"start":{"line":30,"column":12},"end":{"line":30,"column":29}},"3":{"start":{"line":31,"column":12},"end":{"line":31,"column":18}},"4":{"start":{"line":34,"column":8},"end":{"line":34,"column":947}},"5":{"start":{"line":35,"column":12},"end":{"line":35,"column":31}},"6":{"start":{"line":38,"column":8},"end":{"line":38,"column":39}},"7":{"start":{"line":49,"column":8},"end":{"line":49,"column":37}},"8":{"start":{"line":50,"column":8},"end":{"line":50,"column":39}},"9":{"start":{"line":51,"column":8},"end":{"line":51,"column":62}},"10":{"start":{"line":52,"column":8},"end":{"line":52,"column":59}},"11":{"start":{"line":54,"column":8},"end":{"line":54,"column":1661}},"12":{"start":{"line":55,"column":12},"end":{"line":55,"column":41}},"13":{"start":{"line":69,"column":8},"end":{"line":69,"column":38}},"14":{"start":{"line":81,"column":8},"end":{"line":81,"column":47}},"15":{"start":{"line":83,"column":8},"end":{"line":83,"column":2548}},"16":{"start":{"line":84,"column":12},"end":{"line":84,"column":54}},"17":{"start":{"line":87,"column":8},"end":{"line":87,"column":21}},"18":{"start":{"line":100,"column":8},"end":{"line":100,"column":52}},"19":{"start":{"line":110,"column":8},"end":{"line":110,"column":3401}},"20":{"start":{"line":111,"column":12},"end":{"line":111,"column":36}}},"branchMap":{"1":{"line":29,"type":"if","locations":[{"start":{"line":29,"column":8},"end":{"line":29,"column":8}},{"start":{"line":29,"column":8},"end":{"line":29,"column":8}}]},"2":{"line":34,"type":"if","locations":[{"start":{"line":34,"column":8},"end":{"line":34,"column":8}},{"start":{"line":34,"column":8},"end":{"line":34,"column":8}}]},"3":{"line":51,"type":"if","locations":[{"start":{"line":51,"column":8},"end":{"line":51,"column":8}},{"start":{"line":51,"column":8},"end":{"line":51,"column":8}}]},"4":{"line":52,"type":"if","locations":[{"start":{"line":52,"column":8},"end":{"line":52,"column":8}},{"start":{"line":52,"column":8},"end":{"line":52,"column":8}}]},"5":{"line":110,"type":"if","locations":[{"start":{"line":110,"column":8},"end":{"line":110,"column":8}},{"start":{"line":110,"column":8},"end":{"line":110,"column":8}}]}}},"contracts/shared/libs/Set.sol":{"l":{"22":0,"23":0,"24":0,"33":0,"34":0,"35":0,"36":0,"37":0,"38":0,"55":0,"56":0,"57":0,"66":0,"67":0,"68":0,"69":0,"70":0,"71":0},"path":"/home/alex/projects/stability-labs/mstable/mstable-contracts/contracts/shared/libs/Set.sol","s":{"1":0,"2":0,"3":0,"4":0,"5":0,"6":0,"7":0,"8":0,"9":0,"10":0,"11":0,"12":0,"13":0,"14":0,"15":0,"16":0,"17":0,"18":0},"b":{"1":[0,0],"2":[0,0],"3":[0,0],"4":[0,0],"5":[0,0],"6":[0,0]},"f":{"1":0,"2":0,"3":0,"4":0},"fnMap":{"1":{"name":"add","line":21,"loc":{"start":{"line":21,"column":4},"end":{"line":21,"column":61}}},"2":{"name":"remove","line":32,"loc":{"start":{"line":32,"column":4},"end":{"line":32,"column":64}}},"3":{"name":"add","line":54,"loc":{"start":{"line":54,"column":4},"end":{"line":54,"column":61}}},"4":{"name":"remove","line":65,"loc":{"start":{"line":65,"column":4},"end":{"line":65,"column":64}}}},"statementMap":{"1":{"start":{"line":22,"column":8},"end":{"line":22,"column":38}},"2":{"start":{"line":22,"column":31},"end":{"line":22,"column":37}},"3":{"start":{"line":23,"column":8},"end":{"line":23,"column":30}},"4":{"start":{"line":24,"column":8},"end":{"line":24,"column":31}},"5":{"start":{"line":33,"column":8},"end":{"line":33,"column":39}},"6":{"start":{"line":33,"column":32},"end":{"line":33,"column":38}},"7":{"start":{"line":35,"column":8},"end":{"line":35,"column":1039}},"8":{"start":{"line":36,"column":12},"end":{"line":36,"column":1102}},"9":{"start":{"line":37,"column":16},"end":{"line":37,"column":67}},"10":{"start":{"line":55,"column":8},"end":{"line":55,"column":38}},"11":{"start":{"line":55,"column":31},"end":{"line":55,"column":37}},"12":{"start":{"line":56,"column":8},"end":{"line":56,"column":30}},"13":{"start":{"line":57,"column":8},"end":{"line":57,"column":31}},"14":{"start":{"line":66,"column":8},"end":{"line":66,"column":39}},"15":{"start":{"line":66,"column":32},"end":{"line":66,"column":38}},"16":{"start":{"line":68,"column":8},"end":{"line":68,"column":2168}},"17":{"start":{"line":69,"column":12},"end":{"line":69,"column":2231}},"18":{"start":{"line":70,"column":16},"end":{"line":70,"column":67}}},"branchMap":{"1":{"line":22,"type":"if","locations":[{"start":{"line":22,"column":8},"end":{"line":22,"column":8}},{"start":{"line":22,"column":8},"end":{"line":22,"column":8}}]},"2":{"line":33,"type":"if","locations":[{"start":{"line":33,"column":8},"end":{"line":33,"column":8}},{"start":{"line":33,"column":8},"end":{"line":33,"column":8}}]},"3":{"line":36,"type":"if","locations":[{"start":{"line":36,"column":12},"end":{"line":36,"column":12}},{"start":{"line":36,"column":12},"end":{"line":36,"column":12}}]},"4":{"line":55,"type":"if","locations":[{"start":{"line":55,"column":8},"end":{"line":55,"column":8}},{"start":{"line":55,"column":8},"end":{"line":55,"column":8}}]},"5":{"line":66,"type":"if","locations":[{"start":{"line":66,"column":8},"end":{"line":66,"column":8}},{"start":{"line":66,"column":8},"end":{"line":66,"column":8}}]},"6":{"line":69,"type":"if","locations":[{"start":{"line":69,"column":12},"end":{"line":69,"column":12}},{"start":{"line":69,"column":12},"end":{"line":69,"column":12}}]}}},"contracts/shared/math/StableMath.sol":{"l":{"22":84,"25":0,"28":21,"37":0,"38":0,"43":0,"44":0,"49":0,"50":0,"52":0,"53":0,"59":0,"60":0,"69":0,"74":80,"75":80,"80":73,"81":73,"86":133,"87":17,"89":116,"90":116,"95":45,"96":45,"101":0,"106":0,"107":0,"108":0,"115":62,"116":62,"121":15,"122":15,"128":0,"129":0,"134":0,"139":0,"144":0,"153":45,"158":0,"159":0,"160":0,"165":0,"166":0},"path":"/home/alex/projects/stability-labs/mstable/mstable-contracts/contracts/shared/math/StableMath.sol","s":{"1":84,"2":0,"3":21,"4":0,"5":0,"6":0,"7":0,"8":0,"9":0,"10":0,"11":0,"12":0,"13":0,"14":0,"15":80,"16":80,"17":73,"18":73,"19":133,"20":17,"21":116,"22":116,"23":45,"24":45,"25":0,"26":0,"27":0,"28":0,"29":62,"30":62,"31":15,"32":15,"33":0,"34":0,"35":0,"36":0,"37":0,"38":45,"39":0,"40":0,"41":0,"42":0,"43":0},"b":{"1":[0,0],"2":[0,0],"3":[0,0],"4":[0,0],"5":[0,0],"6":[80,0],"7":[73,0],"8":[17,116],"9":[116,0],"10":[62,0],"11":[0,0]},"f":{"1":84,"2":0,"3":21,"4":0,"5":0,"6":0,"7":0,"8":0,"9":80,"10":73,"11":133,"12":45,"13":0,"14":0,"15":62,"16":15,"17":0,"18":0,"19":0,"20":0,"21":45,"22":0,"23":0},"fnMap":{"1":{"name":"getScale","line":21,"loc":{"start":{"line":21,"column":4},"end":{"line":21,"column":53}}},"2":{"name":"getPercent","line":24,"loc":{"start":{"line":24,"column":4},"end":{"line":24,"column":55}}},"3":{"name":"getRatio","line":27,"loc":{"start":{"line":27,"column":4},"end":{"line":27,"column":53}}},"4":{"name":"add","line":36,"loc":{"start":{"line":36,"column":4},"end":{"line":36,"column":68}}},"5":{"name":"sub","line":42,"loc":{"start":{"line":42,"column":4},"end":{"line":42,"column":67}}},"6":{"name":"mul","line":48,"loc":{"start":{"line":48,"column":4},"end":{"line":48,"column":68}}},"7":{"name":"div","line":58,"loc":{"start":{"line":58,"column":4},"end":{"line":58,"column":68}}},"8":{"name":"scale","line":68,"loc":{"start":{"line":68,"column":4},"end":{"line":68,"column":61}}},"9":{"name":"add","line":73,"loc":{"start":{"line":73,"column":4},"end":{"line":73,"column":70}}},"10":{"name":"sub","line":79,"loc":{"start":{"line":79,"column":4},"end":{"line":79,"column":70}}},"11":{"name":"mul","line":85,"loc":{"start":{"line":85,"column":4},"end":{"line":85,"column":70}}},"12":{"name":"mulTruncate","line":94,"loc":{"start":{"line":94,"column":4},"end":{"line":94,"column":94}}},"13":{"name":"mulTruncate","line":100,"loc":{"start":{"line":100,"column":4},"end":{"line":100,"column":77}}},"14":{"name":"mulTruncateCeil","line":105,"loc":{"start":{"line":105,"column":4},"end":{"line":105,"column":81}}},"15":{"name":"div","line":114,"loc":{"start":{"line":114,"column":4},"end":{"line":114,"column":70}}},"16":{"name":"divPrecisely","line":120,"loc":{"start":{"line":120,"column":4},"end":{"line":120,"column":79}}},"17":{"name":"mod","line":127,"loc":{"start":{"line":127,"column":4},"end":{"line":127,"column":68}}},"18":{"name":"min","line":133,"loc":{"start":{"line":133,"column":4},"end":{"line":133,"column":68}}},"19":{"name":"max","line":138,"loc":{"start":{"line":138,"column":4},"end":{"line":138,"column":68}}},"20":{"name":"clamp","line":143,"loc":{"start":{"line":143,"column":4},"end":{"line":143,"column":72}}},"21":{"name":"mulRatioTruncate","line":152,"loc":{"start":{"line":152,"column":4},"end":{"line":152,"column":86}}},"22":{"name":"mulRatioTruncateCeil","line":157,"loc":{"start":{"line":157,"column":4},"end":{"line":157,"column":90}}},"23":{"name":"divRatioPrecisely","line":164,"loc":{"start":{"line":164,"column":4},"end":{"line":164,"column":87}}}},"statementMap":{"1":{"start":{"line":22,"column":8},"end":{"line":22,"column":24}},"2":{"start":{"line":25,"column":8},"end":{"line":25,"column":27}},"3":{"start":{"line":28,"column":8},"end":{"line":28,"column":25}},"4":{"start":{"line":37,"column":8},"end":{"line":37,"column":16}},"5":{"start":{"line":38,"column":8},"end":{"line":38,"column":55}},"6":{"start":{"line":43,"column":8},"end":{"line":43,"column":58}},"7":{"start":{"line":44,"column":8},"end":{"line":44,"column":16}},"8":{"start":{"line":49,"column":8},"end":{"line":49,"column":1782}},"9":{"start":{"line":50,"column":12},"end":{"line":50,"column":20}},"10":{"start":{"line":52,"column":8},"end":{"line":52,"column":16}},"11":{"start":{"line":53,"column":8},"end":{"line":53,"column":65}},"12":{"start":{"line":59,"column":8},"end":{"line":59,"column":53}},"13":{"start":{"line":60,"column":8},"end":{"line":60,"column":16}},"14":{"start":{"line":69,"column":8},"end":{"line":69,"column":32}},"15":{"start":{"line":74,"column":8},"end":{"line":74,"column":16}},"16":{"start":{"line":75,"column":8},"end":{"line":75,"column":55}},"17":{"start":{"line":80,"column":8},"end":{"line":80,"column":58}},"18":{"start":{"line":81,"column":8},"end":{"line":81,"column":16}},"19":{"start":{"line":86,"column":8},"end":{"line":86,"column":3174}},"20":{"start":{"line":87,"column":12},"end":{"line":87,"column":20}},"21":{"start":{"line":89,"column":8},"end":{"line":89,"column":16}},"22":{"start":{"line":90,"column":8},"end":{"line":90,"column":65}},"23":{"start":{"line":95,"column":8},"end":{"line":95,"column":29}},"24":{"start":{"line":96,"column":8},"end":{"line":96,"column":25}},"25":{"start":{"line":101,"column":8},"end":{"line":101,"column":43}},"26":{"start":{"line":106,"column":8},"end":{"line":106,"column":34}},"27":{"start":{"line":107,"column":8},"end":{"line":107,"column":53}},"28":{"start":{"line":108,"column":8},"end":{"line":108,"column":31}},"29":{"start":{"line":115,"column":8},"end":{"line":115,"column":53}},"30":{"start":{"line":116,"column":8},"end":{"line":116,"column":16}},"31":{"start":{"line":121,"column":8},"end":{"line":121,"column":37}},"32":{"start":{"line":122,"column":8},"end":{"line":122,"column":20}},"33":{"start":{"line":128,"column":8},"end":{"line":128,"column":52}},"34":{"start":{"line":129,"column":8},"end":{"line":129,"column":20}},"35":{"start":{"line":134,"column":8},"end":{"line":134,"column":28}},"36":{"start":{"line":139,"column":8},"end":{"line":139,"column":28}},"37":{"start":{"line":144,"column":8},"end":{"line":144,"column":46}},"38":{"start":{"line":153,"column":8},"end":{"line":153,"column":48}},"39":{"start":{"line":158,"column":8},"end":{"line":158,"column":38}},"40":{"start":{"line":159,"column":8},"end":{"line":159,"column":54}},"41":{"start":{"line":160,"column":8},"end":{"line":160,"column":32}},"42":{"start":{"line":165,"column":8},"end":{"line":165,"column":38}},"43":{"start":{"line":166,"column":8},"end":{"line":166,"column":24}}},"branchMap":{"1":{"line":38,"type":"if","locations":[{"start":{"line":38,"column":8},"end":{"line":38,"column":8}},{"start":{"line":38,"column":8},"end":{"line":38,"column":8}}]},"2":{"line":43,"type":"if","locations":[{"start":{"line":43,"column":8},"end":{"line":43,"column":8}},{"start":{"line":43,"column":8},"end":{"line":43,"column":8}}]},"3":{"line":49,"type":"if","locations":[{"start":{"line":49,"column":8},"end":{"line":49,"column":8}},{"start":{"line":49,"column":8},"end":{"line":49,"column":8}}]},"4":{"line":53,"type":"if","locations":[{"start":{"line":53,"column":8},"end":{"line":53,"column":8}},{"start":{"line":53,"column":8},"end":{"line":53,"column":8}}]},"5":{"line":59,"type":"if","locations":[{"start":{"line":59,"column":8},"end":{"line":59,"column":8}},{"start":{"line":59,"column":8},"end":{"line":59,"column":8}}]},"6":{"line":75,"type":"if","locations":[{"start":{"line":75,"column":8},"end":{"line":75,"column":8}},{"start":{"line":75,"column":8},"end":{"line":75,"column":8}}]},"7":{"line":80,"type":"if","locations":[{"start":{"line":80,"column":8},"end":{"line":80,"column":8}},{"start":{"line":80,"column":8},"end":{"line":80,"column":8}}]},"8":{"line":86,"type":"if","locations":[{"start":{"line":86,"column":8},"end":{"line":86,"column":8}},{"start":{"line":86,"column":8},"end":{"line":86,"column":8}}]},"9":{"line":90,"type":"if","locations":[{"start":{"line":90,"column":8},"end":{"line":90,"column":8}},{"start":{"line":90,"column":8},"end":{"line":90,"column":8}}]},"10":{"line":115,"type":"if","locations":[{"start":{"line":115,"column":8},"end":{"line":115,"column":8}},{"start":{"line":115,"column":8},"end":{"line":115,"column":8}}]},"11":{"line":128,"type":"if","locations":[{"start":{"line":128,"column":8},"end":{"line":128,"column":8}},{"start":{"line":128,"column":8},"end":{"line":128,"column":8}}]}}},"contracts/shared/Module.sol":{"l":{"16":46,"20":3,"21":3,"25":0,"26":0,"30":0,"31":0,"38":3,"46":0,"54":0,"61":0,"68":0,"75":0,"83":0},"path":"/home/alex/projects/stability-labs/mstable/mstable-contracts/contracts/shared/Module.sol","s":{"1":46,"2":3,"3":0,"4":0,"5":3,"6":0,"7":0,"8":0,"9":0,"10":0,"11":0},"b":{"1":[3,0],"2":[0,0],"3":[0,0]},"f":{"1":46,"2":3,"3":0,"4":0,"5":3,"6":0,"7":0,"8":0,"9":0,"10":0,"11":0},"fnMap":{"1":{"name":"constructor","line":15,"loc":{"start":{"line":15,"column":4},"end":{"line":15,"column":38}}},"2":{"name":"onlyGovernor","line":19,"loc":{"start":{"line":19,"column":4},"end":{"line":19,"column":25}}},"3":{"name":"onlyGovernance","line":24,"loc":{"start":{"line":24,"column":4},"end":{"line":24,"column":27}}},"4":{"name":"onlyManager","line":29,"loc":{"start":{"line":29,"column":4},"end":{"line":29,"column":24}}},"5":{"name":"_governor","line":34,"loc":{"start":{"line":34,"column":4},"end":{"line":37,"column":23}}},"6":{"name":"_governance","line":42,"loc":{"start":{"line":42,"column":4},"end":{"line":45,"column":23}}},"7":{"name":"_staking","line":50,"loc":{"start":{"line":50,"column":4},"end":{"line":53,"column":23}}},"8":{"name":"_systok","line":57,"loc":{"start":{"line":57,"column":4},"end":{"line":60,"column":23}}},"9":{"name":"_oracleHub","line":64,"loc":{"start":{"line":64,"column":4},"end":{"line":67,"column":23}}},"10":{"name":"_manager","line":71,"loc":{"start":{"line":71,"column":4},"end":{"line":74,"column":23}}},"11":{"name":"_recollateraliser","line":79,"loc":{"start":{"line":79,"column":4},"end":{"line":82,"column":23}}}},"statementMap":{"1":{"start":{"line":16,"column":8},"end":{"line":16,"column":29}},"2":{"start":{"line":20,"column":8},"end":{"line":20,"column":70}},"3":{"start":{"line":25,"column":8},"end":{"line":25,"column":103}},"4":{"start":{"line":30,"column":8},"end":{"line":30,"column":68}},"5":{"start":{"line":38,"column":8},"end":{"line":38,"column":31}},"6":{"start":{"line":46,"column":8},"end":{"line":46,"column":46}},"7":{"start":{"line":54,"column":8},"end":{"line":54,"column":43}},"8":{"start":{"line":61,"column":8},"end":{"line":61,"column":42}},"9":{"start":{"line":68,"column":8},"end":{"line":68,"column":45}},"10":{"start":{"line":75,"column":8},"end":{"line":75,"column":43}},"11":{"start":{"line":83,"column":8},"end":{"line":83,"column":52}}},"branchMap":{"1":{"line":20,"type":"if","locations":[{"start":{"line":20,"column":8},"end":{"line":20,"column":8}},{"start":{"line":20,"column":8},"end":{"line":20,"column":8}}]},"2":{"line":25,"type":"if","locations":[{"start":{"line":25,"column":8},"end":{"line":25,"column":8}},{"start":{"line":25,"column":8},"end":{"line":25,"column":8}}]},"3":{"line":30,"type":"if","locations":[{"start":{"line":30,"column":8},"end":{"line":30,"column":8}},{"start":{"line":30,"column":8},"end":{"line":30,"column":8}}]}}},"contracts/shared/ModuleKeys.sol":{"l":{},"path":"/home/alex/projects/stability-labs/mstable/mstable-contracts/contracts/shared/ModuleKeys.sol","s":{},"b":{},"f":{},"fnMap":{},"statementMap":{},"branchMap":{}},"contracts/systok/MetaToken.sol":{"l":{"17":0,"18":0,"22":0,"23":0,"27":0,"28":0,"29":0,"34":0,"35":0,"36":0,"51":0,"52":0,"76":11,"77":11},"path":"/home/alex/projects/stability-labs/mstable/mstable-contracts/contracts/systok/MetaToken.sol","s":{"1":0,"2":0,"3":0,"4":0,"5":0,"6":0,"7":0,"8":0,"9":0,"10":0,"11":0,"12":11,"13":11},"b":{"1":[0,0],"2":[0,0],"3":[0,0],"4":[0,0]},"f":{"1":0,"2":0,"3":0,"4":0,"5":0,"6":11},"fnMap":{"1":{"name":"onlyMinter","line":16,"loc":{"start":{"line":16,"column":4},"end":{"line":16,"column":23}}},"2":{"name":"isMinter","line":21,"loc":{"start":{"line":21,"column":4},"end":{"line":21,"column":63}}},"3":{"name":"_addMinter","line":26,"loc":{"start":{"line":26,"column":4},"end":{"line":26,"column":47}}},"4":{"name":"_removeMinter","line":33,"loc":{"start":{"line":33,"column":4},"end":{"line":33,"column":50}}},"5":{"name":"mint","line":50,"loc":{"start":{"line":50,"column":4},"end":{"line":50,"column":81}}},"6":{"name":"constructor","line":66,"loc":{"start":{"line":66,"column":4},"end":{"line":75,"column":5}}}},"statementMap":{"1":{"start":{"line":17,"column":8},"end":{"line":17,"column":88}},"2":{"start":{"line":22,"column":8},"end":{"line":22,"column":75}},"3":{"start":{"line":23,"column":8},"end":{"line":23,"column":32}},"4":{"start":{"line":27,"column":8},"end":{"line":27,"column":941}},"5":{"start":{"line":28,"column":12},"end":{"line":28,"column":35}},"6":{"start":{"line":29,"column":12},"end":{"line":29,"column":37}},"7":{"start":{"line":34,"column":8},"end":{"line":34,"column":1122}},"8":{"start":{"line":35,"column":12},"end":{"line":35,"column":36}},"9":{"start":{"line":36,"column":12},"end":{"line":36,"column":39}},"10":{"start":{"line":51,"column":8},"end":{"line":51,"column":29}},"11":{"start":{"line":52,"column":8},"end":{"line":52,"column":19}},"12":{"start":{"line":76,"column":8},"end":{"line":76,"column":51}},"13":{"start":{"line":77,"column":8},"end":{"line":77,"column":46}}},"branchMap":{"1":{"line":17,"type":"if","locations":[{"start":{"line":17,"column":8},"end":{"line":17,"column":8}},{"start":{"line":17,"column":8},"end":{"line":17,"column":8}}]},"2":{"line":22,"type":"if","locations":[{"start":{"line":22,"column":8},"end":{"line":22,"column":8}},{"start":{"line":22,"column":8},"end":{"line":22,"column":8}}]},"3":{"line":27,"type":"if","locations":[{"start":{"line":27,"column":8},"end":{"line":27,"column":8}},{"start":{"line":27,"column":8},"end":{"line":27,"column":8}}]},"4":{"line":34,"type":"if","locations":[{"start":{"line":34,"column":8},"end":{"line":34,"column":8}},{"start":{"line":34,"column":8},"end":{"line":34,"column":8}}]}}},"contracts/systok/Systok.sol":{"l":{},"path":"/home/alex/projects/stability-labs/mstable/mstable-contracts/contracts/systok/Systok.sol","s":{},"b":{},"f":{"1":11},"fnMap":{"1":{"name":"constructor","line":27,"loc":{"start":{"line":27,"column":4},"end":{"line":34,"column":5}}}},"statementMap":{},"branchMap":{}}}